<?xml version="1.0" encoding="UTF-8"?>
<testsuites name="UserModule" time="376" tests="12" failures="2" errors="0">
   <testsuite name="UserModule" tests="12" failures="2" errors="0" time="376" timestamp="2018-01-03 13:54:51" hostname="1aroo - MainPC" id="Test Suites/UserModule">
      <properties>
         <property name="deviceName" value=""/>
         <property name="devicePlatform" value=""/>
         <property name="logFolder" value="C:\\Users\\1aroo\\Katalon Studio\\123\\Reports\\UserModule\\20180103_135448"/>
         <property name="logFiles" value="C:\\Users\\1aroo\\Katalon Studio\\123\\Reports\\UserModule\\20180103_135448\\execution0.log"/>
         <property name="attachments" value="C:\\Users\\1aroo\\Katalon Studio\\123\\Reports\\UserModule\\20180103_135448\\1514976998889.png, C:\\Users\\1aroo\\Katalon Studio\\123\\Reports\\UserModule\\20180103_135448\\1514977144849.png"/>
         <property name="hostName" value="1aroo - MainPC"/>
         <property name="os" value="Windows 10 64bit"/>
         <property name="katalonVersion" value="5.2.0.1"/>
         <property name="browser" value="Chrome 63.0.3239.108"/>
         <property name="hostAddress" value="192.168.100.6"/>
         <property name="sessionId" value="9b347462a1719a08cc410586a0f6e0d2"/>
         <property name="seleniumVersion" value="3.7.1"/>
         <property name="proxyInformation" value="ProxyInformation{proxyOption=NO_PROXY, proxyServerType=HTTP, password=, proxyServerAddress=, proxyServerPort=0}"/>
         <property name="platform" value="Windows 10"/>
      </properties>
      <testcase name="Test Cases/UsersModule/Create/Create user with empty name" classname="Test Cases/UsersModule/Create/Create user with empty name" status="PASSED">
         <system-out><![CDATA[2018-01-03 13:54:52 - [TEST_CASE][PASSED] - Test Cases/UsersModule/Create/Create user with empty name: Test Cases/UsersModule/Create/Create user with empty name

2018-01-03 13:54:53 - [TEST_STEP][PASSED] - callTestCase: Call Test Case 'Test Cases/UsersModule/Enter Users Module' successfully

2018-01-03 13:54:53 - [TEST_CASE][PASSED] - Test Cases/UsersModule/Enter Users Module: Test Cases/UsersModule/Enter Users Module

2018-01-03 13:54:53 - [TEST_STEP][PASSED] - callTestCase: Call Test Case 'Test Cases/Work/Valid login' successfully

2018-01-03 13:54:53 - [TEST_CASE][PASSED] - Test Cases/Work/Valid login: Test Cases/Work/Valid login

2018-01-03 13:54:53 - [TEST_STEP][PASSED] - openBrowser: Browser is opened with url: 'https://system.misnik.by:8484/index.php'

2018-01-03 13:54:58 - [MESSAGE][PASSED] - Browser is opened with url: 'https://system.misnik.by:8484/index.php'

2018-01-03 13:54:58 - [TEST_STEP][PASSED] - verifyTextPresent: Text 'Вход' is present on page 

2018-01-03 13:54:58 - [MESSAGE][PASSED] - Text 'Вход' is present on page 

2018-01-03 13:54:58 - [TEST_STEP][PASSED] - setText: Text 'TaushevIS' is set on object 'Object Repository/GIAP-DC/loginPage/input_username'

2018-01-03 13:54:58 - [MESSAGE][PASSED] - Text 'TaushevIS' is set on object 'Object Repository/GIAP-DC/loginPage/input_username'

2018-01-03 13:54:58 - [TEST_STEP][PASSED] - setText: Text 'tMYPHSIa' is set on object 'Object Repository/GIAP-DC/loginPage/input_password'

2018-01-03 13:54:58 - [MESSAGE][PASSED] - Text 'tMYPHSIa' is set on object 'Object Repository/GIAP-DC/loginPage/input_password'

2018-01-03 13:54:58 - [TEST_STEP][PASSED] - click: Object: 'Object Repository/GIAP-DC/loginPage/loginButton' is clicked on

2018-01-03 13:55:01 - [MESSAGE][PASSED] - Object: 'Object Repository/GIAP-DC/loginPage/loginButton' is clicked on

2018-01-03 13:55:01 - [TEST_STEP][PASSED] - verifyTextPresent: Text 'Главная' is present on page 

2018-01-03 13:55:01 - [MESSAGE][PASSED] - Text 'Главная' is present on page 

2018-01-03 13:55:01 - [MESSAGE][PASSED] - Call Test Case 'Test Cases/Work/Valid login' successfully

2018-01-03 13:55:01 - [TEST_STEP][PASSED] - delay: Delayed 3 second(s)

2018-01-03 13:55:04 - [MESSAGE][PASSED] - Delayed 3 second(s)

2018-01-03 13:55:04 - [TEST_STEP][PASSED] - click: Object: 'Object Repository/GIAP-DC/UserModule/ModuleBlock' is clicked on

2018-01-03 13:55:04 - [MESSAGE][PASSED] - Object: 'Object Repository/GIAP-DC/UserModule/ModuleBlock' is clicked on

2018-01-03 13:55:04 - [TEST_STEP][PASSED] - delay: Delayed 3 second(s)

2018-01-03 13:55:07 - [MESSAGE][PASSED] - Delayed 3 second(s)

2018-01-03 13:55:07 - [TEST_STEP][PASSED] - click: Object: 'Object Repository/GIAP-DC/UserModule/UsersModule' is clicked on

2018-01-03 13:55:11 - [MESSAGE][PASSED] - Object: 'Object Repository/GIAP-DC/UserModule/UsersModule' is clicked on

2018-01-03 13:55:11 - [MESSAGE][PASSED] - Call Test Case 'Test Cases/UsersModule/Enter Users Module' successfully

2018-01-03 13:55:11 - [TEST_STEP][PASSED] - delay: Delayed 3 second(s)

2018-01-03 13:55:14 - [MESSAGE][PASSED] - Delayed 3 second(s)

2018-01-03 13:55:14 - [TEST_STEP][PASSED] - click: Object: 'Object Repository/GIAP-DC/UserModule/AddUser' is clicked on

2018-01-03 13:55:14 - [MESSAGE][PASSED] - Object: 'Object Repository/GIAP-DC/UserModule/AddUser' is clicked on

2018-01-03 13:55:14 - [TEST_STEP][PASSED] - delay: Delayed 3 second(s)

2018-01-03 13:55:17 - [MESSAGE][PASSED] - Delayed 3 second(s)

2018-01-03 13:55:17 - [TEST_STEP][PASSED] - verifyTextPresent: Text 'Добавление пользователя' is present on page 

2018-01-03 13:55:18 - [MESSAGE][PASSED] - Text 'Добавление пользователя' is present on page 

2018-01-03 13:55:18 - [TEST_STEP][PASSED] - click: Object: 'Object Repository/GIAP-DC/UserModule/CancelButton' is clicked on

2018-01-03 13:55:18 - [MESSAGE][PASSED] - Object: 'Object Repository/GIAP-DC/UserModule/CancelButton' is clicked on

2018-01-03 13:55:18 - [TEST_STEP][PASSED] - delay: Delayed 3 second(s)

2018-01-03 13:55:22 - [MESSAGE][PASSED] - Delayed 3 second(s)

2018-01-03 13:55:22 - [TEST_STEP][PASSED] - click: Object: 'Object Repository/GIAP-DC/UserModule/AddUser' is clicked on

2018-01-03 13:55:22 - [MESSAGE][PASSED] - Object: 'Object Repository/GIAP-DC/UserModule/AddUser' is clicked on

2018-01-03 13:55:22 - [TEST_STEP][PASSED] - click: Object: 'Object Repository/GIAP-DC/UserModule/Add' is clicked on

2018-01-03 13:55:22 - [MESSAGE][PASSED] - Object: 'Object Repository/GIAP-DC/UserModule/Add' is clicked on

2018-01-03 13:55:22 - [TEST_STEP][PASSED] - verifyElementPresent: Object 'Object Repository/GIAP-DC/UserModule/Error' is present

2018-01-03 13:55:23 - [MESSAGE][PASSED] - Object 'Object Repository/GIAP-DC/UserModule/Error' is present

2018-01-03 13:55:23 - [TEST_STEP][PASSED] - closeBrowser: Browser is closed

2018-01-03 13:55:24 - [MESSAGE][PASSED] - Browser is closed]]></system-out>
         <system-err><![CDATA[]]></system-err>
      </testcase>
      <testcase name="Test Cases/UsersModule/Create/Create existing user" classname="Test Cases/UsersModule/Create/Create existing user" status="PASSED">
         <system-out><![CDATA[2018-01-03 13:55:24 - [TEST_CASE][PASSED] - Test Cases/UsersModule/Create/Create existing user: Test Cases/UsersModule/Create/Create existing user

2018-01-03 13:55:24 - [TEST_STEP][PASSED] - callTestCase: Call Test Case 'Test Cases/UsersModule/Enter Users Module' successfully

2018-01-03 13:55:24 - [TEST_CASE][PASSED] - Test Cases/UsersModule/Enter Users Module: Test Cases/UsersModule/Enter Users Module

2018-01-03 13:55:24 - [TEST_STEP][PASSED] - callTestCase: Call Test Case 'Test Cases/Work/Valid login' successfully

2018-01-03 13:55:24 - [TEST_CASE][PASSED] - Test Cases/Work/Valid login: Test Cases/Work/Valid login

2018-01-03 13:55:24 - [TEST_STEP][PASSED] - openBrowser: Browser is opened with url: 'https://system.misnik.by:8484/index.php'

2018-01-03 13:55:27 - [MESSAGE][PASSED] - Browser is opened with url: 'https://system.misnik.by:8484/index.php'

2018-01-03 13:55:27 - [TEST_STEP][PASSED] - verifyTextPresent: Text 'Вход' is present on page 

2018-01-03 13:55:27 - [MESSAGE][PASSED] - Text 'Вход' is present on page 

2018-01-03 13:55:27 - [TEST_STEP][PASSED] - setText: Text 'TaushevIS' is set on object 'Object Repository/GIAP-DC/loginPage/input_username'

2018-01-03 13:55:27 - [MESSAGE][PASSED] - Text 'TaushevIS' is set on object 'Object Repository/GIAP-DC/loginPage/input_username'

2018-01-03 13:55:27 - [TEST_STEP][PASSED] - setText: Text 'tMYPHSIa' is set on object 'Object Repository/GIAP-DC/loginPage/input_password'

2018-01-03 13:55:28 - [MESSAGE][PASSED] - Text 'tMYPHSIa' is set on object 'Object Repository/GIAP-DC/loginPage/input_password'

2018-01-03 13:55:28 - [TEST_STEP][PASSED] - click: Object: 'Object Repository/GIAP-DC/loginPage/loginButton' is clicked on

2018-01-03 13:55:30 - [MESSAGE][PASSED] - Object: 'Object Repository/GIAP-DC/loginPage/loginButton' is clicked on

2018-01-03 13:55:30 - [TEST_STEP][PASSED] - verifyTextPresent: Text 'Главная' is present on page 

2018-01-03 13:55:30 - [MESSAGE][PASSED] - Text 'Главная' is present on page 

2018-01-03 13:55:30 - [MESSAGE][PASSED] - Call Test Case 'Test Cases/Work/Valid login' successfully

2018-01-03 13:55:30 - [TEST_STEP][PASSED] - delay: Delayed 3 second(s)

2018-01-03 13:55:33 - [MESSAGE][PASSED] - Delayed 3 second(s)

2018-01-03 13:55:33 - [TEST_STEP][PASSED] - click: Object: 'Object Repository/GIAP-DC/UserModule/ModuleBlock' is clicked on

2018-01-03 13:55:33 - [MESSAGE][PASSED] - Object: 'Object Repository/GIAP-DC/UserModule/ModuleBlock' is clicked on

2018-01-03 13:55:33 - [TEST_STEP][PASSED] - delay: Delayed 3 second(s)

2018-01-03 13:55:36 - [MESSAGE][PASSED] - Delayed 3 second(s)

2018-01-03 13:55:36 - [TEST_STEP][PASSED] - click: Object: 'Object Repository/GIAP-DC/UserModule/UsersModule' is clicked on

2018-01-03 13:55:39 - [MESSAGE][PASSED] - Object: 'Object Repository/GIAP-DC/UserModule/UsersModule' is clicked on

2018-01-03 13:55:39 - [MESSAGE][PASSED] - Call Test Case 'Test Cases/UsersModule/Enter Users Module' successfully

2018-01-03 13:55:39 - [TEST_STEP][PASSED] - delay: Delayed 3 second(s)

2018-01-03 13:55:42 - [MESSAGE][PASSED] - Delayed 3 second(s)

2018-01-03 13:55:42 - [TEST_STEP][PASSED] - click: Object: 'Object Repository/GIAP-DC/UserModule/AddUser' is clicked on

2018-01-03 13:55:43 - [MESSAGE][PASSED] - Object: 'Object Repository/GIAP-DC/UserModule/AddUser' is clicked on

2018-01-03 13:55:43 - [TEST_STEP][PASSED] - delay: Delayed 3 second(s)

2018-01-03 13:55:46 - [MESSAGE][PASSED] - Delayed 3 second(s)

2018-01-03 13:55:46 - [TEST_STEP][PASSED] - setText: Text 'TaushevIS' is set on object 'Object Repository/GIAP-DC/UserModule/NameUser'

2018-01-03 13:55:46 - [MESSAGE][PASSED] - Text 'TaushevIS' is set on object 'Object Repository/GIAP-DC/UserModule/NameUser'

2018-01-03 13:55:46 - [TEST_STEP][PASSED] - click: Object: 'Object Repository/GIAP-DC/UserModule/Add' is clicked on

2018-01-03 13:55:46 - [MESSAGE][PASSED] - Object: 'Object Repository/GIAP-DC/UserModule/Add' is clicked on

2018-01-03 13:55:46 - [TEST_STEP][PASSED] - delay: Delayed 3 second(s)

2018-01-03 13:55:49 - [MESSAGE][PASSED] - Delayed 3 second(s)

2018-01-03 13:55:49 - [TEST_STEP][PASSED] - verifyElementPresent: Object 'Object Repository/GIAP-DC/UserModule/Error' is present

2018-01-03 13:55:50 - [MESSAGE][PASSED] - Object 'Object Repository/GIAP-DC/UserModule/Error' is present

2018-01-03 13:55:50 - [TEST_STEP][PASSED] - closeBrowser: Browser is closed

2018-01-03 13:55:50 - [MESSAGE][PASSED] - Browser is closed]]></system-out>
         <system-err><![CDATA[]]></system-err>
      </testcase>
      <testcase name="Test Cases/UsersModule/Create/Create Valid User" classname="Test Cases/UsersModule/Create/Create Valid User" status="PASSED">
         <system-out><![CDATA[2018-01-03 13:55:50 - [TEST_CASE][PASSED] - Test Cases/UsersModule/Create/Create Valid User: Test Cases/UsersModule/Create/Create Valid User

2018-01-03 13:55:50 - [TEST_STEP][PASSED] - callTestCase: Call Test Case 'Test Cases/UsersModule/Enter Users Module' successfully

2018-01-03 13:55:51 - [TEST_CASE][PASSED] - Test Cases/UsersModule/Enter Users Module: Test Cases/UsersModule/Enter Users Module

2018-01-03 13:55:51 - [TEST_STEP][PASSED] - callTestCase: Call Test Case 'Test Cases/Work/Valid login' successfully

2018-01-03 13:55:51 - [TEST_CASE][PASSED] - Test Cases/Work/Valid login: Test Cases/Work/Valid login

2018-01-03 13:55:51 - [TEST_STEP][PASSED] - openBrowser: Browser is opened with url: 'https://system.misnik.by:8484/index.php'

2018-01-03 13:55:53 - [MESSAGE][PASSED] - Browser is opened with url: 'https://system.misnik.by:8484/index.php'

2018-01-03 13:55:53 - [TEST_STEP][PASSED] - verifyTextPresent: Text 'Вход' is present on page 

2018-01-03 13:55:54 - [MESSAGE][PASSED] - Text 'Вход' is present on page 

2018-01-03 13:55:54 - [TEST_STEP][PASSED] - setText: Text 'TaushevIS' is set on object 'Object Repository/GIAP-DC/loginPage/input_username'

2018-01-03 13:55:54 - [MESSAGE][PASSED] - Text 'TaushevIS' is set on object 'Object Repository/GIAP-DC/loginPage/input_username'

2018-01-03 13:55:54 - [TEST_STEP][PASSED] - setText: Text 'tMYPHSIa' is set on object 'Object Repository/GIAP-DC/loginPage/input_password'

2018-01-03 13:55:54 - [MESSAGE][PASSED] - Text 'tMYPHSIa' is set on object 'Object Repository/GIAP-DC/loginPage/input_password'

2018-01-03 13:55:54 - [TEST_STEP][PASSED] - click: Object: 'Object Repository/GIAP-DC/loginPage/loginButton' is clicked on

2018-01-03 13:55:57 - [MESSAGE][PASSED] - Object: 'Object Repository/GIAP-DC/loginPage/loginButton' is clicked on

2018-01-03 13:55:57 - [TEST_STEP][PASSED] - verifyTextPresent: Text 'Главная' is present on page 

2018-01-03 13:55:57 - [MESSAGE][PASSED] - Text 'Главная' is present on page 

2018-01-03 13:55:57 - [MESSAGE][PASSED] - Call Test Case 'Test Cases/Work/Valid login' successfully

2018-01-03 13:55:57 - [TEST_STEP][PASSED] - delay: Delayed 3 second(s)

2018-01-03 13:56:00 - [MESSAGE][PASSED] - Delayed 3 second(s)

2018-01-03 13:56:00 - [TEST_STEP][PASSED] - click: Object: 'Object Repository/GIAP-DC/UserModule/ModuleBlock' is clicked on

2018-01-03 13:56:00 - [MESSAGE][PASSED] - Object: 'Object Repository/GIAP-DC/UserModule/ModuleBlock' is clicked on

2018-01-03 13:56:00 - [TEST_STEP][PASSED] - delay: Delayed 3 second(s)

2018-01-03 13:56:03 - [MESSAGE][PASSED] - Delayed 3 second(s)

2018-01-03 13:56:03 - [TEST_STEP][PASSED] - click: Object: 'Object Repository/GIAP-DC/UserModule/UsersModule' is clicked on

2018-01-03 13:56:05 - [MESSAGE][PASSED] - Object: 'Object Repository/GIAP-DC/UserModule/UsersModule' is clicked on

2018-01-03 13:56:05 - [MESSAGE][PASSED] - Call Test Case 'Test Cases/UsersModule/Enter Users Module' successfully

2018-01-03 13:56:05 - [TEST_STEP][PASSED] - delay: Delayed 3 second(s)

2018-01-03 13:56:08 - [MESSAGE][PASSED] - Delayed 3 second(s)

2018-01-03 13:56:08 - [TEST_STEP][PASSED] - click: Object: 'Object Repository/GIAP-DC/UserModule/AddUser' is clicked on

2018-01-03 13:56:08 - [MESSAGE][PASSED] - Object: 'Object Repository/GIAP-DC/UserModule/AddUser' is clicked on

2018-01-03 13:56:08 - [TEST_STEP][PASSED] - delay: Delayed 3 second(s)

2018-01-03 13:56:11 - [MESSAGE][PASSED] - Delayed 3 second(s)

2018-01-03 13:56:11 - [TEST_STEP][PASSED] - setText: Text 'Test101010' is set on object 'Object Repository/GIAP-DC/UserModule/NameUser'

2018-01-03 13:56:12 - [MESSAGE][PASSED] - Text 'Test101010' is set on object 'Object Repository/GIAP-DC/UserModule/NameUser'

2018-01-03 13:56:12 - [TEST_STEP][PASSED] - click: Object: 'Object Repository/GIAP-DC/UserModule/Add' is clicked on

2018-01-03 13:56:12 - [MESSAGE][PASSED] - Object: 'Object Repository/GIAP-DC/UserModule/Add' is clicked on

2018-01-03 13:56:12 - [TEST_STEP][PASSED] - delay: Delayed 3 second(s)

2018-01-03 13:56:15 - [MESSAGE][PASSED] - Delayed 3 second(s)

2018-01-03 13:56:15 - [TEST_STEP][PASSED] - verifyTextPresent: Text 'Новый пароль для пользователя' is present on page 

2018-01-03 13:56:16 - [MESSAGE][PASSED] - Text 'Новый пароль для пользователя' is present on page 

2018-01-03 13:56:16 - [TEST_STEP][PASSED] - delay: Delayed 3 second(s)

2018-01-03 13:56:19 - [MESSAGE][PASSED] - Delayed 3 second(s)

2018-01-03 13:56:19 - [TEST_STEP][PASSED] - closeBrowser: Browser is closed

2018-01-03 13:56:20 - [MESSAGE][PASSED] - Browser is closed]]></system-out>
         <system-err><![CDATA[]]></system-err>
      </testcase>
      <testcase name="Test Cases/UsersModule/Edit/Delete name" classname="Test Cases/UsersModule/Edit/Delete name" status="FAILED">
         <failure type="FAILED" message="Unable to set text '' of object 'Object Repository/GIAP-DC/UserModule/input_0_1' (Root cause: org.openqa.selenium.InvalidElementStateException: invalid element state: Element is not currently interactable and may not be manipulated
  (Session info: headless chrome=63.0.3239.108)
  (Driver info: chromedriver=2.33.506120 (e3e53437346286c0bc2d2dc9aa4915ba81d9023f),platform=Windows NT 10.0.17025 x86_64) (WARNING: The server did not provide any stacktrace information)
Command duration or timeout: 0 milliseconds
Build info: version: '3.7.1', revision: '8a0099a', time: '2017-11-06T21:07:36.161Z'
System info: host: 'MAINPC', ip: '192.168.100.6', os.name: 'Windows 10', os.arch: 'amd64', os.version: '10.0', java.version: '1.8.0_102'
Driver info: com.kms.katalon.selenium.driver.CChromeDriver
Capabilities {acceptSslCerts: true, applicationCacheEnabled: false, browserConnectionEnabled: false, browserName: chrome, chrome: {chromedriverVersion: 2.33.506120 (e3e53437346286..., userDataDir: C:\Users\1aroo\AppData\Loca...}, cssSelectorsEnabled: true, databaseEnabled: false, handlesAlerts: true, hasTouchScreen: false, javascriptEnabled: true, locationContextEnabled: true, mobileEmulationEnabled: false, nativeEvents: true, networkConnectionEnabled: false, pageLoadStrategy: normal, platform: XP, platformName: XP, rotatable: false, setWindowRect: true, takesHeapSnapshot: true, takesScreenshot: true, unexpectedAlertBehaviour: , unhandledPromptBehavior: , version: 63.0.3239.108, webStorageEnabled: true}
Session ID: e5e35fa0f52350224e2bff7007c42682)"/>
         <system-out><![CDATA[2018-01-03 13:56:20 - [TEST_CASE][FAILED] - Test Cases/UsersModule/Edit/Delete name: Test Cases/UsersModule/Edit/Delete name FAILED because (of) Unable to set text '' of object 'Object Repository/GIAP-DC/UserModule/input_0_1' (Root cause: org.openqa.selenium.InvalidElementStateException: invalid element state: Element is not currently interactable and may not be manipulated
  (Session info: headless chrome=63.0.3239.108)
  (Driver info: chromedriver=2.33.506120 (e3e53437346286c0bc2d2dc9aa4915ba81d9023f),platform=Windows NT 10.0.17025 x86_64) (WARNING: The server did not provide any stacktrace information)
Command duration or timeout: 0 milliseconds
Build info: version: '3.7.1', revision: '8a0099a', time: '2017-11-06T21:07:36.161Z'
System info: host: 'MAINPC', ip: '192.168.100.6', os.name: 'Windows 10', os.arch: 'amd64', os.version: '10.0', java.version: '1.8.0_102'
Driver info: com.kms.katalon.selenium.driver.CChromeDriver
Capabilities {acceptSslCerts: true, applicationCacheEnabled: false, browserConnectionEnabled: false, browserName: chrome, chrome: {chromedriverVersion: 2.33.506120 (e3e53437346286..., userDataDir: C:\Users\1aroo\AppData\Loca...}, cssSelectorsEnabled: true, databaseEnabled: false, handlesAlerts: true, hasTouchScreen: false, javascriptEnabled: true, locationContextEnabled: true, mobileEmulationEnabled: false, nativeEvents: true, networkConnectionEnabled: false, pageLoadStrategy: normal, platform: XP, platformName: XP, rotatable: false, setWindowRect: true, takesHeapSnapshot: true, takesScreenshot: true, unexpectedAlertBehaviour: , unhandledPromptBehavior: , version: 63.0.3239.108, webStorageEnabled: true}
Session ID: e5e35fa0f52350224e2bff7007c42682)

2018-01-03 13:56:20 - [TEST_STEP][PASSED] - callTestCase: Call Test Case 'Test Cases/UsersModule/Enter Users Module' successfully

2018-01-03 13:56:20 - [TEST_CASE][PASSED] - Test Cases/UsersModule/Enter Users Module: Test Cases/UsersModule/Enter Users Module

2018-01-03 13:56:20 - [TEST_STEP][PASSED] - callTestCase: Call Test Case 'Test Cases/Work/Valid login' successfully

2018-01-03 13:56:20 - [TEST_CASE][PASSED] - Test Cases/Work/Valid login: Test Cases/Work/Valid login

2018-01-03 13:56:20 - [TEST_STEP][PASSED] - openBrowser: Browser is opened with url: 'https://system.misnik.by:8484/index.php'

2018-01-03 13:56:23 - [MESSAGE][PASSED] - Browser is opened with url: 'https://system.misnik.by:8484/index.php'

2018-01-03 13:56:23 - [TEST_STEP][PASSED] - verifyTextPresent: Text 'Вход' is present on page 

2018-01-03 13:56:23 - [MESSAGE][PASSED] - Text 'Вход' is present on page 

2018-01-03 13:56:23 - [TEST_STEP][PASSED] - setText: Text 'TaushevIS' is set on object 'Object Repository/GIAP-DC/loginPage/input_username'

2018-01-03 13:56:23 - [MESSAGE][PASSED] - Text 'TaushevIS' is set on object 'Object Repository/GIAP-DC/loginPage/input_username'

2018-01-03 13:56:23 - [TEST_STEP][PASSED] - setText: Text 'tMYPHSIa' is set on object 'Object Repository/GIAP-DC/loginPage/input_password'

2018-01-03 13:56:24 - [MESSAGE][PASSED] - Text 'tMYPHSIa' is set on object 'Object Repository/GIAP-DC/loginPage/input_password'

2018-01-03 13:56:24 - [TEST_STEP][PASSED] - click: Object: 'Object Repository/GIAP-DC/loginPage/loginButton' is clicked on

2018-01-03 13:56:26 - [MESSAGE][PASSED] - Object: 'Object Repository/GIAP-DC/loginPage/loginButton' is clicked on

2018-01-03 13:56:26 - [TEST_STEP][PASSED] - verifyTextPresent: Text 'Главная' is present on page 

2018-01-03 13:56:26 - [MESSAGE][PASSED] - Text 'Главная' is present on page 

2018-01-03 13:56:26 - [MESSAGE][PASSED] - Call Test Case 'Test Cases/Work/Valid login' successfully

2018-01-03 13:56:26 - [TEST_STEP][PASSED] - delay: Delayed 3 second(s)

2018-01-03 13:56:29 - [MESSAGE][PASSED] - Delayed 3 second(s)

2018-01-03 13:56:29 - [TEST_STEP][PASSED] - click: Object: 'Object Repository/GIAP-DC/UserModule/ModuleBlock' is clicked on

2018-01-03 13:56:29 - [MESSAGE][PASSED] - Object: 'Object Repository/GIAP-DC/UserModule/ModuleBlock' is clicked on

2018-01-03 13:56:29 - [TEST_STEP][PASSED] - delay: Delayed 3 second(s)

2018-01-03 13:56:32 - [MESSAGE][PASSED] - Delayed 3 second(s)

2018-01-03 13:56:32 - [TEST_STEP][PASSED] - click: Object: 'Object Repository/GIAP-DC/UserModule/UsersModule' is clicked on

2018-01-03 13:56:34 - [MESSAGE][PASSED] - Object: 'Object Repository/GIAP-DC/UserModule/UsersModule' is clicked on

2018-01-03 13:56:34 - [MESSAGE][PASSED] - Call Test Case 'Test Cases/UsersModule/Enter Users Module' successfully

2018-01-03 13:56:34 - [TEST_STEP][PASSED] - delay: Delayed 3 second(s)

2018-01-03 13:56:37 - [MESSAGE][PASSED] - Delayed 3 second(s)

2018-01-03 13:56:37 - [TEST_STEP][PASSED] - setText: Text 'Test101010' is set on object 'Object Repository/GIAP-DC/UserModule/search_user'

2018-01-03 13:56:38 - [MESSAGE][PASSED] - Text 'Test101010' is set on object 'Object Repository/GIAP-DC/UserModule/search_user'

2018-01-03 13:56:38 - [TEST_STEP][PASSED] - click: Object: 'Object Repository/GIAP-DC/UserModule/EditUserButton' is clicked on

2018-01-03 13:56:38 - [MESSAGE][PASSED] - Object: 'Object Repository/GIAP-DC/UserModule/EditUserButton' is clicked on

2018-01-03 13:56:38 - [TEST_STEP][PASSED] - verifyTextPresent: Text 'Редактирование пользователя' is present on page 

2018-01-03 13:56:38 - [MESSAGE][PASSED] - Text 'Редактирование пользователя' is present on page 

2018-01-03 13:56:38 - [TEST_STEP][FAILED] - setText: Unable to set text '' of object 'Object Repository/GIAP-DC/UserModule/input_0_1' (Root cause: org.openqa.selenium.InvalidElementStateException: invalid element state: Element is not currently interactable and may not be manipulated
  (Session info: headless chrome=63.0.3239.108)
  (Driver info: chromedriver=2.33.506120 (e3e53437346286c0bc2d2dc9aa4915ba81d9023f),platform=Windows NT 10.0.17025 x86_64) (WARNING: The server did not provide any stacktrace information)
Command duration or timeout: 0 milliseconds
Build info: version: '3.7.1', revision: '8a0099a', time: '2017-11-06T21:07:36.161Z'
System info: host: 'MAINPC', ip: '192.168.100.6', os.name: 'Windows 10', os.arch: 'amd64', os.version: '10.0', java.version: '1.8.0_102'
Driver info: com.kms.katalon.selenium.driver.CChromeDriver
Capabilities {acceptSslCerts: true, applicationCacheEnabled: false, browserConnectionEnabled: false, browserName: chrome, chrome: {chromedriverVersion: 2.33.506120 (e3e53437346286..., userDataDir: C:\Users\1aroo\AppData\Loca...}, cssSelectorsEnabled: true, databaseEnabled: false, handlesAlerts: true, hasTouchScreen: false, javascriptEnabled: true, locationContextEnabled: true, mobileEmulationEnabled: false, nativeEvents: true, networkConnectionEnabled: false, pageLoadStrategy: normal, platform: XP, platformName: XP, rotatable: false, setWindowRect: true, takesHeapSnapshot: true, takesScreenshot: true, unexpectedAlertBehaviour: , unhandledPromptBehavior: , version: 63.0.3239.108, webStorageEnabled: true}
Session ID: e5e35fa0f52350224e2bff7007c42682)

2018-01-03 13:56:39 - [MESSAGE][FAILED] - Unable to set text '' of object 'Object Repository/GIAP-DC/UserModule/input_0_1' (Root cause: org.openqa.selenium.InvalidElementStateException: invalid element state: Element is not currently interactable and may not be manipulated
  (Session info: headless chrome=63.0.3239.108)
  (Driver info: chromedriver=2.33.506120 (e3e53437346286c0bc2d2dc9aa4915ba81d9023f),platform=Windows NT 10.0.17025 x86_64) (WARNING: The server did not provide any stacktrace information)
Command duration or timeout: 0 milliseconds
Build info: version: '3.7.1', revision: '8a0099a', time: '2017-11-06T21:07:36.161Z'
System info: host: 'MAINPC', ip: '192.168.100.6', os.name: 'Windows 10', os.arch: 'amd64', os.version: '10.0', java.version: '1.8.0_102'
Driver info: com.kms.katalon.selenium.driver.CChromeDriver
Capabilities {acceptSslCerts: true, applicationCacheEnabled: false, browserConnectionEnabled: false, browserName: chrome, chrome: {chromedriverVersion: 2.33.506120 (e3e53437346286..., userDataDir: C:\Users\1aroo\AppData\Loca...}, cssSelectorsEnabled: true, databaseEnabled: false, handlesAlerts: true, hasTouchScreen: false, javascriptEnabled: true, locationContextEnabled: true, mobileEmulationEnabled: false, nativeEvents: true, networkConnectionEnabled: false, pageLoadStrategy: normal, platform: XP, platformName: XP, rotatable: false, setWindowRect: true, takesHeapSnapshot: true, takesScreenshot: true, unexpectedAlertBehaviour: , unhandledPromptBehavior: , version: 63.0.3239.108, webStorageEnabled: true}
Session ID: e5e35fa0f52350224e2bff7007c42682)
[[ATTACHMENT|C:\\Users\\1aroo\\Katalon Studio\\123\\Reports\\UserModule\\20180103_135448\\1514976998889.png]]]]></system-out>
         <system-err><![CDATA[2018-01-03 13:56:20 - [TEST_CASE][FAILED] - Test Cases/UsersModule/Edit/Delete name: Test Cases/UsersModule/Edit/Delete name FAILED because (of) Unable to set text '' of object 'Object Repository/GIAP-DC/UserModule/input_0_1' (Root cause: org.openqa.selenium.InvalidElementStateException: invalid element state: Element is not currently interactable and may not be manipulated
  (Session info: headless chrome=63.0.3239.108)
  (Driver info: chromedriver=2.33.506120 (e3e53437346286c0bc2d2dc9aa4915ba81d9023f),platform=Windows NT 10.0.17025 x86_64) (WARNING: The server did not provide any stacktrace information)
Command duration or timeout: 0 milliseconds
Build info: version: '3.7.1', revision: '8a0099a', time: '2017-11-06T21:07:36.161Z'
System info: host: 'MAINPC', ip: '192.168.100.6', os.name: 'Windows 10', os.arch: 'amd64', os.version: '10.0', java.version: '1.8.0_102'
Driver info: com.kms.katalon.selenium.driver.CChromeDriver
Capabilities {acceptSslCerts: true, applicationCacheEnabled: false, browserConnectionEnabled: false, browserName: chrome, chrome: {chromedriverVersion: 2.33.506120 (e3e53437346286..., userDataDir: C:\Users\1aroo\AppData\Loca...}, cssSelectorsEnabled: true, databaseEnabled: false, handlesAlerts: true, hasTouchScreen: false, javascriptEnabled: true, locationContextEnabled: true, mobileEmulationEnabled: false, nativeEvents: true, networkConnectionEnabled: false, pageLoadStrategy: normal, platform: XP, platformName: XP, rotatable: false, setWindowRect: true, takesHeapSnapshot: true, takesScreenshot: true, unexpectedAlertBehaviour: , unhandledPromptBehavior: , version: 63.0.3239.108, webStorageEnabled: true}
Session ID: e5e35fa0f52350224e2bff7007c42682)]]></system-err>
      </testcase>
      <testcase name="Test Cases/UsersModule/Edit/Change password" classname="Test Cases/UsersModule/Edit/Change password" status="PASSED">
         <system-out><![CDATA[2018-01-03 13:56:39 - [TEST_CASE][PASSED] - Test Cases/UsersModule/Edit/Change password: Test Cases/UsersModule/Edit/Change password

2018-01-03 13:56:39 - [TEST_STEP][PASSED] - callTestCase: Call Test Case 'Test Cases/UsersModule/Enter Users Module' successfully

2018-01-03 13:56:39 - [TEST_CASE][PASSED] - Test Cases/UsersModule/Enter Users Module: Test Cases/UsersModule/Enter Users Module

2018-01-03 13:56:39 - [TEST_STEP][PASSED] - callTestCase: Call Test Case 'Test Cases/Work/Valid login' successfully

2018-01-03 13:56:39 - [TEST_CASE][PASSED] - Test Cases/Work/Valid login: Test Cases/Work/Valid login

2018-01-03 13:56:39 - [TEST_STEP][PASSED] - openBrowser: Browser is opened with url: 'https://system.misnik.by:8484/index.php'

2018-01-03 13:56:39 - [MESSAGE][WARNING] - A browser is already opened. Closing browser and opening a new one

2018-01-03 13:56:43 - [MESSAGE][PASSED] - Browser is opened with url: 'https://system.misnik.by:8484/index.php'

2018-01-03 13:56:43 - [TEST_STEP][PASSED] - verifyTextPresent: Text 'Вход' is present on page 

2018-01-03 13:56:43 - [MESSAGE][PASSED] - Text 'Вход' is present on page 

2018-01-03 13:56:43 - [TEST_STEP][PASSED] - setText: Text 'TaushevIS' is set on object 'Object Repository/GIAP-DC/loginPage/input_username'

2018-01-03 13:56:43 - [MESSAGE][PASSED] - Text 'TaushevIS' is set on object 'Object Repository/GIAP-DC/loginPage/input_username'

2018-01-03 13:56:43 - [TEST_STEP][PASSED] - setText: Text 'tMYPHSIa' is set on object 'Object Repository/GIAP-DC/loginPage/input_password'

2018-01-03 13:56:44 - [MESSAGE][PASSED] - Text 'tMYPHSIa' is set on object 'Object Repository/GIAP-DC/loginPage/input_password'

2018-01-03 13:56:44 - [TEST_STEP][PASSED] - click: Object: 'Object Repository/GIAP-DC/loginPage/loginButton' is clicked on

2018-01-03 13:56:45 - [MESSAGE][PASSED] - Object: 'Object Repository/GIAP-DC/loginPage/loginButton' is clicked on

2018-01-03 13:56:45 - [TEST_STEP][PASSED] - verifyTextPresent: Text 'Главная' is present on page 

2018-01-03 13:56:46 - [MESSAGE][PASSED] - Text 'Главная' is present on page 

2018-01-03 13:56:46 - [MESSAGE][PASSED] - Call Test Case 'Test Cases/Work/Valid login' successfully

2018-01-03 13:56:46 - [TEST_STEP][PASSED] - delay: Delayed 3 second(s)

2018-01-03 13:56:49 - [MESSAGE][PASSED] - Delayed 3 second(s)

2018-01-03 13:56:49 - [TEST_STEP][PASSED] - click: Object: 'Object Repository/GIAP-DC/UserModule/ModuleBlock' is clicked on

2018-01-03 13:56:49 - [MESSAGE][PASSED] - Object: 'Object Repository/GIAP-DC/UserModule/ModuleBlock' is clicked on

2018-01-03 13:56:49 - [TEST_STEP][PASSED] - delay: Delayed 3 second(s)

2018-01-03 13:56:52 - [MESSAGE][PASSED] - Delayed 3 second(s)

2018-01-03 13:56:52 - [TEST_STEP][PASSED] - click: Object: 'Object Repository/GIAP-DC/UserModule/UsersModule' is clicked on

2018-01-03 13:56:54 - [MESSAGE][PASSED] - Object: 'Object Repository/GIAP-DC/UserModule/UsersModule' is clicked on

2018-01-03 13:56:54 - [MESSAGE][PASSED] - Call Test Case 'Test Cases/UsersModule/Enter Users Module' successfully

2018-01-03 13:56:54 - [TEST_STEP][PASSED] - delay: Delayed 3 second(s)

2018-01-03 13:56:57 - [MESSAGE][PASSED] - Delayed 3 second(s)

2018-01-03 13:56:57 - [TEST_STEP][PASSED] - setText: Text 'Test101010' is set on object 'Object Repository/GIAP-DC/UserModule/search_user'

2018-01-03 13:56:57 - [MESSAGE][PASSED] - Text 'Test101010' is set on object 'Object Repository/GIAP-DC/UserModule/search_user'

2018-01-03 13:56:57 - [TEST_STEP][PASSED] - click: Object: 'Object Repository/GIAP-DC/UserModule/EditUserButton' is clicked on

2018-01-03 13:56:58 - [MESSAGE][PASSED] - Object: 'Object Repository/GIAP-DC/UserModule/EditUserButton' is clicked on

2018-01-03 13:56:58 - [TEST_STEP][PASSED] - verifyTextPresent: Text 'Редактирование пользователя' is present on page 

2018-01-03 13:56:58 - [MESSAGE][PASSED] - Text 'Редактирование пользователя' is present on page 

2018-01-03 13:56:58 - [TEST_STEP][PASSED] - delay: Delayed 3 second(s)

2018-01-03 13:57:01 - [MESSAGE][PASSED] - Delayed 3 second(s)

2018-01-03 13:57:01 - [TEST_STEP][PASSED] - click: Object: 'Object Repository/GIAP-DC/UserModule/button_generate-pwd' is clicked on

2018-01-03 13:57:01 - [MESSAGE][PASSED] - Object: 'Object Repository/GIAP-DC/UserModule/button_generate-pwd' is clicked on

2018-01-03 13:57:01 - [TEST_STEP][PASSED] - click: Object: 'Object Repository/GIAP-DC/UserModule/SaveButton' is clicked on

2018-01-03 13:57:01 - [MESSAGE][PASSED] - Object: 'Object Repository/GIAP-DC/UserModule/SaveButton' is clicked on

2018-01-03 13:57:01 - [TEST_STEP][NOT_RUN] - verifyElementPresent: NOT_RUN: verifyElementPresent

2018-01-03 13:57:01 - [MESSAGE][NOT_RUN] - NOT_RUN: verifyElementPresent

2018-01-03 13:57:01 - [TEST_STEP][PASSED] - delay: Delayed 3 second(s)

2018-01-03 13:57:04 - [MESSAGE][PASSED] - Delayed 3 second(s)

2018-01-03 13:57:04 - [TEST_STEP][PASSED] - closeBrowser: Browser is closed

2018-01-03 13:57:05 - [MESSAGE][PASSED] - Browser is closed]]></system-out>
         <system-err><![CDATA[]]></system-err>
      </testcase>
      <testcase name="Test Cases/UsersModule/Edit/Change name" classname="Test Cases/UsersModule/Edit/Change name" status="PASSED">
         <system-out><![CDATA[2018-01-03 13:57:05 - [TEST_CASE][PASSED] - Test Cases/UsersModule/Edit/Change name: Test Cases/UsersModule/Edit/Change name

2018-01-03 13:57:05 - [TEST_STEP][PASSED] - callTestCase: Call Test Case 'Test Cases/UsersModule/Enter Users Module' successfully

2018-01-03 13:57:05 - [TEST_CASE][PASSED] - Test Cases/UsersModule/Enter Users Module: Test Cases/UsersModule/Enter Users Module

2018-01-03 13:57:05 - [TEST_STEP][PASSED] - callTestCase: Call Test Case 'Test Cases/Work/Valid login' successfully

2018-01-03 13:57:05 - [TEST_CASE][PASSED] - Test Cases/Work/Valid login: Test Cases/Work/Valid login

2018-01-03 13:57:05 - [TEST_STEP][PASSED] - openBrowser: Browser is opened with url: 'https://system.misnik.by:8484/index.php'

2018-01-03 13:57:10 - [MESSAGE][PASSED] - Browser is opened with url: 'https://system.misnik.by:8484/index.php'

2018-01-03 13:57:10 - [TEST_STEP][PASSED] - verifyTextPresent: Text 'Вход' is present on page 

2018-01-03 13:57:10 - [MESSAGE][PASSED] - Text 'Вход' is present on page 

2018-01-03 13:57:10 - [TEST_STEP][PASSED] - setText: Text 'TaushevIS' is set on object 'Object Repository/GIAP-DC/loginPage/input_username'

2018-01-03 13:57:11 - [MESSAGE][PASSED] - Text 'TaushevIS' is set on object 'Object Repository/GIAP-DC/loginPage/input_username'

2018-01-03 13:57:11 - [TEST_STEP][PASSED] - setText: Text 'tMYPHSIa' is set on object 'Object Repository/GIAP-DC/loginPage/input_password'

2018-01-03 13:57:11 - [MESSAGE][PASSED] - Text 'tMYPHSIa' is set on object 'Object Repository/GIAP-DC/loginPage/input_password'

2018-01-03 13:57:11 - [TEST_STEP][PASSED] - click: Object: 'Object Repository/GIAP-DC/loginPage/loginButton' is clicked on

2018-01-03 13:57:14 - [MESSAGE][PASSED] - Object: 'Object Repository/GIAP-DC/loginPage/loginButton' is clicked on

2018-01-03 13:57:14 - [TEST_STEP][PASSED] - verifyTextPresent: Text 'Главная' is present on page 

2018-01-03 13:57:14 - [MESSAGE][PASSED] - Text 'Главная' is present on page 

2018-01-03 13:57:14 - [MESSAGE][PASSED] - Call Test Case 'Test Cases/Work/Valid login' successfully

2018-01-03 13:57:14 - [TEST_STEP][PASSED] - delay: Delayed 3 second(s)

2018-01-03 13:57:17 - [MESSAGE][PASSED] - Delayed 3 second(s)

2018-01-03 13:57:17 - [TEST_STEP][PASSED] - click: Object: 'Object Repository/GIAP-DC/UserModule/ModuleBlock' is clicked on

2018-01-03 13:57:17 - [MESSAGE][PASSED] - Object: 'Object Repository/GIAP-DC/UserModule/ModuleBlock' is clicked on

2018-01-03 13:57:17 - [TEST_STEP][PASSED] - delay: Delayed 3 second(s)

2018-01-03 13:57:20 - [MESSAGE][PASSED] - Delayed 3 second(s)

2018-01-03 13:57:20 - [TEST_STEP][PASSED] - click: Object: 'Object Repository/GIAP-DC/UserModule/UsersModule' is clicked on

2018-01-03 13:57:23 - [MESSAGE][PASSED] - Object: 'Object Repository/GIAP-DC/UserModule/UsersModule' is clicked on

2018-01-03 13:57:23 - [MESSAGE][PASSED] - Call Test Case 'Test Cases/UsersModule/Enter Users Module' successfully

2018-01-03 13:57:23 - [TEST_STEP][PASSED] - delay: Delayed 3 second(s)

2018-01-03 13:57:26 - [MESSAGE][PASSED] - Delayed 3 second(s)

2018-01-03 13:57:26 - [TEST_STEP][PASSED] - setText: Text 'Test101010' is set on object 'Object Repository/GIAP-DC/UserModule/search_user'

2018-01-03 13:57:27 - [MESSAGE][PASSED] - Text 'Test101010' is set on object 'Object Repository/GIAP-DC/UserModule/search_user'

2018-01-03 13:57:27 - [TEST_STEP][PASSED] - click: Object: 'Object Repository/GIAP-DC/UserModule/EditUserButton' is clicked on

2018-01-03 13:57:27 - [MESSAGE][PASSED] - Object: 'Object Repository/GIAP-DC/UserModule/EditUserButton' is clicked on

2018-01-03 13:57:27 - [TEST_STEP][PASSED] - verifyTextPresent: Text 'Редактирование пользователя' is present on page 

2018-01-03 13:57:27 - [MESSAGE][PASSED] - Text 'Редактирование пользователя' is present on page 

2018-01-03 13:57:27 - [TEST_STEP][PASSED] - delay: Delayed 3 second(s)

2018-01-03 13:57:30 - [MESSAGE][PASSED] - Delayed 3 second(s)

2018-01-03 13:57:30 - [TEST_STEP][PASSED] - setText: Text 'Test1010' is set on object 'Object Repository/GIAP-DC/UserModule/input_0_1'

2018-01-03 13:57:31 - [MESSAGE][PASSED] - Text 'Test1010' is set on object 'Object Repository/GIAP-DC/UserModule/input_0_1'

2018-01-03 13:57:31 - [TEST_STEP][PASSED] - click: Object: 'Object Repository/GIAP-DC/UserModule/SaveButton' is clicked on

2018-01-03 13:57:31 - [MESSAGE][PASSED] - Object: 'Object Repository/GIAP-DC/UserModule/SaveButton' is clicked on

2018-01-03 13:57:31 - [TEST_STEP][NOT_RUN] - verifyElementPresent: NOT_RUN: verifyElementPresent

2018-01-03 13:57:31 - [MESSAGE][NOT_RUN] - NOT_RUN: verifyElementPresent

2018-01-03 13:57:31 - [TEST_STEP][PASSED] - closeBrowser: Browser is closed

2018-01-03 13:57:31 - [MESSAGE][PASSED] - Browser is closed]]></system-out>
         <system-err><![CDATA[]]></system-err>
      </testcase>
      <testcase name="Test Cases/UsersModule/Search/Search not existing user" classname="Test Cases/UsersModule/Search/Search not existing user" status="PASSED">
         <system-out><![CDATA[2018-01-03 13:57:31 - [TEST_CASE][PASSED] - Test Cases/UsersModule/Search/Search not existing user: Test Cases/UsersModule/Search/Search not existing user

2018-01-03 13:57:32 - [TEST_STEP][PASSED] - callTestCase: Call Test Case 'Test Cases/UsersModule/Enter Users Module' successfully

2018-01-03 13:57:32 - [TEST_CASE][PASSED] - Test Cases/UsersModule/Enter Users Module: Test Cases/UsersModule/Enter Users Module

2018-01-03 13:57:32 - [TEST_STEP][PASSED] - callTestCase: Call Test Case 'Test Cases/Work/Valid login' successfully

2018-01-03 13:57:32 - [TEST_CASE][PASSED] - Test Cases/Work/Valid login: Test Cases/Work/Valid login

2018-01-03 13:57:32 - [TEST_STEP][PASSED] - openBrowser: Browser is opened with url: 'https://system.misnik.by:8484/index.php'

2018-01-03 13:57:35 - [MESSAGE][PASSED] - Browser is opened with url: 'https://system.misnik.by:8484/index.php'

2018-01-03 13:57:35 - [TEST_STEP][PASSED] - verifyTextPresent: Text 'Вход' is present on page 

2018-01-03 13:57:35 - [MESSAGE][PASSED] - Text 'Вход' is present on page 

2018-01-03 13:57:35 - [TEST_STEP][PASSED] - setText: Text 'TaushevIS' is set on object 'Object Repository/GIAP-DC/loginPage/input_username'

2018-01-03 13:57:35 - [MESSAGE][PASSED] - Text 'TaushevIS' is set on object 'Object Repository/GIAP-DC/loginPage/input_username'

2018-01-03 13:57:35 - [TEST_STEP][PASSED] - setText: Text 'tMYPHSIa' is set on object 'Object Repository/GIAP-DC/loginPage/input_password'

2018-01-03 13:57:35 - [MESSAGE][PASSED] - Text 'tMYPHSIa' is set on object 'Object Repository/GIAP-DC/loginPage/input_password'

2018-01-03 13:57:35 - [TEST_STEP][PASSED] - click: Object: 'Object Repository/GIAP-DC/loginPage/loginButton' is clicked on

2018-01-03 13:57:37 - [MESSAGE][PASSED] - Object: 'Object Repository/GIAP-DC/loginPage/loginButton' is clicked on

2018-01-03 13:57:37 - [TEST_STEP][PASSED] - verifyTextPresent: Text 'Главная' is present on page 

2018-01-03 13:57:37 - [MESSAGE][PASSED] - Text 'Главная' is present on page 

2018-01-03 13:57:37 - [MESSAGE][PASSED] - Call Test Case 'Test Cases/Work/Valid login' successfully

2018-01-03 13:57:37 - [TEST_STEP][PASSED] - delay: Delayed 3 second(s)

2018-01-03 13:57:40 - [MESSAGE][PASSED] - Delayed 3 second(s)

2018-01-03 13:57:40 - [TEST_STEP][PASSED] - click: Object: 'Object Repository/GIAP-DC/UserModule/ModuleBlock' is clicked on

2018-01-03 13:57:40 - [MESSAGE][PASSED] - Object: 'Object Repository/GIAP-DC/UserModule/ModuleBlock' is clicked on

2018-01-03 13:57:40 - [TEST_STEP][PASSED] - delay: Delayed 3 second(s)

2018-01-03 13:57:43 - [MESSAGE][PASSED] - Delayed 3 second(s)

2018-01-03 13:57:43 - [TEST_STEP][PASSED] - click: Object: 'Object Repository/GIAP-DC/UserModule/UsersModule' is clicked on

2018-01-03 13:57:45 - [MESSAGE][PASSED] - Object: 'Object Repository/GIAP-DC/UserModule/UsersModule' is clicked on

2018-01-03 13:57:45 - [MESSAGE][PASSED] - Call Test Case 'Test Cases/UsersModule/Enter Users Module' successfully

2018-01-03 13:57:45 - [TEST_STEP][PASSED] - setText: Text 'test10101010' is set on object 'Object Repository/GIAP-DC/UserModule/search_user'

2018-01-03 13:57:46 - [MESSAGE][PASSED] - Text 'test10101010' is set on object 'Object Repository/GIAP-DC/UserModule/search_user'

2018-01-03 13:57:46 - [TEST_STEP][PASSED] - verifyTextPresent: Text 'Ничего не найдено' is present on page 

2018-01-03 13:57:46 - [MESSAGE][PASSED] - Text 'Ничего не найдено' is present on page 

2018-01-03 13:57:46 - [TEST_STEP][PASSED] - delay: Delayed 3 second(s)

2018-01-03 13:57:49 - [MESSAGE][PASSED] - Delayed 3 second(s)

2018-01-03 13:57:49 - [TEST_STEP][PASSED] - closeBrowser: Browser is closed

2018-01-03 13:57:50 - [MESSAGE][PASSED] - Browser is closed]]></system-out>
         <system-err><![CDATA[]]></system-err>
      </testcase>
      <testcase name="Test Cases/UsersModule/Search/Search user" classname="Test Cases/UsersModule/Search/Search user" status="PASSED">
         <system-out><![CDATA[2018-01-03 13:57:50 - [TEST_CASE][PASSED] - Test Cases/UsersModule/Search/Search user: Test Cases/UsersModule/Search/Search user

2018-01-03 13:57:50 - [TEST_STEP][PASSED] - callTestCase: Call Test Case 'Test Cases/UsersModule/Enter Users Module' successfully

2018-01-03 13:57:50 - [TEST_CASE][PASSED] - Test Cases/UsersModule/Enter Users Module: Test Cases/UsersModule/Enter Users Module

2018-01-03 13:57:50 - [TEST_STEP][PASSED] - callTestCase: Call Test Case 'Test Cases/Work/Valid login' successfully

2018-01-03 13:57:50 - [TEST_CASE][PASSED] - Test Cases/Work/Valid login: Test Cases/Work/Valid login

2018-01-03 13:57:50 - [TEST_STEP][PASSED] - openBrowser: Browser is opened with url: 'https://system.misnik.by:8484/index.php'

2018-01-03 13:57:53 - [MESSAGE][PASSED] - Browser is opened with url: 'https://system.misnik.by:8484/index.php'

2018-01-03 13:57:53 - [TEST_STEP][PASSED] - verifyTextPresent: Text 'Вход' is present on page 

2018-01-03 13:57:53 - [MESSAGE][PASSED] - Text 'Вход' is present on page 

2018-01-03 13:57:53 - [TEST_STEP][PASSED] - setText: Text 'TaushevIS' is set on object 'Object Repository/GIAP-DC/loginPage/input_username'

2018-01-03 13:57:54 - [MESSAGE][PASSED] - Text 'TaushevIS' is set on object 'Object Repository/GIAP-DC/loginPage/input_username'

2018-01-03 13:57:54 - [TEST_STEP][PASSED] - setText: Text 'tMYPHSIa' is set on object 'Object Repository/GIAP-DC/loginPage/input_password'

2018-01-03 13:57:54 - [MESSAGE][PASSED] - Text 'tMYPHSIa' is set on object 'Object Repository/GIAP-DC/loginPage/input_password'

2018-01-03 13:57:54 - [TEST_STEP][PASSED] - click: Object: 'Object Repository/GIAP-DC/loginPage/loginButton' is clicked on

2018-01-03 13:57:55 - [MESSAGE][PASSED] - Object: 'Object Repository/GIAP-DC/loginPage/loginButton' is clicked on

2018-01-03 13:57:55 - [TEST_STEP][PASSED] - verifyTextPresent: Text 'Главная' is present on page 

2018-01-03 13:57:56 - [MESSAGE][PASSED] - Text 'Главная' is present on page 

2018-01-03 13:57:56 - [MESSAGE][PASSED] - Call Test Case 'Test Cases/Work/Valid login' successfully

2018-01-03 13:57:56 - [TEST_STEP][PASSED] - delay: Delayed 3 second(s)

2018-01-03 13:57:59 - [MESSAGE][PASSED] - Delayed 3 second(s)

2018-01-03 13:57:59 - [TEST_STEP][PASSED] - click: Object: 'Object Repository/GIAP-DC/UserModule/ModuleBlock' is clicked on

2018-01-03 13:57:59 - [MESSAGE][PASSED] - Object: 'Object Repository/GIAP-DC/UserModule/ModuleBlock' is clicked on

2018-01-03 13:57:59 - [TEST_STEP][PASSED] - delay: Delayed 3 second(s)

2018-01-03 13:58:02 - [MESSAGE][PASSED] - Delayed 3 second(s)

2018-01-03 13:58:02 - [TEST_STEP][PASSED] - click: Object: 'Object Repository/GIAP-DC/UserModule/UsersModule' is clicked on

2018-01-03 13:58:03 - [MESSAGE][PASSED] - Object: 'Object Repository/GIAP-DC/UserModule/UsersModule' is clicked on

2018-01-03 13:58:03 - [MESSAGE][PASSED] - Call Test Case 'Test Cases/UsersModule/Enter Users Module' successfully

2018-01-03 13:58:03 - [TEST_STEP][PASSED] - delay: Delayed 3 second(s)

2018-01-03 13:58:06 - [MESSAGE][PASSED] - Delayed 3 second(s)

2018-01-03 13:58:06 - [TEST_STEP][PASSED] - setText: Text 'Test1010' is set on object 'Object Repository/GIAP-DC/UserModule/search_user'

2018-01-03 13:58:07 - [MESSAGE][PASSED] - Text 'Test1010' is set on object 'Object Repository/GIAP-DC/UserModule/search_user'

2018-01-03 13:58:07 - [TEST_STEP][PASSED] - delay: Delayed 3 second(s)

2018-01-03 13:58:10 - [MESSAGE][PASSED] - Delayed 3 second(s)

2018-01-03 13:58:10 - [TEST_STEP][NOT_RUN] - click: NOT_RUN: click

2018-01-03 13:58:10 - [MESSAGE][NOT_RUN] - NOT_RUN: click

2018-01-03 13:58:10 - [TEST_STEP][PASSED] - delay: Delayed 3 second(s)

2018-01-03 13:58:13 - [MESSAGE][PASSED] - Delayed 3 second(s)

2018-01-03 13:58:13 - [TEST_STEP][PASSED] - closeBrowser: Browser is closed

2018-01-03 13:58:14 - [MESSAGE][PASSED] - Browser is closed]]></system-out>
         <system-err><![CDATA[]]></system-err>
      </testcase>
      <testcase name="Test Cases/UsersModule/Block/Block User" classname="Test Cases/UsersModule/Block/Block User" status="PASSED">
         <system-out><![CDATA[2018-01-03 13:58:14 - [TEST_CASE][PASSED] - Test Cases/UsersModule/Block/Block User: Test Cases/UsersModule/Block/Block User

2018-01-03 13:58:14 - [TEST_STEP][PASSED] - callTestCase: Call Test Case 'Test Cases/UsersModule/Enter Users Module' successfully

2018-01-03 13:58:14 - [TEST_CASE][PASSED] - Test Cases/UsersModule/Enter Users Module: Test Cases/UsersModule/Enter Users Module

2018-01-03 13:58:14 - [TEST_STEP][PASSED] - callTestCase: Call Test Case 'Test Cases/Work/Valid login' successfully

2018-01-03 13:58:14 - [TEST_CASE][PASSED] - Test Cases/Work/Valid login: Test Cases/Work/Valid login

2018-01-03 13:58:14 - [TEST_STEP][PASSED] - openBrowser: Browser is opened with url: 'https://system.misnik.by:8484/index.php'

2018-01-03 13:58:18 - [MESSAGE][PASSED] - Browser is opened with url: 'https://system.misnik.by:8484/index.php'

2018-01-03 13:58:18 - [TEST_STEP][PASSED] - verifyTextPresent: Text 'Вход' is present on page 

2018-01-03 13:58:18 - [MESSAGE][PASSED] - Text 'Вход' is present on page 

2018-01-03 13:58:18 - [TEST_STEP][PASSED] - setText: Text 'TaushevIS' is set on object 'Object Repository/GIAP-DC/loginPage/input_username'

2018-01-03 13:58:18 - [MESSAGE][PASSED] - Text 'TaushevIS' is set on object 'Object Repository/GIAP-DC/loginPage/input_username'

2018-01-03 13:58:18 - [TEST_STEP][PASSED] - setText: Text 'tMYPHSIa' is set on object 'Object Repository/GIAP-DC/loginPage/input_password'

2018-01-03 13:58:19 - [MESSAGE][PASSED] - Text 'tMYPHSIa' is set on object 'Object Repository/GIAP-DC/loginPage/input_password'

2018-01-03 13:58:19 - [TEST_STEP][PASSED] - click: Object: 'Object Repository/GIAP-DC/loginPage/loginButton' is clicked on

2018-01-03 13:58:23 - [MESSAGE][PASSED] - Object: 'Object Repository/GIAP-DC/loginPage/loginButton' is clicked on

2018-01-03 13:58:23 - [TEST_STEP][PASSED] - verifyTextPresent: Text 'Главная' is present on page 

2018-01-03 13:58:23 - [MESSAGE][PASSED] - Text 'Главная' is present on page 

2018-01-03 13:58:23 - [MESSAGE][PASSED] - Call Test Case 'Test Cases/Work/Valid login' successfully

2018-01-03 13:58:23 - [TEST_STEP][PASSED] - delay: Delayed 3 second(s)

2018-01-03 13:58:26 - [MESSAGE][PASSED] - Delayed 3 second(s)

2018-01-03 13:58:26 - [TEST_STEP][PASSED] - click: Object: 'Object Repository/GIAP-DC/UserModule/ModuleBlock' is clicked on

2018-01-03 13:58:26 - [MESSAGE][PASSED] - Object: 'Object Repository/GIAP-DC/UserModule/ModuleBlock' is clicked on

2018-01-03 13:58:26 - [TEST_STEP][PASSED] - delay: Delayed 3 second(s)

2018-01-03 13:58:29 - [MESSAGE][PASSED] - Delayed 3 second(s)

2018-01-03 13:58:29 - [TEST_STEP][PASSED] - click: Object: 'Object Repository/GIAP-DC/UserModule/UsersModule' is clicked on

2018-01-03 13:58:32 - [MESSAGE][PASSED] - Object: 'Object Repository/GIAP-DC/UserModule/UsersModule' is clicked on

2018-01-03 13:58:32 - [MESSAGE][PASSED] - Call Test Case 'Test Cases/UsersModule/Enter Users Module' successfully

2018-01-03 13:58:32 - [TEST_STEP][PASSED] - delay: Delayed 3 second(s)

2018-01-03 13:58:35 - [MESSAGE][PASSED] - Delayed 3 second(s)

2018-01-03 13:58:35 - [TEST_STEP][PASSED] - setText: Text 'Test1010' is set on object 'Object Repository/GIAP-DC/UserModule/search_user'

2018-01-03 13:58:35 - [MESSAGE][PASSED] - Text 'Test1010' is set on object 'Object Repository/GIAP-DC/UserModule/search_user'

2018-01-03 13:58:35 - [TEST_STEP][PASSED] - click: Object: 'Object Repository/GIAP-DC/UserModule/a_block btn red-sunglo' is clicked on

2018-01-03 13:58:35 - [MESSAGE][PASSED] - Object: 'Object Repository/GIAP-DC/UserModule/a_block btn red-sunglo' is clicked on

2018-01-03 13:58:36 - [TEST_STEP][NOT_RUN] - verifyTextPresent: NOT_RUN: verifyTextPresent

2018-01-03 13:58:36 - [MESSAGE][NOT_RUN] - NOT_RUN: verifyTextPresent

2018-01-03 13:58:36 - [TEST_STEP][PASSED] - delay: Delayed 3 second(s)

2018-01-03 13:58:39 - [MESSAGE][PASSED] - Delayed 3 second(s)

2018-01-03 13:58:39 - [TEST_STEP][PASSED] - click: Object: 'Object Repository/GIAP-DC/UserModule/CancelBlockButton' is clicked on

2018-01-03 13:58:39 - [MESSAGE][PASSED] - Object: 'Object Repository/GIAP-DC/UserModule/CancelBlockButton' is clicked on

2018-01-03 13:58:39 - [TEST_STEP][PASSED] - delay: Delayed 3 second(s)

2018-01-03 13:58:42 - [MESSAGE][PASSED] - Delayed 3 second(s)

2018-01-03 13:58:42 - [TEST_STEP][PASSED] - click: Object: 'Object Repository/GIAP-DC/UserModule/a_block btn red-sunglo' is clicked on

2018-01-03 13:58:42 - [MESSAGE][PASSED] - Object: 'Object Repository/GIAP-DC/UserModule/a_block btn red-sunglo' is clicked on

2018-01-03 13:58:42 - [TEST_STEP][PASSED] - delay: Delayed 3 second(s)

2018-01-03 13:58:45 - [MESSAGE][PASSED] - Delayed 3 second(s)

2018-01-03 13:58:45 - [TEST_STEP][NOT_RUN] - click: NOT_RUN: click

2018-01-03 13:58:45 - [MESSAGE][NOT_RUN] - NOT_RUN: click

2018-01-03 13:58:45 - [TEST_STEP][PASSED] - click: Object: 'Object Repository/GIAP-DC/UserModule/BlockUserButton' is clicked on

2018-01-03 13:58:45 - [MESSAGE][PASSED] - Object: 'Object Repository/GIAP-DC/UserModule/BlockUserButton' is clicked on

2018-01-03 13:58:45 - [TEST_STEP][PASSED] - verifyElementPresent: Object 'Object Repository/GIAP-DC/UserModule/div_toast toast-success' is present

2018-01-03 13:58:46 - [MESSAGE][PASSED] - Object 'Object Repository/GIAP-DC/UserModule/div_toast toast-success' is present

2018-01-03 13:58:46 - [TEST_STEP][PASSED] - closeBrowser: Browser is closed

2018-01-03 13:58:46 - [MESSAGE][PASSED] - Browser is closed]]></system-out>
         <system-err><![CDATA[]]></system-err>
      </testcase>
      <testcase name="Test Cases/UsersModule/Block/Unblock User" classname="Test Cases/UsersModule/Block/Unblock User" status="FAILED">
         <failure type="FAILED" message="Unable to click on object 'Object Repository/GIAP-DC/UserModule/HeaderUnblockUser' (Root cause: org.openqa.selenium.ElementNotVisibleException: element not visible
  (Session info: headless chrome=63.0.3239.108)
  (Driver info: chromedriver=2.33.506120 (e3e53437346286c0bc2d2dc9aa4915ba81d9023f),platform=Windows NT 10.0.17025 x86_64) (WARNING: The server did not provide any stacktrace information)
Command duration or timeout: 0 milliseconds
Build info: version: '3.7.1', revision: '8a0099a', time: '2017-11-06T21:07:36.161Z'
System info: host: 'MAINPC', ip: '192.168.100.6', os.name: 'Windows 10', os.arch: 'amd64', os.version: '10.0', java.version: '1.8.0_102'
Driver info: com.kms.katalon.selenium.driver.CChromeDriver
Capabilities {acceptSslCerts: true, applicationCacheEnabled: false, browserConnectionEnabled: false, browserName: chrome, chrome: {chromedriverVersion: 2.33.506120 (e3e53437346286..., userDataDir: C:\Users\1aroo\AppData\Loca...}, cssSelectorsEnabled: true, databaseEnabled: false, handlesAlerts: true, hasTouchScreen: false, javascriptEnabled: true, locationContextEnabled: true, mobileEmulationEnabled: false, nativeEvents: true, networkConnectionEnabled: false, pageLoadStrategy: normal, platform: XP, platformName: XP, rotatable: false, setWindowRect: true, takesHeapSnapshot: true, takesScreenshot: true, unexpectedAlertBehaviour: , unhandledPromptBehavior: , version: 63.0.3239.108, webStorageEnabled: true}
Session ID: 1697097a38dca8e1b5712ac0c5fe4913)"/>
         <system-out><![CDATA[2018-01-03 13:58:46 - [TEST_CASE][FAILED] - Test Cases/UsersModule/Block/Unblock User: Test Cases/UsersModule/Block/Unblock User FAILED because (of) Unable to click on object 'Object Repository/GIAP-DC/UserModule/HeaderUnblockUser' (Root cause: org.openqa.selenium.ElementNotVisibleException: element not visible
  (Session info: headless chrome=63.0.3239.108)
  (Driver info: chromedriver=2.33.506120 (e3e53437346286c0bc2d2dc9aa4915ba81d9023f),platform=Windows NT 10.0.17025 x86_64) (WARNING: The server did not provide any stacktrace information)
Command duration or timeout: 0 milliseconds
Build info: version: '3.7.1', revision: '8a0099a', time: '2017-11-06T21:07:36.161Z'
System info: host: 'MAINPC', ip: '192.168.100.6', os.name: 'Windows 10', os.arch: 'amd64', os.version: '10.0', java.version: '1.8.0_102'
Driver info: com.kms.katalon.selenium.driver.CChromeDriver
Capabilities {acceptSslCerts: true, applicationCacheEnabled: false, browserConnectionEnabled: false, browserName: chrome, chrome: {chromedriverVersion: 2.33.506120 (e3e53437346286..., userDataDir: C:\Users\1aroo\AppData\Loca...}, cssSelectorsEnabled: true, databaseEnabled: false, handlesAlerts: true, hasTouchScreen: false, javascriptEnabled: true, locationContextEnabled: true, mobileEmulationEnabled: false, nativeEvents: true, networkConnectionEnabled: false, pageLoadStrategy: normal, platform: XP, platformName: XP, rotatable: false, setWindowRect: true, takesHeapSnapshot: true, takesScreenshot: true, unexpectedAlertBehaviour: , unhandledPromptBehavior: , version: 63.0.3239.108, webStorageEnabled: true}
Session ID: 1697097a38dca8e1b5712ac0c5fe4913)

2018-01-03 13:58:47 - [TEST_STEP][PASSED] - callTestCase: Call Test Case 'Test Cases/UsersModule/Enter Users Module' successfully

2018-01-03 13:58:47 - [TEST_CASE][PASSED] - Test Cases/UsersModule/Enter Users Module: Test Cases/UsersModule/Enter Users Module

2018-01-03 13:58:47 - [TEST_STEP][PASSED] - callTestCase: Call Test Case 'Test Cases/Work/Valid login' successfully

2018-01-03 13:58:47 - [TEST_CASE][PASSED] - Test Cases/Work/Valid login: Test Cases/Work/Valid login

2018-01-03 13:58:47 - [TEST_STEP][PASSED] - openBrowser: Browser is opened with url: 'https://system.misnik.by:8484/index.php'

2018-01-03 13:58:49 - [MESSAGE][PASSED] - Browser is opened with url: 'https://system.misnik.by:8484/index.php'

2018-01-03 13:58:49 - [TEST_STEP][PASSED] - verifyTextPresent: Text 'Вход' is present on page 

2018-01-03 13:58:49 - [MESSAGE][PASSED] - Text 'Вход' is present on page 

2018-01-03 13:58:49 - [TEST_STEP][PASSED] - setText: Text 'TaushevIS' is set on object 'Object Repository/GIAP-DC/loginPage/input_username'

2018-01-03 13:58:50 - [MESSAGE][PASSED] - Text 'TaushevIS' is set on object 'Object Repository/GIAP-DC/loginPage/input_username'

2018-01-03 13:58:50 - [TEST_STEP][PASSED] - setText: Text 'tMYPHSIa' is set on object 'Object Repository/GIAP-DC/loginPage/input_password'

2018-01-03 13:58:50 - [MESSAGE][PASSED] - Text 'tMYPHSIa' is set on object 'Object Repository/GIAP-DC/loginPage/input_password'

2018-01-03 13:58:50 - [TEST_STEP][PASSED] - click: Object: 'Object Repository/GIAP-DC/loginPage/loginButton' is clicked on

2018-01-03 13:58:52 - [MESSAGE][PASSED] - Object: 'Object Repository/GIAP-DC/loginPage/loginButton' is clicked on

2018-01-03 13:58:52 - [TEST_STEP][PASSED] - verifyTextPresent: Text 'Главная' is present on page 

2018-01-03 13:58:52 - [MESSAGE][PASSED] - Text 'Главная' is present on page 

2018-01-03 13:58:52 - [MESSAGE][PASSED] - Call Test Case 'Test Cases/Work/Valid login' successfully

2018-01-03 13:58:52 - [TEST_STEP][PASSED] - delay: Delayed 3 second(s)

2018-01-03 13:58:55 - [MESSAGE][PASSED] - Delayed 3 second(s)

2018-01-03 13:58:55 - [TEST_STEP][PASSED] - click: Object: 'Object Repository/GIAP-DC/UserModule/ModuleBlock' is clicked on

2018-01-03 13:58:55 - [MESSAGE][PASSED] - Object: 'Object Repository/GIAP-DC/UserModule/ModuleBlock' is clicked on

2018-01-03 13:58:55 - [TEST_STEP][PASSED] - delay: Delayed 3 second(s)

2018-01-03 13:58:58 - [MESSAGE][PASSED] - Delayed 3 second(s)

2018-01-03 13:58:58 - [TEST_STEP][PASSED] - click: Object: 'Object Repository/GIAP-DC/UserModule/UsersModule' is clicked on

2018-01-03 13:59:00 - [MESSAGE][PASSED] - Object: 'Object Repository/GIAP-DC/UserModule/UsersModule' is clicked on

2018-01-03 13:59:00 - [MESSAGE][PASSED] - Call Test Case 'Test Cases/UsersModule/Enter Users Module' successfully

2018-01-03 13:59:00 - [TEST_STEP][PASSED] - delay: Delayed 3 second(s)

2018-01-03 13:59:03 - [MESSAGE][PASSED] - Delayed 3 second(s)

2018-01-03 13:59:03 - [TEST_STEP][PASSED] - setText: Text 'Test1010' is set on object 'Object Repository/GIAP-DC/UserModule/search_user'

2018-01-03 13:59:04 - [MESSAGE][PASSED] - Text 'Test1010' is set on object 'Object Repository/GIAP-DC/UserModule/search_user'

2018-01-03 13:59:04 - [TEST_STEP][PASSED] - click: Object: 'Object Repository/GIAP-DC/UserModule/a_unblock btn green-dark' is clicked on

2018-01-03 13:59:04 - [MESSAGE][PASSED] - Object: 'Object Repository/GIAP-DC/UserModule/a_unblock btn green-dark' is clicked on

2018-01-03 13:59:04 - [TEST_STEP][FAILED] - click: Unable to click on object 'Object Repository/GIAP-DC/UserModule/HeaderUnblockUser' (Root cause: org.openqa.selenium.ElementNotVisibleException: element not visible
  (Session info: headless chrome=63.0.3239.108)
  (Driver info: chromedriver=2.33.506120 (e3e53437346286c0bc2d2dc9aa4915ba81d9023f),platform=Windows NT 10.0.17025 x86_64) (WARNING: The server did not provide any stacktrace information)
Command duration or timeout: 0 milliseconds
Build info: version: '3.7.1', revision: '8a0099a', time: '2017-11-06T21:07:36.161Z'
System info: host: 'MAINPC', ip: '192.168.100.6', os.name: 'Windows 10', os.arch: 'amd64', os.version: '10.0', java.version: '1.8.0_102'
Driver info: com.kms.katalon.selenium.driver.CChromeDriver
Capabilities {acceptSslCerts: true, applicationCacheEnabled: false, browserConnectionEnabled: false, browserName: chrome, chrome: {chromedriverVersion: 2.33.506120 (e3e53437346286..., userDataDir: C:\Users\1aroo\AppData\Loca...}, cssSelectorsEnabled: true, databaseEnabled: false, handlesAlerts: true, hasTouchScreen: false, javascriptEnabled: true, locationContextEnabled: true, mobileEmulationEnabled: false, nativeEvents: true, networkConnectionEnabled: false, pageLoadStrategy: normal, platform: XP, platformName: XP, rotatable: false, setWindowRect: true, takesHeapSnapshot: true, takesScreenshot: true, unexpectedAlertBehaviour: , unhandledPromptBehavior: , version: 63.0.3239.108, webStorageEnabled: true}
Session ID: 1697097a38dca8e1b5712ac0c5fe4913)

2018-01-03 13:59:05 - [MESSAGE][FAILED] - Unable to click on object 'Object Repository/GIAP-DC/UserModule/HeaderUnblockUser' (Root cause: org.openqa.selenium.ElementNotVisibleException: element not visible
  (Session info: headless chrome=63.0.3239.108)
  (Driver info: chromedriver=2.33.506120 (e3e53437346286c0bc2d2dc9aa4915ba81d9023f),platform=Windows NT 10.0.17025 x86_64) (WARNING: The server did not provide any stacktrace information)
Command duration or timeout: 0 milliseconds
Build info: version: '3.7.1', revision: '8a0099a', time: '2017-11-06T21:07:36.161Z'
System info: host: 'MAINPC', ip: '192.168.100.6', os.name: 'Windows 10', os.arch: 'amd64', os.version: '10.0', java.version: '1.8.0_102'
Driver info: com.kms.katalon.selenium.driver.CChromeDriver
Capabilities {acceptSslCerts: true, applicationCacheEnabled: false, browserConnectionEnabled: false, browserName: chrome, chrome: {chromedriverVersion: 2.33.506120 (e3e53437346286..., userDataDir: C:\Users\1aroo\AppData\Loca...}, cssSelectorsEnabled: true, databaseEnabled: false, handlesAlerts: true, hasTouchScreen: false, javascriptEnabled: true, locationContextEnabled: true, mobileEmulationEnabled: false, nativeEvents: true, networkConnectionEnabled: false, pageLoadStrategy: normal, platform: XP, platformName: XP, rotatable: false, setWindowRect: true, takesHeapSnapshot: true, takesScreenshot: true, unexpectedAlertBehaviour: , unhandledPromptBehavior: , version: 63.0.3239.108, webStorageEnabled: true}
Session ID: 1697097a38dca8e1b5712ac0c5fe4913)
[[ATTACHMENT|C:\\Users\\1aroo\\Katalon Studio\\123\\Reports\\UserModule\\20180103_135448\\1514977144849.png]]]]></system-out>
         <system-err><![CDATA[2018-01-03 13:58:46 - [TEST_CASE][FAILED] - Test Cases/UsersModule/Block/Unblock User: Test Cases/UsersModule/Block/Unblock User FAILED because (of) Unable to click on object 'Object Repository/GIAP-DC/UserModule/HeaderUnblockUser' (Root cause: org.openqa.selenium.ElementNotVisibleException: element not visible
  (Session info: headless chrome=63.0.3239.108)
  (Driver info: chromedriver=2.33.506120 (e3e53437346286c0bc2d2dc9aa4915ba81d9023f),platform=Windows NT 10.0.17025 x86_64) (WARNING: The server did not provide any stacktrace information)
Command duration or timeout: 0 milliseconds
Build info: version: '3.7.1', revision: '8a0099a', time: '2017-11-06T21:07:36.161Z'
System info: host: 'MAINPC', ip: '192.168.100.6', os.name: 'Windows 10', os.arch: 'amd64', os.version: '10.0', java.version: '1.8.0_102'
Driver info: com.kms.katalon.selenium.driver.CChromeDriver
Capabilities {acceptSslCerts: true, applicationCacheEnabled: false, browserConnectionEnabled: false, browserName: chrome, chrome: {chromedriverVersion: 2.33.506120 (e3e53437346286..., userDataDir: C:\Users\1aroo\AppData\Loca...}, cssSelectorsEnabled: true, databaseEnabled: false, handlesAlerts: true, hasTouchScreen: false, javascriptEnabled: true, locationContextEnabled: true, mobileEmulationEnabled: false, nativeEvents: true, networkConnectionEnabled: false, pageLoadStrategy: normal, platform: XP, platformName: XP, rotatable: false, setWindowRect: true, takesHeapSnapshot: true, takesScreenshot: true, unexpectedAlertBehaviour: , unhandledPromptBehavior: , version: 63.0.3239.108, webStorageEnabled: true}
Session ID: 1697097a38dca8e1b5712ac0c5fe4913)]]></system-err>
      </testcase>
      <testcase name="Test Cases/UsersModule/Change Right/Change all right" classname="Test Cases/UsersModule/Change Right/Change all right" status="PASSED">
         <system-out><![CDATA[2018-01-03 13:59:05 - [TEST_CASE][PASSED] - Test Cases/UsersModule/Change Right/Change all right: Test Cases/UsersModule/Change Right/Change all right

2018-01-03 13:59:05 - [TEST_STEP][PASSED] - callTestCase: Call Test Case 'Test Cases/UsersModule/Enter Users Module' successfully

2018-01-03 13:59:05 - [TEST_CASE][PASSED] - Test Cases/UsersModule/Enter Users Module: Test Cases/UsersModule/Enter Users Module

2018-01-03 13:59:05 - [TEST_STEP][PASSED] - callTestCase: Call Test Case 'Test Cases/Work/Valid login' successfully

2018-01-03 13:59:05 - [TEST_CASE][PASSED] - Test Cases/Work/Valid login: Test Cases/Work/Valid login

2018-01-03 13:59:05 - [TEST_STEP][PASSED] - openBrowser: Browser is opened with url: 'https://system.misnik.by:8484/index.php'

2018-01-03 13:59:05 - [MESSAGE][WARNING] - A browser is already opened. Closing browser and opening a new one

2018-01-03 13:59:09 - [MESSAGE][PASSED] - Browser is opened with url: 'https://system.misnik.by:8484/index.php'

2018-01-03 13:59:09 - [TEST_STEP][PASSED] - verifyTextPresent: Text 'Вход' is present on page 

2018-01-03 13:59:09 - [MESSAGE][PASSED] - Text 'Вход' is present on page 

2018-01-03 13:59:09 - [TEST_STEP][PASSED] - setText: Text 'TaushevIS' is set on object 'Object Repository/GIAP-DC/loginPage/input_username'

2018-01-03 13:59:09 - [MESSAGE][PASSED] - Text 'TaushevIS' is set on object 'Object Repository/GIAP-DC/loginPage/input_username'

2018-01-03 13:59:09 - [TEST_STEP][PASSED] - setText: Text 'tMYPHSIa' is set on object 'Object Repository/GIAP-DC/loginPage/input_password'

2018-01-03 13:59:09 - [MESSAGE][PASSED] - Text 'tMYPHSIa' is set on object 'Object Repository/GIAP-DC/loginPage/input_password'

2018-01-03 13:59:09 - [TEST_STEP][PASSED] - click: Object: 'Object Repository/GIAP-DC/loginPage/loginButton' is clicked on

2018-01-03 13:59:11 - [MESSAGE][PASSED] - Object: 'Object Repository/GIAP-DC/loginPage/loginButton' is clicked on

2018-01-03 13:59:11 - [TEST_STEP][PASSED] - verifyTextPresent: Text 'Главная' is present on page 

2018-01-03 13:59:11 - [MESSAGE][PASSED] - Text 'Главная' is present on page 

2018-01-03 13:59:11 - [MESSAGE][PASSED] - Call Test Case 'Test Cases/Work/Valid login' successfully

2018-01-03 13:59:11 - [TEST_STEP][PASSED] - delay: Delayed 3 second(s)

2018-01-03 13:59:14 - [MESSAGE][PASSED] - Delayed 3 second(s)

2018-01-03 13:59:14 - [TEST_STEP][PASSED] - click: Object: 'Object Repository/GIAP-DC/UserModule/ModuleBlock' is clicked on

2018-01-03 13:59:14 - [MESSAGE][PASSED] - Object: 'Object Repository/GIAP-DC/UserModule/ModuleBlock' is clicked on

2018-01-03 13:59:14 - [TEST_STEP][PASSED] - delay: Delayed 3 second(s)

2018-01-03 13:59:17 - [MESSAGE][PASSED] - Delayed 3 second(s)

2018-01-03 13:59:17 - [TEST_STEP][PASSED] - click: Object: 'Object Repository/GIAP-DC/UserModule/UsersModule' is clicked on

2018-01-03 13:59:19 - [MESSAGE][PASSED] - Object: 'Object Repository/GIAP-DC/UserModule/UsersModule' is clicked on

2018-01-03 13:59:19 - [MESSAGE][PASSED] - Call Test Case 'Test Cases/UsersModule/Enter Users Module' successfully

2018-01-03 13:59:19 - [TEST_STEP][PASSED] - delay: Delayed 3 second(s)

2018-01-03 13:59:22 - [MESSAGE][PASSED] - Delayed 3 second(s)

2018-01-03 13:59:22 - [TEST_STEP][PASSED] - setText: Text 'Test1010' is set on object 'Object Repository/GIAP-DC/UserModule/search_user'

2018-01-03 13:59:23 - [MESSAGE][PASSED] - Text 'Test1010' is set on object 'Object Repository/GIAP-DC/UserModule/search_user'

2018-01-03 13:59:23 - [TEST_STEP][PASSED] - delay: Delayed 3 second(s)

2018-01-03 13:59:26 - [MESSAGE][PASSED] - Delayed 3 second(s)

2018-01-03 13:59:26 - [TEST_STEP][PASSED] - click: Object: 'Object Repository/GIAP-DC/UserModule/EditRightUserButton' is clicked on

2018-01-03 13:59:26 - [MESSAGE][PASSED] - Object: 'Object Repository/GIAP-DC/UserModule/EditRightUserButton' is clicked on

2018-01-03 13:59:26 - [TEST_STEP][PASSED] - verifyTextPresent: Text 'Права пользователя' is present on page 

2018-01-03 13:59:27 - [MESSAGE][PASSED] - Text 'Права пользователя' is present on page 

2018-01-03 13:59:27 - [TEST_STEP][PASSED] - click: Object: 'Object Repository/GIAP-DC/UserModule/CancelRightButton' is clicked on

2018-01-03 13:59:27 - [MESSAGE][PASSED] - Object: 'Object Repository/GIAP-DC/UserModule/CancelRightButton' is clicked on

2018-01-03 13:59:27 - [TEST_STEP][PASSED] - delay: Delayed 3 second(s)

2018-01-03 13:59:30 - [MESSAGE][PASSED] - Delayed 3 second(s)

2018-01-03 13:59:30 - [TEST_STEP][PASSED] - click: Object: 'Object Repository/GIAP-DC/UserModule/EditRightUserButton' is clicked on

2018-01-03 13:59:31 - [MESSAGE][PASSED] - Object: 'Object Repository/GIAP-DC/UserModule/EditRightUserButton' is clicked on

2018-01-03 13:59:31 - [TEST_STEP][PASSED] - verifyTextPresent: Text 'Права пользователя' is present on page 

2018-01-03 13:59:31 - [MESSAGE][PASSED] - Text 'Права пользователя' is present on page 

2018-01-03 13:59:31 - [TEST_STEP][PASSED] - click: Object: 'Object Repository/GIAP-DC/UserModule/SelectAllRight' is clicked on

2018-01-03 13:59:31 - [MESSAGE][PASSED] - Object: 'Object Repository/GIAP-DC/UserModule/SelectAllRight' is clicked on

2018-01-03 13:59:31 - [TEST_STEP][PASSED] - delay: Delayed 3 second(s)

2018-01-03 13:59:34 - [MESSAGE][PASSED] - Delayed 3 second(s)

2018-01-03 13:59:34 - [TEST_STEP][PASSED] - click: Object: 'Object Repository/GIAP-DC/UserModule/UncheckAllButton' is clicked on

2018-01-03 13:59:35 - [MESSAGE][PASSED] - Object: 'Object Repository/GIAP-DC/UserModule/UncheckAllButton' is clicked on

2018-01-03 13:59:35 - [TEST_STEP][PASSED] - click: Object: 'Object Repository/GIAP-DC/UserModule/Save_Button' is clicked on

2018-01-03 13:59:36 - [MESSAGE][PASSED] - Object: 'Object Repository/GIAP-DC/UserModule/Save_Button' is clicked on

2018-01-03 13:59:36 - [TEST_STEP][PASSED] - verifyElementPresent: Object 'Object Repository/GIAP-DC/UserModule/div_toast toast-success' is present

2018-01-03 13:59:36 - [MESSAGE][PASSED] - Object 'Object Repository/GIAP-DC/UserModule/div_toast toast-success' is present

2018-01-03 13:59:36 - [TEST_STEP][PASSED] - closeBrowser: Browser is closed

2018-01-03 13:59:37 - [MESSAGE][PASSED] - Browser is closed]]></system-out>
         <system-err><![CDATA[]]></system-err>
      </testcase>
      <testcase name="Test Cases/UsersModule/Change Right/Change group right" classname="Test Cases/UsersModule/Change Right/Change group right" status="PASSED">
         <system-out><![CDATA[2018-01-03 13:59:37 - [TEST_CASE][PASSED] - Test Cases/UsersModule/Change Right/Change group right: Test Cases/UsersModule/Change Right/Change group right

2018-01-03 13:59:37 - [TEST_STEP][PASSED] - callTestCase: Call Test Case 'Test Cases/UsersModule/Enter Users Module' successfully

2018-01-03 13:59:37 - [TEST_CASE][PASSED] - Test Cases/UsersModule/Enter Users Module: Test Cases/UsersModule/Enter Users Module

2018-01-03 13:59:37 - [TEST_STEP][PASSED] - callTestCase: Call Test Case 'Test Cases/Work/Valid login' successfully

2018-01-03 13:59:37 - [TEST_CASE][PASSED] - Test Cases/Work/Valid login: Test Cases/Work/Valid login

2018-01-03 13:59:37 - [TEST_STEP][PASSED] - openBrowser: Browser is opened with url: 'https://system.misnik.by:8484/index.php'

2018-01-03 13:59:40 - [MESSAGE][PASSED] - Browser is opened with url: 'https://system.misnik.by:8484/index.php'

2018-01-03 13:59:40 - [TEST_STEP][PASSED] - verifyTextPresent: Text 'Вход' is present on page 

2018-01-03 13:59:40 - [MESSAGE][PASSED] - Text 'Вход' is present on page 

2018-01-03 13:59:40 - [TEST_STEP][PASSED] - setText: Text 'TaushevIS' is set on object 'Object Repository/GIAP-DC/loginPage/input_username'

2018-01-03 13:59:40 - [MESSAGE][PASSED] - Text 'TaushevIS' is set on object 'Object Repository/GIAP-DC/loginPage/input_username'

2018-01-03 13:59:40 - [TEST_STEP][PASSED] - setText: Text 'tMYPHSIa' is set on object 'Object Repository/GIAP-DC/loginPage/input_password'

2018-01-03 13:59:41 - [MESSAGE][PASSED] - Text 'tMYPHSIa' is set on object 'Object Repository/GIAP-DC/loginPage/input_password'

2018-01-03 13:59:41 - [TEST_STEP][PASSED] - click: Object: 'Object Repository/GIAP-DC/loginPage/loginButton' is clicked on

2018-01-03 13:59:43 - [MESSAGE][PASSED] - Object: 'Object Repository/GIAP-DC/loginPage/loginButton' is clicked on

2018-01-03 13:59:43 - [TEST_STEP][PASSED] - verifyTextPresent: Text 'Главная' is present on page 

2018-01-03 13:59:43 - [MESSAGE][PASSED] - Text 'Главная' is present on page 

2018-01-03 13:59:43 - [MESSAGE][PASSED] - Call Test Case 'Test Cases/Work/Valid login' successfully

2018-01-03 13:59:43 - [TEST_STEP][PASSED] - delay: Delayed 3 second(s)

2018-01-03 13:59:46 - [MESSAGE][PASSED] - Delayed 3 second(s)

2018-01-03 13:59:46 - [TEST_STEP][PASSED] - click: Object: 'Object Repository/GIAP-DC/UserModule/ModuleBlock' is clicked on

2018-01-03 13:59:46 - [MESSAGE][PASSED] - Object: 'Object Repository/GIAP-DC/UserModule/ModuleBlock' is clicked on

2018-01-03 13:59:46 - [TEST_STEP][PASSED] - delay: Delayed 3 second(s)

2018-01-03 13:59:49 - [MESSAGE][PASSED] - Delayed 3 second(s)

2018-01-03 13:59:49 - [TEST_STEP][PASSED] - click: Object: 'Object Repository/GIAP-DC/UserModule/UsersModule' is clicked on

2018-01-03 13:59:51 - [MESSAGE][PASSED] - Object: 'Object Repository/GIAP-DC/UserModule/UsersModule' is clicked on

2018-01-03 13:59:51 - [MESSAGE][PASSED] - Call Test Case 'Test Cases/UsersModule/Enter Users Module' successfully

2018-01-03 13:59:51 - [TEST_STEP][PASSED] - delay: Delayed 3 second(s)

2018-01-03 13:59:54 - [MESSAGE][PASSED] - Delayed 3 second(s)

2018-01-03 13:59:54 - [TEST_STEP][PASSED] - setText: Text 'Test1010' is set on object 'Object Repository/GIAP-DC/UserModule/search_user'

2018-01-03 13:59:55 - [MESSAGE][PASSED] - Text 'Test1010' is set on object 'Object Repository/GIAP-DC/UserModule/search_user'

2018-01-03 13:59:55 - [TEST_STEP][PASSED] - delay: Delayed 3 second(s)

2018-01-03 13:59:58 - [MESSAGE][PASSED] - Delayed 3 second(s)

2018-01-03 13:59:58 - [TEST_STEP][PASSED] - click: Object: 'Object Repository/GIAP-DC/UserModule/EditRightUserButton' is clicked on

2018-01-03 13:59:58 - [MESSAGE][PASSED] - Object: 'Object Repository/GIAP-DC/UserModule/EditRightUserButton' is clicked on

2018-01-03 13:59:58 - [TEST_STEP][PASSED] - verifyTextPresent: Text 'Права пользователя' is present on page 

2018-01-03 13:59:58 - [MESSAGE][PASSED] - Text 'Права пользователя' is present on page 

2018-01-03 13:59:58 - [TEST_STEP][PASSED] - click: Object: 'Object Repository/GIAP-DC/UserModule/SelectGroupRight' is clicked on

2018-01-03 13:59:59 - [MESSAGE][PASSED] - Object: 'Object Repository/GIAP-DC/UserModule/SelectGroupRight' is clicked on

2018-01-03 13:59:59 - [TEST_STEP][PASSED] - delay: Delayed 3 second(s)

2018-01-03 14:00:02 - [MESSAGE][PASSED] - Delayed 3 second(s)

2018-01-03 14:00:02 - [TEST_STEP][PASSED] - click: Object: 'Object Repository/GIAP-DC/UserModule/UnselectGroupRight' is clicked on

2018-01-03 14:00:03 - [MESSAGE][PASSED] - Object: 'Object Repository/GIAP-DC/UserModule/UnselectGroupRight' is clicked on

2018-01-03 14:00:03 - [TEST_STEP][PASSED] - delay: Delayed 3 second(s)

2018-01-03 14:00:06 - [MESSAGE][PASSED] - Delayed 3 second(s)

2018-01-03 14:00:06 - [TEST_STEP][PASSED] - click: Object: 'Object Repository/GIAP-DC/UserModule/Save_Button' is clicked on

2018-01-03 14:00:06 - [MESSAGE][PASSED] - Object: 'Object Repository/GIAP-DC/UserModule/Save_Button' is clicked on

2018-01-03 14:00:06 - [TEST_STEP][PASSED] - verifyElementPresent: Object 'Object Repository/GIAP-DC/UserModule/div_toast toast-success' is present

2018-01-03 14:00:07 - [MESSAGE][PASSED] - Object 'Object Repository/GIAP-DC/UserModule/div_toast toast-success' is present

2018-01-03 14:00:07 - [TEST_STEP][PASSED] - closeBrowser: Browser is closed

2018-01-03 14:00:08 - [MESSAGE][PASSED] - Browser is closed]]></system-out>
         <system-err><![CDATA[]]></system-err>
      </testcase>
      <testcase name="Test Cases/UsersModule/Change Right/Change right" classname="Test Cases/UsersModule/Change Right/Change right" status="PASSED">
         <system-out><![CDATA[2018-01-03 14:00:08 - [TEST_CASE][PASSED] - Test Cases/UsersModule/Change Right/Change right: Test Cases/UsersModule/Change Right/Change right

2018-01-03 14:00:08 - [TEST_STEP][PASSED] - callTestCase: Call Test Case 'Test Cases/UsersModule/Enter Users Module' successfully

2018-01-03 14:00:08 - [TEST_CASE][PASSED] - Test Cases/UsersModule/Enter Users Module: Test Cases/UsersModule/Enter Users Module

2018-01-03 14:00:08 - [TEST_STEP][PASSED] - callTestCase: Call Test Case 'Test Cases/Work/Valid login' successfully

2018-01-03 14:00:08 - [TEST_CASE][PASSED] - Test Cases/Work/Valid login: Test Cases/Work/Valid login

2018-01-03 14:00:08 - [TEST_STEP][PASSED] - openBrowser: Browser is opened with url: 'https://system.misnik.by:8484/index.php'

2018-01-03 14:00:11 - [MESSAGE][PASSED] - Browser is opened with url: 'https://system.misnik.by:8484/index.php'

2018-01-03 14:00:11 - [TEST_STEP][PASSED] - verifyTextPresent: Text 'Вход' is present on page 

2018-01-03 14:00:11 - [MESSAGE][PASSED] - Text 'Вход' is present on page 

2018-01-03 14:00:11 - [TEST_STEP][PASSED] - setText: Text 'TaushevIS' is set on object 'Object Repository/GIAP-DC/loginPage/input_username'

2018-01-03 14:00:11 - [MESSAGE][PASSED] - Text 'TaushevIS' is set on object 'Object Repository/GIAP-DC/loginPage/input_username'

2018-01-03 14:00:11 - [TEST_STEP][PASSED] - setText: Text 'tMYPHSIa' is set on object 'Object Repository/GIAP-DC/loginPage/input_password'

2018-01-03 14:00:12 - [MESSAGE][PASSED] - Text 'tMYPHSIa' is set on object 'Object Repository/GIAP-DC/loginPage/input_password'

2018-01-03 14:00:12 - [TEST_STEP][PASSED] - click: Object: 'Object Repository/GIAP-DC/loginPage/loginButton' is clicked on

2018-01-03 14:00:14 - [MESSAGE][PASSED] - Object: 'Object Repository/GIAP-DC/loginPage/loginButton' is clicked on

2018-01-03 14:00:14 - [TEST_STEP][PASSED] - verifyTextPresent: Text 'Главная' is present on page 

2018-01-03 14:00:14 - [MESSAGE][PASSED] - Text 'Главная' is present on page 

2018-01-03 14:00:14 - [MESSAGE][PASSED] - Call Test Case 'Test Cases/Work/Valid login' successfully

2018-01-03 14:00:14 - [TEST_STEP][PASSED] - delay: Delayed 3 second(s)

2018-01-03 14:00:17 - [MESSAGE][PASSED] - Delayed 3 second(s)

2018-01-03 14:00:17 - [TEST_STEP][PASSED] - click: Object: 'Object Repository/GIAP-DC/UserModule/ModuleBlock' is clicked on

2018-01-03 14:00:17 - [MESSAGE][PASSED] - Object: 'Object Repository/GIAP-DC/UserModule/ModuleBlock' is clicked on

2018-01-03 14:00:17 - [TEST_STEP][PASSED] - delay: Delayed 3 second(s)

2018-01-03 14:00:20 - [MESSAGE][PASSED] - Delayed 3 second(s)

2018-01-03 14:00:20 - [TEST_STEP][PASSED] - click: Object: 'Object Repository/GIAP-DC/UserModule/UsersModule' is clicked on

2018-01-03 14:00:22 - [MESSAGE][PASSED] - Object: 'Object Repository/GIAP-DC/UserModule/UsersModule' is clicked on

2018-01-03 14:00:22 - [MESSAGE][PASSED] - Call Test Case 'Test Cases/UsersModule/Enter Users Module' successfully

2018-01-03 14:00:22 - [TEST_STEP][PASSED] - delay: Delayed 3 second(s)

2018-01-03 14:00:25 - [MESSAGE][PASSED] - Delayed 3 second(s)

2018-01-03 14:00:25 - [TEST_STEP][PASSED] - setText: Text 'Test1010' is set on object 'Object Repository/GIAP-DC/UserModule/search_user'

2018-01-03 14:00:25 - [MESSAGE][PASSED] - Text 'Test1010' is set on object 'Object Repository/GIAP-DC/UserModule/search_user'

2018-01-03 14:00:25 - [TEST_STEP][PASSED] - delay: Delayed 3 second(s)

2018-01-03 14:00:28 - [MESSAGE][PASSED] - Delayed 3 second(s)

2018-01-03 14:00:28 - [TEST_STEP][PASSED] - click: Object: 'Object Repository/GIAP-DC/UserModule/EditRightUserButton' is clicked on

2018-01-03 14:00:29 - [MESSAGE][PASSED] - Object: 'Object Repository/GIAP-DC/UserModule/EditRightUserButton' is clicked on

2018-01-03 14:00:29 - [TEST_STEP][PASSED] - verifyTextPresent: Text 'Права пользователя' is present on page 

2018-01-03 14:00:29 - [MESSAGE][PASSED] - Text 'Права пользователя' is present on page 

2018-01-03 14:00:29 - [TEST_STEP][PASSED] - click: Object: 'Object Repository/GIAP-DC/UserModule/span_box' is clicked on

2018-01-03 14:00:30 - [MESSAGE][PASSED] - Object: 'Object Repository/GIAP-DC/UserModule/span_box' is clicked on

2018-01-03 14:00:30 - [TEST_STEP][PASSED] - delay: Delayed 3 second(s)

2018-01-03 14:00:33 - [MESSAGE][PASSED] - Delayed 3 second(s)

2018-01-03 14:00:33 - [TEST_STEP][PASSED] - click: Object: 'Object Repository/GIAP-DC/UserModule/span_check' is clicked on

2018-01-03 14:00:33 - [MESSAGE][PASSED] - Object: 'Object Repository/GIAP-DC/UserModule/span_check' is clicked on

2018-01-03 14:00:33 - [TEST_STEP][PASSED] - click: Object: 'Object Repository/GIAP-DC/UserModule/Save_Button' is clicked on

2018-01-03 14:00:34 - [MESSAGE][PASSED] - Object: 'Object Repository/GIAP-DC/UserModule/Save_Button' is clicked on

2018-01-03 14:00:34 - [TEST_STEP][PASSED] - verifyElementPresent: Object 'Object Repository/GIAP-DC/UserModule/div_toast toast-success' is present

2018-01-03 14:00:35 - [MESSAGE][PASSED] - Object 'Object Repository/GIAP-DC/UserModule/div_toast toast-success' is present

2018-01-03 14:00:35 - [TEST_STEP][PASSED] - closeBrowser: Browser is closed

2018-01-03 14:00:35 - [MESSAGE][PASSED] - Browser is closed]]></system-out>
         <system-err><![CDATA[]]></system-err>
      </testcase>
      <testcase name="Test Cases/UsersModule/Delete/Delete user" classname="Test Cases/UsersModule/Delete/Delete user" status="PASSED">
         <system-out><![CDATA[2018-01-03 14:00:35 - [TEST_CASE][PASSED] - Test Cases/UsersModule/Delete/Delete user: Test Cases/UsersModule/Delete/Delete user

2018-01-03 14:00:36 - [TEST_STEP][PASSED] - callTestCase: Call Test Case 'Test Cases/UsersModule/Enter Users Module' successfully

2018-01-03 14:00:36 - [TEST_CASE][PASSED] - Test Cases/UsersModule/Enter Users Module: Test Cases/UsersModule/Enter Users Module

2018-01-03 14:00:36 - [TEST_STEP][PASSED] - callTestCase: Call Test Case 'Test Cases/Work/Valid login' successfully

2018-01-03 14:00:36 - [TEST_CASE][PASSED] - Test Cases/Work/Valid login: Test Cases/Work/Valid login

2018-01-03 14:00:36 - [TEST_STEP][PASSED] - openBrowser: Browser is opened with url: 'https://system.misnik.by:8484/index.php'

2018-01-03 14:00:39 - [MESSAGE][PASSED] - Browser is opened with url: 'https://system.misnik.by:8484/index.php'

2018-01-03 14:00:39 - [TEST_STEP][PASSED] - verifyTextPresent: Text 'Вход' is present on page 

2018-01-03 14:00:39 - [MESSAGE][PASSED] - Text 'Вход' is present on page 

2018-01-03 14:00:39 - [TEST_STEP][PASSED] - setText: Text 'TaushevIS' is set on object 'Object Repository/GIAP-DC/loginPage/input_username'

2018-01-03 14:00:39 - [MESSAGE][PASSED] - Text 'TaushevIS' is set on object 'Object Repository/GIAP-DC/loginPage/input_username'

2018-01-03 14:00:39 - [TEST_STEP][PASSED] - setText: Text 'tMYPHSIa' is set on object 'Object Repository/GIAP-DC/loginPage/input_password'

2018-01-03 14:00:39 - [MESSAGE][PASSED] - Text 'tMYPHSIa' is set on object 'Object Repository/GIAP-DC/loginPage/input_password'

2018-01-03 14:00:39 - [TEST_STEP][PASSED] - click: Object: 'Object Repository/GIAP-DC/loginPage/loginButton' is clicked on

2018-01-03 14:00:43 - [MESSAGE][PASSED] - Object: 'Object Repository/GIAP-DC/loginPage/loginButton' is clicked on

2018-01-03 14:00:43 - [TEST_STEP][PASSED] - verifyTextPresent: Text 'Главная' is present on page 

2018-01-03 14:00:43 - [MESSAGE][PASSED] - Text 'Главная' is present on page 

2018-01-03 14:00:43 - [MESSAGE][PASSED] - Call Test Case 'Test Cases/Work/Valid login' successfully

2018-01-03 14:00:43 - [TEST_STEP][PASSED] - delay: Delayed 3 second(s)

2018-01-03 14:00:46 - [MESSAGE][PASSED] - Delayed 3 second(s)

2018-01-03 14:00:46 - [TEST_STEP][PASSED] - click: Object: 'Object Repository/GIAP-DC/UserModule/ModuleBlock' is clicked on

2018-01-03 14:00:46 - [MESSAGE][PASSED] - Object: 'Object Repository/GIAP-DC/UserModule/ModuleBlock' is clicked on

2018-01-03 14:00:46 - [TEST_STEP][PASSED] - delay: Delayed 3 second(s)

2018-01-03 14:00:49 - [MESSAGE][PASSED] - Delayed 3 second(s)

2018-01-03 14:00:49 - [TEST_STEP][PASSED] - click: Object: 'Object Repository/GIAP-DC/UserModule/UsersModule' is clicked on

2018-01-03 14:00:51 - [MESSAGE][PASSED] - Object: 'Object Repository/GIAP-DC/UserModule/UsersModule' is clicked on

2018-01-03 14:00:51 - [MESSAGE][PASSED] - Call Test Case 'Test Cases/UsersModule/Enter Users Module' successfully

2018-01-03 14:00:51 - [TEST_STEP][PASSED] - delay: Delayed 3 second(s)

2018-01-03 14:00:54 - [MESSAGE][PASSED] - Delayed 3 second(s)

2018-01-03 14:00:54 - [TEST_STEP][PASSED] - setText: Text 'Test1010' is set on object 'Object Repository/GIAP-DC/UserModule/search_user'

2018-01-03 14:00:54 - [MESSAGE][PASSED] - Text 'Test1010' is set on object 'Object Repository/GIAP-DC/UserModule/search_user'

2018-01-03 14:00:54 - [TEST_STEP][PASSED] - delay: Delayed 3 second(s)

2018-01-03 14:00:57 - [MESSAGE][PASSED] - Delayed 3 second(s)

2018-01-03 14:00:57 - [TEST_STEP][PASSED] - click: Object: 'Object Repository/GIAP-DC/UserModule/DeleteUserButton' is clicked on

2018-01-03 14:00:58 - [MESSAGE][PASSED] - Object: 'Object Repository/GIAP-DC/UserModule/DeleteUserButton' is clicked on

2018-01-03 14:00:58 - [TEST_STEP][PASSED] - delay: Delayed 3 second(s)

2018-01-03 14:01:01 - [MESSAGE][PASSED] - Delayed 3 second(s)

2018-01-03 14:01:01 - [TEST_STEP][PASSED] - click: Object: 'Object Repository/GIAP-DC/UserModule/CancelDeleteUser' is clicked on

2018-01-03 14:01:01 - [MESSAGE][PASSED] - Object: 'Object Repository/GIAP-DC/UserModule/CancelDeleteUser' is clicked on

2018-01-03 14:01:01 - [TEST_STEP][PASSED] - delay: Delayed 3 second(s)

2018-01-03 14:01:04 - [MESSAGE][PASSED] - Delayed 3 second(s)

2018-01-03 14:01:04 - [TEST_STEP][PASSED] - click: Object: 'Object Repository/GIAP-DC/UserModule/DeleteUserButton' is clicked on

2018-01-03 14:01:04 - [MESSAGE][PASSED] - Object: 'Object Repository/GIAP-DC/UserModule/DeleteUserButton' is clicked on

2018-01-03 14:01:04 - [TEST_STEP][PASSED] - delay: Delayed 3 second(s)

2018-01-03 14:01:07 - [MESSAGE][PASSED] - Delayed 3 second(s)

2018-01-03 14:01:07 - [TEST_STEP][PASSED] - click: Object: 'Object Repository/GIAP-DC/UserModule/ConfirmDeleteUser' is clicked on

2018-01-03 14:01:07 - [MESSAGE][PASSED] - Object: 'Object Repository/GIAP-DC/UserModule/ConfirmDeleteUser' is clicked on

2018-01-03 14:01:07 - [TEST_STEP][PASSED] - verifyElementPresent: Object 'Object Repository/GIAP-DC/UserModule/div_toast toast-success (1)' is present

2018-01-03 14:01:08 - [MESSAGE][PASSED] - Object 'Object Repository/GIAP-DC/UserModule/div_toast toast-success (1)' is present

2018-01-03 14:01:08 - [TEST_STEP][PASSED] - closeBrowser: Browser is closed

2018-01-03 14:01:08 - [MESSAGE][PASSED] - Browser is closed]]></system-out>
         <system-err><![CDATA[]]></system-err>
      </testcase>
      <system-out><![CDATA[2018-01-03 13:54:51 - [TEST_SUITE][FAILED] - UserModule: Test Cases/UsersModule/Edit/Delete name FAILED because (of) Unable to set text '' of object 'Object Repository/GIAP-DC/UserModule/input_0_1' (Root cause: org.openqa.selenium.InvalidElementStateException: invalid element state: Element is not currently interactable and may not be manipulated
  (Session info: headless chrome=63.0.3239.108)
  (Driver info: chromedriver=2.33.506120 (e3e53437346286c0bc2d2dc9aa4915ba81d9023f),platform=Windows NT 10.0.17025 x86_64) (WARNING: The server did not provide any stacktrace information)
Command duration or timeout: 0 milliseconds
Build info: version: '3.7.1', revision: '8a0099a', time: '2017-11-06T21:07:36.161Z'
System info: host: 'MAINPC', ip: '192.168.100.6', os.name: 'Windows 10', os.arch: 'amd64', os.version: '10.0', java.version: '1.8.0_102'
Driver info: com.kms.katalon.selenium.driver.CChromeDriver
Capabilities {acceptSslCerts: true, applicationCacheEnabled: false, browserConnectionEnabled: false, browserName: chrome, chrome: {chromedriverVersion: 2.33.506120 (e3e53437346286..., userDataDir: C:\Users\1aroo\AppData\Loca...}, cssSelectorsEnabled: true, databaseEnabled: false, handlesAlerts: true, hasTouchScreen: false, javascriptEnabled: true, locationContextEnabled: true, mobileEmulationEnabled: false, nativeEvents: true, networkConnectionEnabled: false, pageLoadStrategy: normal, platform: XP, platformName: XP, rotatable: false, setWindowRect: true, takesHeapSnapshot: true, takesScreenshot: true, unexpectedAlertBehaviour: , unhandledPromptBehavior: , version: 63.0.3239.108, webStorageEnabled: true}
Session ID: e5e35fa0f52350224e2bff7007c42682)]]></system-out>
      <system-err><![CDATA[2018-01-03 13:54:51 - [TEST_SUITE][FAILED] - UserModule: Test Cases/UsersModule/Edit/Delete name FAILED because (of) Unable to set text '' of object 'Object Repository/GIAP-DC/UserModule/input_0_1' (Root cause: org.openqa.selenium.InvalidElementStateException: invalid element state: Element is not currently interactable and may not be manipulated
  (Session info: headless chrome=63.0.3239.108)
  (Driver info: chromedriver=2.33.506120 (e3e53437346286c0bc2d2dc9aa4915ba81d9023f),platform=Windows NT 10.0.17025 x86_64) (WARNING: The server did not provide any stacktrace information)
Command duration or timeout: 0 milliseconds
Build info: version: '3.7.1', revision: '8a0099a', time: '2017-11-06T21:07:36.161Z'
System info: host: 'MAINPC', ip: '192.168.100.6', os.name: 'Windows 10', os.arch: 'amd64', os.version: '10.0', java.version: '1.8.0_102'
Driver info: com.kms.katalon.selenium.driver.CChromeDriver
Capabilities {acceptSslCerts: true, applicationCacheEnabled: false, browserConnectionEnabled: false, browserName: chrome, chrome: {chromedriverVersion: 2.33.506120 (e3e53437346286..., userDataDir: C:\Users\1aroo\AppData\Loca...}, cssSelectorsEnabled: true, databaseEnabled: false, handlesAlerts: true, hasTouchScreen: false, javascriptEnabled: true, locationContextEnabled: true, mobileEmulationEnabled: false, nativeEvents: true, networkConnectionEnabled: false, pageLoadStrategy: normal, platform: XP, platformName: XP, rotatable: false, setWindowRect: true, takesHeapSnapshot: true, takesScreenshot: true, unexpectedAlertBehaviour: , unhandledPromptBehavior: , version: 63.0.3239.108, webStorageEnabled: true}
Session ID: e5e35fa0f52350224e2bff7007c42682)]]></system-err>
   </testsuite>
</testsuites>
