<?xml version="1.0" encoding="UTF-8"?>
<testsuites name="UserModule" time="390" tests="12" failures="2" errors="0">
   <testsuite name="UserModule" tests="12" failures="2" errors="0" time="390" timestamp="2018-01-03 14:10:37" hostname="1aroo - MainPC" id="Test Suites/UserModule">
      <properties>
         <property name="deviceName" value=""/>
         <property name="devicePlatform" value=""/>
         <property name="logFolder" value="C:\\Users\\1aroo\\Katalon Studio\\123\\Reports\\UserModule\\20180103_141034"/>
         <property name="logFiles" value="C:\\Users\\1aroo\\Katalon Studio\\123\\Reports\\UserModule\\20180103_141034\\execution0.log"/>
         <property name="attachments" value="C:\\Users\\1aroo\\Katalon Studio\\123\\Reports\\UserModule\\20180103_141034\\1514977929149.png, C:\\Users\\1aroo\\Katalon Studio\\123\\Reports\\UserModule\\20180103_141034\\1514977949481.png"/>
         <property name="hostName" value="1aroo - MainPC"/>
         <property name="os" value="Windows 10 64bit"/>
         <property name="katalonVersion" value="5.2.0.1"/>
         <property name="browser" value="Chrome 63.0.3239.108"/>
         <property name="hostAddress" value="192.168.100.6"/>
         <property name="sessionId" value="fed3765f81df574199b71d8fa3555c2b"/>
         <property name="seleniumVersion" value="3.7.1"/>
         <property name="proxyInformation" value="ProxyInformation{proxyOption=NO_PROXY, proxyServerType=HTTP, password=, proxyServerAddress=, proxyServerPort=0}"/>
         <property name="platform" value="Windows 10"/>
      </properties>
      <testcase name="Test Cases/UsersModule/Create/Create user with empty name" classname="Test Cases/UsersModule/Create/Create user with empty name" status="PASSED">
         <system-out><![CDATA[2018-01-03 14:10:38 - [TEST_CASE][PASSED] - Test Cases/UsersModule/Create/Create user with empty name: Test Cases/UsersModule/Create/Create user with empty name

2018-01-03 14:10:39 - [TEST_STEP][PASSED] - callTestCase: Call Test Case 'Test Cases/UsersModule/Enter Users Module' successfully

2018-01-03 14:10:39 - [TEST_CASE][PASSED] - Test Cases/UsersModule/Enter Users Module: Test Cases/UsersModule/Enter Users Module

2018-01-03 14:10:40 - [TEST_STEP][PASSED] - callTestCase: Call Test Case 'Test Cases/Work/Valid login' successfully

2018-01-03 14:10:40 - [TEST_CASE][PASSED] - Test Cases/Work/Valid login: Test Cases/Work/Valid login

2018-01-03 14:10:41 - [TEST_STEP][PASSED] - openBrowser: Browser is opened with url: 'https://system.misnik.by:8484/index.php'

2018-01-03 14:10:48 - [MESSAGE][PASSED] - Browser is opened with url: 'https://system.misnik.by:8484/index.php'

2018-01-03 14:10:48 - [TEST_STEP][PASSED] - verifyTextPresent: Text 'Вход' is present on page 

2018-01-03 14:10:48 - [MESSAGE][PASSED] - Text 'Вход' is present on page 

2018-01-03 14:10:48 - [TEST_STEP][PASSED] - setText: Text 'TaushevIS' is set on object 'Object Repository/GIAP-DC/loginPage/input_username'

2018-01-03 14:10:49 - [MESSAGE][PASSED] - Text 'TaushevIS' is set on object 'Object Repository/GIAP-DC/loginPage/input_username'

2018-01-03 14:10:49 - [TEST_STEP][PASSED] - setText: Text 'tMYPHSIa' is set on object 'Object Repository/GIAP-DC/loginPage/input_password'

2018-01-03 14:10:50 - [MESSAGE][PASSED] - Text 'tMYPHSIa' is set on object 'Object Repository/GIAP-DC/loginPage/input_password'

2018-01-03 14:10:50 - [TEST_STEP][PASSED] - click: Object: 'Object Repository/GIAP-DC/loginPage/loginButton' is clicked on

2018-01-03 14:10:52 - [MESSAGE][PASSED] - Object: 'Object Repository/GIAP-DC/loginPage/loginButton' is clicked on

2018-01-03 14:10:52 - [TEST_STEP][PASSED] - verifyTextPresent: Text 'Главная' is present on page 

2018-01-03 14:10:52 - [MESSAGE][PASSED] - Text 'Главная' is present on page 

2018-01-03 14:10:52 - [MESSAGE][PASSED] - Call Test Case 'Test Cases/Work/Valid login' successfully

2018-01-03 14:10:52 - [TEST_STEP][PASSED] - delay: Delayed 3 second(s)

2018-01-03 14:10:55 - [MESSAGE][PASSED] - Delayed 3 second(s)

2018-01-03 14:10:55 - [TEST_STEP][PASSED] - click: Object: 'Object Repository/GIAP-DC/UserModule/ModuleBlock' is clicked on

2018-01-03 14:10:56 - [MESSAGE][PASSED] - Object: 'Object Repository/GIAP-DC/UserModule/ModuleBlock' is clicked on

2018-01-03 14:10:56 - [TEST_STEP][PASSED] - delay: Delayed 3 second(s)

2018-01-03 14:10:59 - [MESSAGE][PASSED] - Delayed 3 second(s)

2018-01-03 14:10:59 - [TEST_STEP][PASSED] - click: Object: 'Object Repository/GIAP-DC/UserModule/UsersModule' is clicked on

2018-01-03 14:11:02 - [MESSAGE][PASSED] - Object: 'Object Repository/GIAP-DC/UserModule/UsersModule' is clicked on

2018-01-03 14:11:02 - [MESSAGE][PASSED] - Call Test Case 'Test Cases/UsersModule/Enter Users Module' successfully

2018-01-03 14:11:02 - [TEST_STEP][PASSED] - delay: Delayed 3 second(s)

2018-01-03 14:11:05 - [MESSAGE][PASSED] - Delayed 3 second(s)

2018-01-03 14:11:05 - [TEST_STEP][PASSED] - click: Object: 'Object Repository/GIAP-DC/UserModule/AddUser' is clicked on

2018-01-03 14:11:06 - [MESSAGE][PASSED] - Object: 'Object Repository/GIAP-DC/UserModule/AddUser' is clicked on

2018-01-03 14:11:06 - [TEST_STEP][PASSED] - delay: Delayed 3 second(s)

2018-01-03 14:11:09 - [MESSAGE][PASSED] - Delayed 3 second(s)

2018-01-03 14:11:09 - [TEST_STEP][PASSED] - verifyTextPresent: Text 'Добавление пользователя' is present on page 

2018-01-03 14:11:10 - [MESSAGE][PASSED] - Text 'Добавление пользователя' is present on page 

2018-01-03 14:11:10 - [TEST_STEP][PASSED] - click: Object: 'Object Repository/GIAP-DC/UserModule/CancelButton' is clicked on

2018-01-03 14:11:11 - [MESSAGE][PASSED] - Object: 'Object Repository/GIAP-DC/UserModule/CancelButton' is clicked on

2018-01-03 14:11:11 - [TEST_STEP][PASSED] - delay: Delayed 3 second(s)

2018-01-03 14:11:14 - [MESSAGE][PASSED] - Delayed 3 second(s)

2018-01-03 14:11:14 - [TEST_STEP][PASSED] - click: Object: 'Object Repository/GIAP-DC/UserModule/AddUser' is clicked on

2018-01-03 14:11:14 - [MESSAGE][PASSED] - Object: 'Object Repository/GIAP-DC/UserModule/AddUser' is clicked on

2018-01-03 14:11:14 - [TEST_STEP][PASSED] - click: Object: 'Object Repository/GIAP-DC/UserModule/Add' is clicked on

2018-01-03 14:11:15 - [MESSAGE][PASSED] - Object: 'Object Repository/GIAP-DC/UserModule/Add' is clicked on

2018-01-03 14:11:15 - [TEST_STEP][PASSED] - verifyElementPresent: Object 'Object Repository/GIAP-DC/UserModule/Error' is present

2018-01-03 14:11:16 - [MESSAGE][PASSED] - Object 'Object Repository/GIAP-DC/UserModule/Error' is present

2018-01-03 14:11:16 - [TEST_STEP][PASSED] - closeBrowser: Browser is closed

2018-01-03 14:11:16 - [MESSAGE][PASSED] - Browser is closed]]></system-out>
         <system-err><![CDATA[]]></system-err>
      </testcase>
      <testcase name="Test Cases/UsersModule/Create/Create existing user" classname="Test Cases/UsersModule/Create/Create existing user" status="PASSED">
         <system-out><![CDATA[2018-01-03 14:11:16 - [TEST_CASE][PASSED] - Test Cases/UsersModule/Create/Create existing user: Test Cases/UsersModule/Create/Create existing user

2018-01-03 14:11:17 - [TEST_STEP][PASSED] - callTestCase: Call Test Case 'Test Cases/UsersModule/Enter Users Module' successfully

2018-01-03 14:11:17 - [TEST_CASE][PASSED] - Test Cases/UsersModule/Enter Users Module: Test Cases/UsersModule/Enter Users Module

2018-01-03 14:11:17 - [TEST_STEP][PASSED] - callTestCase: Call Test Case 'Test Cases/Work/Valid login' successfully

2018-01-03 14:11:17 - [TEST_CASE][PASSED] - Test Cases/Work/Valid login: Test Cases/Work/Valid login

2018-01-03 14:11:17 - [TEST_STEP][PASSED] - openBrowser: Browser is opened with url: 'https://system.misnik.by:8484/index.php'

2018-01-03 14:11:20 - [MESSAGE][PASSED] - Browser is opened with url: 'https://system.misnik.by:8484/index.php'

2018-01-03 14:11:20 - [TEST_STEP][PASSED] - verifyTextPresent: Text 'Вход' is present on page 

2018-01-03 14:11:20 - [MESSAGE][PASSED] - Text 'Вход' is present on page 

2018-01-03 14:11:20 - [TEST_STEP][PASSED] - setText: Text 'TaushevIS' is set on object 'Object Repository/GIAP-DC/loginPage/input_username'

2018-01-03 14:11:20 - [MESSAGE][PASSED] - Text 'TaushevIS' is set on object 'Object Repository/GIAP-DC/loginPage/input_username'

2018-01-03 14:11:20 - [TEST_STEP][PASSED] - setText: Text 'tMYPHSIa' is set on object 'Object Repository/GIAP-DC/loginPage/input_password'

2018-01-03 14:11:20 - [MESSAGE][PASSED] - Text 'tMYPHSIa' is set on object 'Object Repository/GIAP-DC/loginPage/input_password'

2018-01-03 14:11:20 - [TEST_STEP][PASSED] - click: Object: 'Object Repository/GIAP-DC/loginPage/loginButton' is clicked on

2018-01-03 14:11:22 - [MESSAGE][PASSED] - Object: 'Object Repository/GIAP-DC/loginPage/loginButton' is clicked on

2018-01-03 14:11:22 - [TEST_STEP][PASSED] - verifyTextPresent: Text 'Главная' is present on page 

2018-01-03 14:11:23 - [MESSAGE][PASSED] - Text 'Главная' is present on page 

2018-01-03 14:11:23 - [MESSAGE][PASSED] - Call Test Case 'Test Cases/Work/Valid login' successfully

2018-01-03 14:11:23 - [TEST_STEP][PASSED] - delay: Delayed 3 second(s)

2018-01-03 14:11:26 - [MESSAGE][PASSED] - Delayed 3 second(s)

2018-01-03 14:11:26 - [TEST_STEP][PASSED] - click: Object: 'Object Repository/GIAP-DC/UserModule/ModuleBlock' is clicked on

2018-01-03 14:11:26 - [MESSAGE][PASSED] - Object: 'Object Repository/GIAP-DC/UserModule/ModuleBlock' is clicked on

2018-01-03 14:11:26 - [TEST_STEP][PASSED] - delay: Delayed 3 second(s)

2018-01-03 14:11:29 - [MESSAGE][PASSED] - Delayed 3 second(s)

2018-01-03 14:11:29 - [TEST_STEP][PASSED] - click: Object: 'Object Repository/GIAP-DC/UserModule/UsersModule' is clicked on

2018-01-03 14:11:32 - [MESSAGE][PASSED] - Object: 'Object Repository/GIAP-DC/UserModule/UsersModule' is clicked on

2018-01-03 14:11:32 - [MESSAGE][PASSED] - Call Test Case 'Test Cases/UsersModule/Enter Users Module' successfully

2018-01-03 14:11:32 - [TEST_STEP][PASSED] - delay: Delayed 3 second(s)

2018-01-03 14:11:35 - [MESSAGE][PASSED] - Delayed 3 second(s)

2018-01-03 14:11:35 - [TEST_STEP][PASSED] - click: Object: 'Object Repository/GIAP-DC/UserModule/AddUser' is clicked on

2018-01-03 14:11:35 - [MESSAGE][PASSED] - Object: 'Object Repository/GIAP-DC/UserModule/AddUser' is clicked on

2018-01-03 14:11:35 - [TEST_STEP][PASSED] - delay: Delayed 3 second(s)

2018-01-03 14:11:38 - [MESSAGE][PASSED] - Delayed 3 second(s)

2018-01-03 14:11:38 - [TEST_STEP][PASSED] - setText: Text 'TaushevIS' is set on object 'Object Repository/GIAP-DC/UserModule/NameUser'

2018-01-03 14:11:38 - [MESSAGE][PASSED] - Text 'TaushevIS' is set on object 'Object Repository/GIAP-DC/UserModule/NameUser'

2018-01-03 14:11:38 - [TEST_STEP][PASSED] - click: Object: 'Object Repository/GIAP-DC/UserModule/Add' is clicked on

2018-01-03 14:11:39 - [MESSAGE][PASSED] - Object: 'Object Repository/GIAP-DC/UserModule/Add' is clicked on

2018-01-03 14:11:39 - [TEST_STEP][PASSED] - delay: Delayed 3 second(s)

2018-01-03 14:11:42 - [MESSAGE][PASSED] - Delayed 3 second(s)

2018-01-03 14:11:42 - [TEST_STEP][PASSED] - verifyElementPresent: Object 'Object Repository/GIAP-DC/UserModule/Error' is present

2018-01-03 14:11:42 - [MESSAGE][PASSED] - Object 'Object Repository/GIAP-DC/UserModule/Error' is present

2018-01-03 14:11:42 - [TEST_STEP][PASSED] - closeBrowser: Browser is closed

2018-01-03 14:11:42 - [MESSAGE][PASSED] - Browser is closed]]></system-out>
         <system-err><![CDATA[]]></system-err>
      </testcase>
      <testcase name="Test Cases/UsersModule/Create/Create Valid User" classname="Test Cases/UsersModule/Create/Create Valid User" status="FAILED">
         <failure type="FAILED" message="Unable to verify text 'Новый пароль для пользователя' is present  (Root cause: Text 'Новый пароль для пользователя' is not present on page )"/>
         <system-out><![CDATA[2018-01-03 14:11:42 - [TEST_CASE][FAILED] - Test Cases/UsersModule/Create/Create Valid User: Test Cases/UsersModule/Create/Create Valid User FAILED because (of) Unable to verify text 'Новый пароль для пользователя' is present  (Root cause: Text 'Новый пароль для пользователя' is not present on page )

2018-01-03 14:11:43 - [TEST_STEP][PASSED] - callTestCase: Call Test Case 'Test Cases/UsersModule/Enter Users Module' successfully

2018-01-03 14:11:43 - [TEST_CASE][PASSED] - Test Cases/UsersModule/Enter Users Module: Test Cases/UsersModule/Enter Users Module

2018-01-03 14:11:43 - [TEST_STEP][PASSED] - callTestCase: Call Test Case 'Test Cases/Work/Valid login' successfully

2018-01-03 14:11:43 - [TEST_CASE][PASSED] - Test Cases/Work/Valid login: Test Cases/Work/Valid login

2018-01-03 14:11:43 - [TEST_STEP][PASSED] - openBrowser: Browser is opened with url: 'https://system.misnik.by:8484/index.php'

2018-01-03 14:11:46 - [MESSAGE][PASSED] - Browser is opened with url: 'https://system.misnik.by:8484/index.php'

2018-01-03 14:11:46 - [TEST_STEP][PASSED] - verifyTextPresent: Text 'Вход' is present on page 

2018-01-03 14:11:46 - [MESSAGE][PASSED] - Text 'Вход' is present on page 

2018-01-03 14:11:46 - [TEST_STEP][PASSED] - setText: Text 'TaushevIS' is set on object 'Object Repository/GIAP-DC/loginPage/input_username'

2018-01-03 14:11:46 - [MESSAGE][PASSED] - Text 'TaushevIS' is set on object 'Object Repository/GIAP-DC/loginPage/input_username'

2018-01-03 14:11:46 - [TEST_STEP][PASSED] - setText: Text 'tMYPHSIa' is set on object 'Object Repository/GIAP-DC/loginPage/input_password'

2018-01-03 14:11:46 - [MESSAGE][PASSED] - Text 'tMYPHSIa' is set on object 'Object Repository/GIAP-DC/loginPage/input_password'

2018-01-03 14:11:46 - [TEST_STEP][PASSED] - click: Object: 'Object Repository/GIAP-DC/loginPage/loginButton' is clicked on

2018-01-03 14:11:48 - [MESSAGE][PASSED] - Object: 'Object Repository/GIAP-DC/loginPage/loginButton' is clicked on

2018-01-03 14:11:48 - [TEST_STEP][PASSED] - verifyTextPresent: Text 'Главная' is present on page 

2018-01-03 14:11:48 - [MESSAGE][PASSED] - Text 'Главная' is present on page 

2018-01-03 14:11:48 - [MESSAGE][PASSED] - Call Test Case 'Test Cases/Work/Valid login' successfully

2018-01-03 14:11:48 - [TEST_STEP][PASSED] - delay: Delayed 3 second(s)

2018-01-03 14:11:51 - [MESSAGE][PASSED] - Delayed 3 second(s)

2018-01-03 14:11:51 - [TEST_STEP][PASSED] - click: Object: 'Object Repository/GIAP-DC/UserModule/ModuleBlock' is clicked on

2018-01-03 14:11:51 - [MESSAGE][PASSED] - Object: 'Object Repository/GIAP-DC/UserModule/ModuleBlock' is clicked on

2018-01-03 14:11:51 - [TEST_STEP][PASSED] - delay: Delayed 3 second(s)

2018-01-03 14:11:54 - [MESSAGE][PASSED] - Delayed 3 second(s)

2018-01-03 14:11:54 - [TEST_STEP][PASSED] - click: Object: 'Object Repository/GIAP-DC/UserModule/UsersModule' is clicked on

2018-01-03 14:11:57 - [MESSAGE][PASSED] - Object: 'Object Repository/GIAP-DC/UserModule/UsersModule' is clicked on

2018-01-03 14:11:57 - [MESSAGE][PASSED] - Call Test Case 'Test Cases/UsersModule/Enter Users Module' successfully

2018-01-03 14:11:57 - [TEST_STEP][PASSED] - delay: Delayed 3 second(s)

2018-01-03 14:12:00 - [MESSAGE][PASSED] - Delayed 3 second(s)

2018-01-03 14:12:00 - [TEST_STEP][PASSED] - click: Object: 'Object Repository/GIAP-DC/UserModule/AddUser' is clicked on

2018-01-03 14:12:01 - [MESSAGE][PASSED] - Object: 'Object Repository/GIAP-DC/UserModule/AddUser' is clicked on

2018-01-03 14:12:01 - [TEST_STEP][PASSED] - delay: Delayed 3 second(s)

2018-01-03 14:12:04 - [MESSAGE][PASSED] - Delayed 3 second(s)

2018-01-03 14:12:04 - [TEST_STEP][PASSED] - setText: Text 'Test101010' is set on object 'Object Repository/GIAP-DC/UserModule/NameUser'

2018-01-03 14:12:04 - [MESSAGE][PASSED] - Text 'Test101010' is set on object 'Object Repository/GIAP-DC/UserModule/NameUser'

2018-01-03 14:12:04 - [TEST_STEP][PASSED] - click: Object: 'Object Repository/GIAP-DC/UserModule/Add' is clicked on

2018-01-03 14:12:04 - [MESSAGE][PASSED] - Object: 'Object Repository/GIAP-DC/UserModule/Add' is clicked on

2018-01-03 14:12:04 - [TEST_STEP][PASSED] - delay: Delayed 3 second(s)

2018-01-03 14:12:07 - [MESSAGE][PASSED] - Delayed 3 second(s)

2018-01-03 14:12:07 - [TEST_STEP][FAILED] - verifyTextPresent: Unable to verify text 'Новый пароль для пользователя' is present  (Root cause: Text 'Новый пароль для пользователя' is not present on page )

2018-01-03 14:12:09 - [MESSAGE][FAILED] - Text 'Новый пароль для пользователя' is not present on page 

2018-01-03 14:12:09 - [MESSAGE][FAILED] - Unable to verify text 'Новый пароль для пользователя' is present  (Root cause: Text 'Новый пароль для пользователя' is not present on page )
[[ATTACHMENT|C:\\Users\\1aroo\\Katalon Studio\\123\\Reports\\UserModule\\20180103_141034\\1514977929149.png]]]]></system-out>
         <system-err><![CDATA[2018-01-03 14:11:42 - [TEST_CASE][FAILED] - Test Cases/UsersModule/Create/Create Valid User: Test Cases/UsersModule/Create/Create Valid User FAILED because (of) Unable to verify text 'Новый пароль для пользователя' is present  (Root cause: Text 'Новый пароль для пользователя' is not present on page )]]></system-err>
      </testcase>
      <testcase name="Test Cases/UsersModule/Edit/Delete name" classname="Test Cases/UsersModule/Edit/Delete name" status="FAILED">
         <failure type="FAILED" message="Unable to set text '' of object 'Object Repository/GIAP-DC/UserModule/input_0_1' (Root cause: org.openqa.selenium.InvalidElementStateException: invalid element state: Element is not currently interactable and may not be manipulated
  (Session info: headless chrome=63.0.3239.108)
  (Driver info: chromedriver=2.33.506120 (e3e53437346286c0bc2d2dc9aa4915ba81d9023f),platform=Windows NT 10.0.17025 x86_64) (WARNING: The server did not provide any stacktrace information)
Command duration or timeout: 0 milliseconds
Build info: version: '3.7.1', revision: '8a0099a', time: '2017-11-06T21:07:36.161Z'
System info: host: 'MAINPC', ip: '192.168.100.6', os.name: 'Windows 10', os.arch: 'amd64', os.version: '10.0', java.version: '1.8.0_102'
Driver info: com.kms.katalon.selenium.driver.CChromeDriver
Capabilities {acceptSslCerts: true, applicationCacheEnabled: false, browserConnectionEnabled: false, browserName: chrome, chrome: {chromedriverVersion: 2.33.506120 (e3e53437346286..., userDataDir: C:\Users\1aroo\AppData\Loca...}, cssSelectorsEnabled: true, databaseEnabled: false, handlesAlerts: true, hasTouchScreen: false, javascriptEnabled: true, locationContextEnabled: true, mobileEmulationEnabled: false, nativeEvents: true, networkConnectionEnabled: false, pageLoadStrategy: normal, platform: XP, platformName: XP, rotatable: false, setWindowRect: true, takesHeapSnapshot: true, takesScreenshot: true, unexpectedAlertBehaviour: , unhandledPromptBehavior: , version: 63.0.3239.108, webStorageEnabled: true}
Session ID: 863123a4753c3d79ac9d2f56172bed6c)"/>
         <system-out><![CDATA[2018-01-03 14:12:09 - [TEST_CASE][FAILED] - Test Cases/UsersModule/Edit/Delete name: Test Cases/UsersModule/Edit/Delete name FAILED because (of) Unable to set text '' of object 'Object Repository/GIAP-DC/UserModule/input_0_1' (Root cause: org.openqa.selenium.InvalidElementStateException: invalid element state: Element is not currently interactable and may not be manipulated
  (Session info: headless chrome=63.0.3239.108)
  (Driver info: chromedriver=2.33.506120 (e3e53437346286c0bc2d2dc9aa4915ba81d9023f),platform=Windows NT 10.0.17025 x86_64) (WARNING: The server did not provide any stacktrace information)
Command duration or timeout: 0 milliseconds
Build info: version: '3.7.1', revision: '8a0099a', time: '2017-11-06T21:07:36.161Z'
System info: host: 'MAINPC', ip: '192.168.100.6', os.name: 'Windows 10', os.arch: 'amd64', os.version: '10.0', java.version: '1.8.0_102'
Driver info: com.kms.katalon.selenium.driver.CChromeDriver
Capabilities {acceptSslCerts: true, applicationCacheEnabled: false, browserConnectionEnabled: false, browserName: chrome, chrome: {chromedriverVersion: 2.33.506120 (e3e53437346286..., userDataDir: C:\Users\1aroo\AppData\Loca...}, cssSelectorsEnabled: true, databaseEnabled: false, handlesAlerts: true, hasTouchScreen: false, javascriptEnabled: true, locationContextEnabled: true, mobileEmulationEnabled: false, nativeEvents: true, networkConnectionEnabled: false, pageLoadStrategy: normal, platform: XP, platformName: XP, rotatable: false, setWindowRect: true, takesHeapSnapshot: true, takesScreenshot: true, unexpectedAlertBehaviour: , unhandledPromptBehavior: , version: 63.0.3239.108, webStorageEnabled: true}
Session ID: 863123a4753c3d79ac9d2f56172bed6c)

2018-01-03 14:12:09 - [TEST_STEP][PASSED] - callTestCase: Call Test Case 'Test Cases/UsersModule/Enter Users Module' successfully

2018-01-03 14:12:09 - [TEST_CASE][PASSED] - Test Cases/UsersModule/Enter Users Module: Test Cases/UsersModule/Enter Users Module

2018-01-03 14:12:09 - [TEST_STEP][PASSED] - callTestCase: Call Test Case 'Test Cases/Work/Valid login' successfully

2018-01-03 14:12:09 - [TEST_CASE][PASSED] - Test Cases/Work/Valid login: Test Cases/Work/Valid login

2018-01-03 14:12:09 - [TEST_STEP][PASSED] - openBrowser: Browser is opened with url: 'https://system.misnik.by:8484/index.php'

2018-01-03 14:12:09 - [MESSAGE][WARNING] - A browser is already opened. Closing browser and opening a new one

2018-01-03 14:12:13 - [MESSAGE][PASSED] - Browser is opened with url: 'https://system.misnik.by:8484/index.php'

2018-01-03 14:12:13 - [TEST_STEP][PASSED] - verifyTextPresent: Text 'Вход' is present on page 

2018-01-03 14:12:13 - [MESSAGE][PASSED] - Text 'Вход' is present on page 

2018-01-03 14:12:13 - [TEST_STEP][PASSED] - setText: Text 'TaushevIS' is set on object 'Object Repository/GIAP-DC/loginPage/input_username'

2018-01-03 14:12:13 - [MESSAGE][PASSED] - Text 'TaushevIS' is set on object 'Object Repository/GIAP-DC/loginPage/input_username'

2018-01-03 14:12:13 - [TEST_STEP][PASSED] - setText: Text 'tMYPHSIa' is set on object 'Object Repository/GIAP-DC/loginPage/input_password'

2018-01-03 14:12:13 - [MESSAGE][PASSED] - Text 'tMYPHSIa' is set on object 'Object Repository/GIAP-DC/loginPage/input_password'

2018-01-03 14:12:13 - [TEST_STEP][PASSED] - click: Object: 'Object Repository/GIAP-DC/loginPage/loginButton' is clicked on

2018-01-03 14:12:16 - [MESSAGE][PASSED] - Object: 'Object Repository/GIAP-DC/loginPage/loginButton' is clicked on

2018-01-03 14:12:16 - [TEST_STEP][PASSED] - verifyTextPresent: Text 'Главная' is present on page 

2018-01-03 14:12:17 - [MESSAGE][PASSED] - Text 'Главная' is present on page 

2018-01-03 14:12:17 - [MESSAGE][PASSED] - Call Test Case 'Test Cases/Work/Valid login' successfully

2018-01-03 14:12:17 - [TEST_STEP][PASSED] - delay: Delayed 3 second(s)

2018-01-03 14:12:20 - [MESSAGE][PASSED] - Delayed 3 second(s)

2018-01-03 14:12:20 - [TEST_STEP][PASSED] - click: Object: 'Object Repository/GIAP-DC/UserModule/ModuleBlock' is clicked on

2018-01-03 14:12:20 - [MESSAGE][PASSED] - Object: 'Object Repository/GIAP-DC/UserModule/ModuleBlock' is clicked on

2018-01-03 14:12:20 - [TEST_STEP][PASSED] - delay: Delayed 3 second(s)

2018-01-03 14:12:23 - [MESSAGE][PASSED] - Delayed 3 second(s)

2018-01-03 14:12:23 - [TEST_STEP][PASSED] - click: Object: 'Object Repository/GIAP-DC/UserModule/UsersModule' is clicked on

2018-01-03 14:12:25 - [MESSAGE][PASSED] - Object: 'Object Repository/GIAP-DC/UserModule/UsersModule' is clicked on

2018-01-03 14:12:25 - [MESSAGE][PASSED] - Call Test Case 'Test Cases/UsersModule/Enter Users Module' successfully

2018-01-03 14:12:25 - [TEST_STEP][PASSED] - delay: Delayed 3 second(s)

2018-01-03 14:12:28 - [MESSAGE][PASSED] - Delayed 3 second(s)

2018-01-03 14:12:28 - [TEST_STEP][PASSED] - setText: Text 'Test101010' is set on object 'Object Repository/GIAP-DC/UserModule/search_user'

2018-01-03 14:12:28 - [MESSAGE][PASSED] - Text 'Test101010' is set on object 'Object Repository/GIAP-DC/UserModule/search_user'

2018-01-03 14:12:28 - [TEST_STEP][PASSED] - click: Object: 'Object Repository/GIAP-DC/UserModule/EditUserButton' is clicked on

2018-01-03 14:12:29 - [MESSAGE][PASSED] - Object: 'Object Repository/GIAP-DC/UserModule/EditUserButton' is clicked on

2018-01-03 14:12:29 - [TEST_STEP][PASSED] - verifyTextPresent: Text 'Редактирование пользователя' is present on page 

2018-01-03 14:12:29 - [MESSAGE][PASSED] - Text 'Редактирование пользователя' is present on page 

2018-01-03 14:12:29 - [TEST_STEP][FAILED] - setText: Unable to set text '' of object 'Object Repository/GIAP-DC/UserModule/input_0_1' (Root cause: org.openqa.selenium.InvalidElementStateException: invalid element state: Element is not currently interactable and may not be manipulated
  (Session info: headless chrome=63.0.3239.108)
  (Driver info: chromedriver=2.33.506120 (e3e53437346286c0bc2d2dc9aa4915ba81d9023f),platform=Windows NT 10.0.17025 x86_64) (WARNING: The server did not provide any stacktrace information)
Command duration or timeout: 0 milliseconds
Build info: version: '3.7.1', revision: '8a0099a', time: '2017-11-06T21:07:36.161Z'
System info: host: 'MAINPC', ip: '192.168.100.6', os.name: 'Windows 10', os.arch: 'amd64', os.version: '10.0', java.version: '1.8.0_102'
Driver info: com.kms.katalon.selenium.driver.CChromeDriver
Capabilities {acceptSslCerts: true, applicationCacheEnabled: false, browserConnectionEnabled: false, browserName: chrome, chrome: {chromedriverVersion: 2.33.506120 (e3e53437346286..., userDataDir: C:\Users\1aroo\AppData\Loca...}, cssSelectorsEnabled: true, databaseEnabled: false, handlesAlerts: true, hasTouchScreen: false, javascriptEnabled: true, locationContextEnabled: true, mobileEmulationEnabled: false, nativeEvents: true, networkConnectionEnabled: false, pageLoadStrategy: normal, platform: XP, platformName: XP, rotatable: false, setWindowRect: true, takesHeapSnapshot: true, takesScreenshot: true, unexpectedAlertBehaviour: , unhandledPromptBehavior: , version: 63.0.3239.108, webStorageEnabled: true}
Session ID: 863123a4753c3d79ac9d2f56172bed6c)

2018-01-03 14:12:29 - [MESSAGE][FAILED] - Unable to set text '' of object 'Object Repository/GIAP-DC/UserModule/input_0_1' (Root cause: org.openqa.selenium.InvalidElementStateException: invalid element state: Element is not currently interactable and may not be manipulated
  (Session info: headless chrome=63.0.3239.108)
  (Driver info: chromedriver=2.33.506120 (e3e53437346286c0bc2d2dc9aa4915ba81d9023f),platform=Windows NT 10.0.17025 x86_64) (WARNING: The server did not provide any stacktrace information)
Command duration or timeout: 0 milliseconds
Build info: version: '3.7.1', revision: '8a0099a', time: '2017-11-06T21:07:36.161Z'
System info: host: 'MAINPC', ip: '192.168.100.6', os.name: 'Windows 10', os.arch: 'amd64', os.version: '10.0', java.version: '1.8.0_102'
Driver info: com.kms.katalon.selenium.driver.CChromeDriver
Capabilities {acceptSslCerts: true, applicationCacheEnabled: false, browserConnectionEnabled: false, browserName: chrome, chrome: {chromedriverVersion: 2.33.506120 (e3e53437346286..., userDataDir: C:\Users\1aroo\AppData\Loca...}, cssSelectorsEnabled: true, databaseEnabled: false, handlesAlerts: true, hasTouchScreen: false, javascriptEnabled: true, locationContextEnabled: true, mobileEmulationEnabled: false, nativeEvents: true, networkConnectionEnabled: false, pageLoadStrategy: normal, platform: XP, platformName: XP, rotatable: false, setWindowRect: true, takesHeapSnapshot: true, takesScreenshot: true, unexpectedAlertBehaviour: , unhandledPromptBehavior: , version: 63.0.3239.108, webStorageEnabled: true}
Session ID: 863123a4753c3d79ac9d2f56172bed6c)
[[ATTACHMENT|C:\\Users\\1aroo\\Katalon Studio\\123\\Reports\\UserModule\\20180103_141034\\1514977949481.png]]]]></system-out>
         <system-err><![CDATA[2018-01-03 14:12:09 - [TEST_CASE][FAILED] - Test Cases/UsersModule/Edit/Delete name: Test Cases/UsersModule/Edit/Delete name FAILED because (of) Unable to set text '' of object 'Object Repository/GIAP-DC/UserModule/input_0_1' (Root cause: org.openqa.selenium.InvalidElementStateException: invalid element state: Element is not currently interactable and may not be manipulated
  (Session info: headless chrome=63.0.3239.108)
  (Driver info: chromedriver=2.33.506120 (e3e53437346286c0bc2d2dc9aa4915ba81d9023f),platform=Windows NT 10.0.17025 x86_64) (WARNING: The server did not provide any stacktrace information)
Command duration or timeout: 0 milliseconds
Build info: version: '3.7.1', revision: '8a0099a', time: '2017-11-06T21:07:36.161Z'
System info: host: 'MAINPC', ip: '192.168.100.6', os.name: 'Windows 10', os.arch: 'amd64', os.version: '10.0', java.version: '1.8.0_102'
Driver info: com.kms.katalon.selenium.driver.CChromeDriver
Capabilities {acceptSslCerts: true, applicationCacheEnabled: false, browserConnectionEnabled: false, browserName: chrome, chrome: {chromedriverVersion: 2.33.506120 (e3e53437346286..., userDataDir: C:\Users\1aroo\AppData\Loca...}, cssSelectorsEnabled: true, databaseEnabled: false, handlesAlerts: true, hasTouchScreen: false, javascriptEnabled: true, locationContextEnabled: true, mobileEmulationEnabled: false, nativeEvents: true, networkConnectionEnabled: false, pageLoadStrategy: normal, platform: XP, platformName: XP, rotatable: false, setWindowRect: true, takesHeapSnapshot: true, takesScreenshot: true, unexpectedAlertBehaviour: , unhandledPromptBehavior: , version: 63.0.3239.108, webStorageEnabled: true}
Session ID: 863123a4753c3d79ac9d2f56172bed6c)]]></system-err>
      </testcase>
      <testcase name="Test Cases/UsersModule/Edit/Change password" classname="Test Cases/UsersModule/Edit/Change password" status="PASSED">
         <system-out><![CDATA[2018-01-03 14:12:29 - [TEST_CASE][PASSED] - Test Cases/UsersModule/Edit/Change password: Test Cases/UsersModule/Edit/Change password

2018-01-03 14:12:30 - [TEST_STEP][PASSED] - callTestCase: Call Test Case 'Test Cases/UsersModule/Enter Users Module' successfully

2018-01-03 14:12:30 - [TEST_CASE][PASSED] - Test Cases/UsersModule/Enter Users Module: Test Cases/UsersModule/Enter Users Module

2018-01-03 14:12:30 - [TEST_STEP][PASSED] - callTestCase: Call Test Case 'Test Cases/Work/Valid login' successfully

2018-01-03 14:12:30 - [TEST_CASE][PASSED] - Test Cases/Work/Valid login: Test Cases/Work/Valid login

2018-01-03 14:12:30 - [TEST_STEP][PASSED] - openBrowser: Browser is opened with url: 'https://system.misnik.by:8484/index.php'

2018-01-03 14:12:30 - [MESSAGE][WARNING] - A browser is already opened. Closing browser and opening a new one

2018-01-03 14:12:33 - [MESSAGE][PASSED] - Browser is opened with url: 'https://system.misnik.by:8484/index.php'

2018-01-03 14:12:33 - [TEST_STEP][PASSED] - verifyTextPresent: Text 'Вход' is present on page 

2018-01-03 14:12:34 - [MESSAGE][PASSED] - Text 'Вход' is present on page 

2018-01-03 14:12:34 - [TEST_STEP][PASSED] - setText: Text 'TaushevIS' is set on object 'Object Repository/GIAP-DC/loginPage/input_username'

2018-01-03 14:12:34 - [MESSAGE][PASSED] - Text 'TaushevIS' is set on object 'Object Repository/GIAP-DC/loginPage/input_username'

2018-01-03 14:12:34 - [TEST_STEP][PASSED] - setText: Text 'tMYPHSIa' is set on object 'Object Repository/GIAP-DC/loginPage/input_password'

2018-01-03 14:12:34 - [MESSAGE][PASSED] - Text 'tMYPHSIa' is set on object 'Object Repository/GIAP-DC/loginPage/input_password'

2018-01-03 14:12:34 - [TEST_STEP][PASSED] - click: Object: 'Object Repository/GIAP-DC/loginPage/loginButton' is clicked on

2018-01-03 14:12:36 - [MESSAGE][PASSED] - Object: 'Object Repository/GIAP-DC/loginPage/loginButton' is clicked on

2018-01-03 14:12:36 - [TEST_STEP][PASSED] - verifyTextPresent: Text 'Главная' is present on page 

2018-01-03 14:12:36 - [MESSAGE][PASSED] - Text 'Главная' is present on page 

2018-01-03 14:12:36 - [MESSAGE][PASSED] - Call Test Case 'Test Cases/Work/Valid login' successfully

2018-01-03 14:12:36 - [TEST_STEP][PASSED] - delay: Delayed 3 second(s)

2018-01-03 14:12:39 - [MESSAGE][PASSED] - Delayed 3 second(s)

2018-01-03 14:12:39 - [TEST_STEP][PASSED] - click: Object: 'Object Repository/GIAP-DC/UserModule/ModuleBlock' is clicked on

2018-01-03 14:12:39 - [MESSAGE][PASSED] - Object: 'Object Repository/GIAP-DC/UserModule/ModuleBlock' is clicked on

2018-01-03 14:12:39 - [TEST_STEP][PASSED] - delay: Delayed 3 second(s)

2018-01-03 14:12:42 - [MESSAGE][PASSED] - Delayed 3 second(s)

2018-01-03 14:12:42 - [TEST_STEP][PASSED] - click: Object: 'Object Repository/GIAP-DC/UserModule/UsersModule' is clicked on

2018-01-03 14:12:45 - [MESSAGE][PASSED] - Object: 'Object Repository/GIAP-DC/UserModule/UsersModule' is clicked on

2018-01-03 14:12:45 - [MESSAGE][PASSED] - Call Test Case 'Test Cases/UsersModule/Enter Users Module' successfully

2018-01-03 14:12:45 - [TEST_STEP][PASSED] - delay: Delayed 3 second(s)

2018-01-03 14:12:48 - [MESSAGE][PASSED] - Delayed 3 second(s)

2018-01-03 14:12:48 - [TEST_STEP][PASSED] - setText: Text 'Test101010' is set on object 'Object Repository/GIAP-DC/UserModule/search_user'

2018-01-03 14:12:49 - [MESSAGE][PASSED] - Text 'Test101010' is set on object 'Object Repository/GIAP-DC/UserModule/search_user'

2018-01-03 14:12:49 - [TEST_STEP][PASSED] - click: Object: 'Object Repository/GIAP-DC/UserModule/EditUserButton' is clicked on

2018-01-03 14:12:50 - [MESSAGE][PASSED] - Object: 'Object Repository/GIAP-DC/UserModule/EditUserButton' is clicked on

2018-01-03 14:12:50 - [TEST_STEP][PASSED] - verifyTextPresent: Text 'Редактирование пользователя' is present on page 

2018-01-03 14:12:50 - [MESSAGE][PASSED] - Text 'Редактирование пользователя' is present on page 

2018-01-03 14:12:50 - [TEST_STEP][PASSED] - delay: Delayed 3 second(s)

2018-01-03 14:12:53 - [MESSAGE][PASSED] - Delayed 3 second(s)

2018-01-03 14:12:53 - [TEST_STEP][PASSED] - click: Object: 'Object Repository/GIAP-DC/UserModule/button_generate-pwd' is clicked on

2018-01-03 14:12:53 - [MESSAGE][PASSED] - Object: 'Object Repository/GIAP-DC/UserModule/button_generate-pwd' is clicked on

2018-01-03 14:12:53 - [TEST_STEP][PASSED] - click: Object: 'Object Repository/GIAP-DC/UserModule/SaveButton' is clicked on

2018-01-03 14:12:53 - [MESSAGE][PASSED] - Object: 'Object Repository/GIAP-DC/UserModule/SaveButton' is clicked on

2018-01-03 14:12:53 - [TEST_STEP][NOT_RUN] - verifyElementPresent: NOT_RUN: verifyElementPresent

2018-01-03 14:12:53 - [MESSAGE][NOT_RUN] - NOT_RUN: verifyElementPresent

2018-01-03 14:12:53 - [TEST_STEP][PASSED] - delay: Delayed 3 second(s)

2018-01-03 14:12:56 - [MESSAGE][PASSED] - Delayed 3 second(s)

2018-01-03 14:12:56 - [TEST_STEP][PASSED] - closeBrowser: Browser is closed

2018-01-03 14:12:57 - [MESSAGE][PASSED] - Browser is closed]]></system-out>
         <system-err><![CDATA[]]></system-err>
      </testcase>
      <testcase name="Test Cases/UsersModule/Edit/Change name" classname="Test Cases/UsersModule/Edit/Change name" status="PASSED">
         <system-out><![CDATA[2018-01-03 14:12:57 - [TEST_CASE][PASSED] - Test Cases/UsersModule/Edit/Change name: Test Cases/UsersModule/Edit/Change name

2018-01-03 14:12:57 - [TEST_STEP][PASSED] - callTestCase: Call Test Case 'Test Cases/UsersModule/Enter Users Module' successfully

2018-01-03 14:12:57 - [TEST_CASE][PASSED] - Test Cases/UsersModule/Enter Users Module: Test Cases/UsersModule/Enter Users Module

2018-01-03 14:12:57 - [TEST_STEP][PASSED] - callTestCase: Call Test Case 'Test Cases/Work/Valid login' successfully

2018-01-03 14:12:57 - [TEST_CASE][PASSED] - Test Cases/Work/Valid login: Test Cases/Work/Valid login

2018-01-03 14:12:57 - [TEST_STEP][PASSED] - openBrowser: Browser is opened with url: 'https://system.misnik.by:8484/index.php'

2018-01-03 14:13:00 - [MESSAGE][PASSED] - Browser is opened with url: 'https://system.misnik.by:8484/index.php'

2018-01-03 14:13:00 - [TEST_STEP][PASSED] - verifyTextPresent: Text 'Вход' is present on page 

2018-01-03 14:13:00 - [MESSAGE][PASSED] - Text 'Вход' is present on page 

2018-01-03 14:13:00 - [TEST_STEP][PASSED] - setText: Text 'TaushevIS' is set on object 'Object Repository/GIAP-DC/loginPage/input_username'

2018-01-03 14:13:01 - [MESSAGE][PASSED] - Text 'TaushevIS' is set on object 'Object Repository/GIAP-DC/loginPage/input_username'

2018-01-03 14:13:01 - [TEST_STEP][PASSED] - setText: Text 'tMYPHSIa' is set on object 'Object Repository/GIAP-DC/loginPage/input_password'

2018-01-03 14:13:01 - [MESSAGE][PASSED] - Text 'tMYPHSIa' is set on object 'Object Repository/GIAP-DC/loginPage/input_password'

2018-01-03 14:13:01 - [TEST_STEP][PASSED] - click: Object: 'Object Repository/GIAP-DC/loginPage/loginButton' is clicked on

2018-01-03 14:13:03 - [MESSAGE][PASSED] - Object: 'Object Repository/GIAP-DC/loginPage/loginButton' is clicked on

2018-01-03 14:13:03 - [TEST_STEP][PASSED] - verifyTextPresent: Text 'Главная' is present on page 

2018-01-03 14:13:03 - [MESSAGE][PASSED] - Text 'Главная' is present on page 

2018-01-03 14:13:03 - [MESSAGE][PASSED] - Call Test Case 'Test Cases/Work/Valid login' successfully

2018-01-03 14:13:03 - [TEST_STEP][PASSED] - delay: Delayed 3 second(s)

2018-01-03 14:13:06 - [MESSAGE][PASSED] - Delayed 3 second(s)

2018-01-03 14:13:06 - [TEST_STEP][PASSED] - click: Object: 'Object Repository/GIAP-DC/UserModule/ModuleBlock' is clicked on

2018-01-03 14:13:06 - [MESSAGE][PASSED] - Object: 'Object Repository/GIAP-DC/UserModule/ModuleBlock' is clicked on

2018-01-03 14:13:06 - [TEST_STEP][PASSED] - delay: Delayed 3 second(s)

2018-01-03 14:13:09 - [MESSAGE][PASSED] - Delayed 3 second(s)

2018-01-03 14:13:09 - [TEST_STEP][PASSED] - click: Object: 'Object Repository/GIAP-DC/UserModule/UsersModule' is clicked on

2018-01-03 14:13:12 - [MESSAGE][PASSED] - Object: 'Object Repository/GIAP-DC/UserModule/UsersModule' is clicked on

2018-01-03 14:13:12 - [MESSAGE][PASSED] - Call Test Case 'Test Cases/UsersModule/Enter Users Module' successfully

2018-01-03 14:13:12 - [TEST_STEP][PASSED] - delay: Delayed 3 second(s)

2018-01-03 14:13:15 - [MESSAGE][PASSED] - Delayed 3 second(s)

2018-01-03 14:13:15 - [TEST_STEP][PASSED] - setText: Text 'Test101010' is set on object 'Object Repository/GIAP-DC/UserModule/search_user'

2018-01-03 14:13:15 - [MESSAGE][PASSED] - Text 'Test101010' is set on object 'Object Repository/GIAP-DC/UserModule/search_user'

2018-01-03 14:13:15 - [TEST_STEP][PASSED] - click: Object: 'Object Repository/GIAP-DC/UserModule/EditUserButton' is clicked on

2018-01-03 14:13:16 - [MESSAGE][PASSED] - Object: 'Object Repository/GIAP-DC/UserModule/EditUserButton' is clicked on

2018-01-03 14:13:16 - [TEST_STEP][PASSED] - verifyTextPresent: Text 'Редактирование пользователя' is present on page 

2018-01-03 14:13:16 - [MESSAGE][PASSED] - Text 'Редактирование пользователя' is present on page 

2018-01-03 14:13:16 - [TEST_STEP][PASSED] - delay: Delayed 3 second(s)

2018-01-03 14:13:19 - [MESSAGE][PASSED] - Delayed 3 second(s)

2018-01-03 14:13:19 - [TEST_STEP][PASSED] - setText: Text 'Test1010' is set on object 'Object Repository/GIAP-DC/UserModule/input_0_1'

2018-01-03 14:13:19 - [MESSAGE][PASSED] - Text 'Test1010' is set on object 'Object Repository/GIAP-DC/UserModule/input_0_1'

2018-01-03 14:13:19 - [TEST_STEP][PASSED] - click: Object: 'Object Repository/GIAP-DC/UserModule/SaveButton' is clicked on

2018-01-03 14:13:20 - [MESSAGE][PASSED] - Object: 'Object Repository/GIAP-DC/UserModule/SaveButton' is clicked on

2018-01-03 14:13:20 - [TEST_STEP][NOT_RUN] - verifyElementPresent: NOT_RUN: verifyElementPresent

2018-01-03 14:13:20 - [MESSAGE][NOT_RUN] - NOT_RUN: verifyElementPresent

2018-01-03 14:13:20 - [TEST_STEP][PASSED] - closeBrowser: Browser is closed

2018-01-03 14:13:20 - [MESSAGE][PASSED] - Browser is closed]]></system-out>
         <system-err><![CDATA[]]></system-err>
      </testcase>
      <testcase name="Test Cases/UsersModule/Search/Search not existing user" classname="Test Cases/UsersModule/Search/Search not existing user" status="PASSED">
         <system-out><![CDATA[2018-01-03 14:13:20 - [TEST_CASE][PASSED] - Test Cases/UsersModule/Search/Search not existing user: Test Cases/UsersModule/Search/Search not existing user

2018-01-03 14:13:21 - [TEST_STEP][PASSED] - callTestCase: Call Test Case 'Test Cases/UsersModule/Enter Users Module' successfully

2018-01-03 14:13:21 - [TEST_CASE][PASSED] - Test Cases/UsersModule/Enter Users Module: Test Cases/UsersModule/Enter Users Module

2018-01-03 14:13:21 - [TEST_STEP][PASSED] - callTestCase: Call Test Case 'Test Cases/Work/Valid login' successfully

2018-01-03 14:13:21 - [TEST_CASE][PASSED] - Test Cases/Work/Valid login: Test Cases/Work/Valid login

2018-01-03 14:13:21 - [TEST_STEP][PASSED] - openBrowser: Browser is opened with url: 'https://system.misnik.by:8484/index.php'

2018-01-03 14:13:24 - [MESSAGE][PASSED] - Browser is opened with url: 'https://system.misnik.by:8484/index.php'

2018-01-03 14:13:24 - [TEST_STEP][PASSED] - verifyTextPresent: Text 'Вход' is present on page 

2018-01-03 14:13:24 - [MESSAGE][PASSED] - Text 'Вход' is present on page 

2018-01-03 14:13:24 - [TEST_STEP][PASSED] - setText: Text 'TaushevIS' is set on object 'Object Repository/GIAP-DC/loginPage/input_username'

2018-01-03 14:13:25 - [MESSAGE][PASSED] - Text 'TaushevIS' is set on object 'Object Repository/GIAP-DC/loginPage/input_username'

2018-01-03 14:13:25 - [TEST_STEP][PASSED] - setText: Text 'tMYPHSIa' is set on object 'Object Repository/GIAP-DC/loginPage/input_password'

2018-01-03 14:13:25 - [MESSAGE][PASSED] - Text 'tMYPHSIa' is set on object 'Object Repository/GIAP-DC/loginPage/input_password'

2018-01-03 14:13:25 - [TEST_STEP][PASSED] - click: Object: 'Object Repository/GIAP-DC/loginPage/loginButton' is clicked on

2018-01-03 14:13:27 - [MESSAGE][PASSED] - Object: 'Object Repository/GIAP-DC/loginPage/loginButton' is clicked on

2018-01-03 14:13:27 - [TEST_STEP][PASSED] - verifyTextPresent: Text 'Главная' is present on page 

2018-01-03 14:13:27 - [MESSAGE][PASSED] - Text 'Главная' is present on page 

2018-01-03 14:13:27 - [MESSAGE][PASSED] - Call Test Case 'Test Cases/Work/Valid login' successfully

2018-01-03 14:13:27 - [TEST_STEP][PASSED] - delay: Delayed 3 second(s)

2018-01-03 14:13:30 - [MESSAGE][PASSED] - Delayed 3 second(s)

2018-01-03 14:13:30 - [TEST_STEP][PASSED] - click: Object: 'Object Repository/GIAP-DC/UserModule/ModuleBlock' is clicked on

2018-01-03 14:13:30 - [MESSAGE][PASSED] - Object: 'Object Repository/GIAP-DC/UserModule/ModuleBlock' is clicked on

2018-01-03 14:13:30 - [TEST_STEP][PASSED] - delay: Delayed 3 second(s)

2018-01-03 14:13:33 - [MESSAGE][PASSED] - Delayed 3 second(s)

2018-01-03 14:13:33 - [TEST_STEP][PASSED] - click: Object: 'Object Repository/GIAP-DC/UserModule/UsersModule' is clicked on

2018-01-03 14:13:36 - [MESSAGE][PASSED] - Object: 'Object Repository/GIAP-DC/UserModule/UsersModule' is clicked on

2018-01-03 14:13:36 - [MESSAGE][PASSED] - Call Test Case 'Test Cases/UsersModule/Enter Users Module' successfully

2018-01-03 14:13:36 - [TEST_STEP][PASSED] - setText: Text 'test10101010' is set on object 'Object Repository/GIAP-DC/UserModule/search_user'

2018-01-03 14:13:37 - [MESSAGE][PASSED] - Text 'test10101010' is set on object 'Object Repository/GIAP-DC/UserModule/search_user'

2018-01-03 14:13:37 - [TEST_STEP][PASSED] - verifyTextPresent: Text 'Ничего не найдено' is present on page 

2018-01-03 14:13:37 - [MESSAGE][PASSED] - Text 'Ничего не найдено' is present on page 

2018-01-03 14:13:37 - [TEST_STEP][PASSED] - delay: Delayed 3 second(s)

2018-01-03 14:13:40 - [MESSAGE][PASSED] - Delayed 3 second(s)

2018-01-03 14:13:40 - [TEST_STEP][PASSED] - closeBrowser: Browser is closed

2018-01-03 14:13:41 - [MESSAGE][PASSED] - Browser is closed]]></system-out>
         <system-err><![CDATA[]]></system-err>
      </testcase>
      <testcase name="Test Cases/UsersModule/Search/Search user" classname="Test Cases/UsersModule/Search/Search user" status="PASSED">
         <system-out><![CDATA[2018-01-03 14:13:41 - [TEST_CASE][PASSED] - Test Cases/UsersModule/Search/Search user: Test Cases/UsersModule/Search/Search user

2018-01-03 14:13:41 - [TEST_STEP][PASSED] - callTestCase: Call Test Case 'Test Cases/UsersModule/Enter Users Module' successfully

2018-01-03 14:13:41 - [TEST_CASE][PASSED] - Test Cases/UsersModule/Enter Users Module: Test Cases/UsersModule/Enter Users Module

2018-01-03 14:13:41 - [TEST_STEP][PASSED] - callTestCase: Call Test Case 'Test Cases/Work/Valid login' successfully

2018-01-03 14:13:42 - [TEST_CASE][PASSED] - Test Cases/Work/Valid login: Test Cases/Work/Valid login

2018-01-03 14:13:42 - [TEST_STEP][PASSED] - openBrowser: Browser is opened with url: 'https://system.misnik.by:8484/index.php'

2018-01-03 14:13:44 - [MESSAGE][PASSED] - Browser is opened with url: 'https://system.misnik.by:8484/index.php'

2018-01-03 14:13:44 - [TEST_STEP][PASSED] - verifyTextPresent: Text 'Вход' is present on page 

2018-01-03 14:13:45 - [MESSAGE][PASSED] - Text 'Вход' is present on page 

2018-01-03 14:13:45 - [TEST_STEP][PASSED] - setText: Text 'TaushevIS' is set on object 'Object Repository/GIAP-DC/loginPage/input_username'

2018-01-03 14:13:45 - [MESSAGE][PASSED] - Text 'TaushevIS' is set on object 'Object Repository/GIAP-DC/loginPage/input_username'

2018-01-03 14:13:45 - [TEST_STEP][PASSED] - setText: Text 'tMYPHSIa' is set on object 'Object Repository/GIAP-DC/loginPage/input_password'

2018-01-03 14:13:45 - [MESSAGE][PASSED] - Text 'tMYPHSIa' is set on object 'Object Repository/GIAP-DC/loginPage/input_password'

2018-01-03 14:13:45 - [TEST_STEP][PASSED] - click: Object: 'Object Repository/GIAP-DC/loginPage/loginButton' is clicked on

2018-01-03 14:13:49 - [MESSAGE][PASSED] - Object: 'Object Repository/GIAP-DC/loginPage/loginButton' is clicked on

2018-01-03 14:13:49 - [TEST_STEP][PASSED] - verifyTextPresent: Text 'Главная' is present on page 

2018-01-03 14:13:49 - [MESSAGE][PASSED] - Text 'Главная' is present on page 

2018-01-03 14:13:49 - [MESSAGE][PASSED] - Call Test Case 'Test Cases/Work/Valid login' successfully

2018-01-03 14:13:49 - [TEST_STEP][PASSED] - delay: Delayed 3 second(s)

2018-01-03 14:13:52 - [MESSAGE][PASSED] - Delayed 3 second(s)

2018-01-03 14:13:52 - [TEST_STEP][PASSED] - click: Object: 'Object Repository/GIAP-DC/UserModule/ModuleBlock' is clicked on

2018-01-03 14:13:52 - [MESSAGE][PASSED] - Object: 'Object Repository/GIAP-DC/UserModule/ModuleBlock' is clicked on

2018-01-03 14:13:52 - [TEST_STEP][PASSED] - delay: Delayed 3 second(s)

2018-01-03 14:13:55 - [MESSAGE][PASSED] - Delayed 3 second(s)

2018-01-03 14:13:55 - [TEST_STEP][PASSED] - click: Object: 'Object Repository/GIAP-DC/UserModule/UsersModule' is clicked on

2018-01-03 14:13:58 - [MESSAGE][PASSED] - Object: 'Object Repository/GIAP-DC/UserModule/UsersModule' is clicked on

2018-01-03 14:13:58 - [MESSAGE][PASSED] - Call Test Case 'Test Cases/UsersModule/Enter Users Module' successfully

2018-01-03 14:13:58 - [TEST_STEP][PASSED] - delay: Delayed 3 second(s)

2018-01-03 14:14:01 - [MESSAGE][PASSED] - Delayed 3 second(s)

2018-01-03 14:14:01 - [TEST_STEP][PASSED] - setText: Text 'Test1010' is set on object 'Object Repository/GIAP-DC/UserModule/search_user'

2018-01-03 14:14:02 - [MESSAGE][PASSED] - Text 'Test1010' is set on object 'Object Repository/GIAP-DC/UserModule/search_user'

2018-01-03 14:14:02 - [TEST_STEP][PASSED] - delay: Delayed 3 second(s)

2018-01-03 14:14:05 - [MESSAGE][PASSED] - Delayed 3 second(s)

2018-01-03 14:14:05 - [TEST_STEP][NOT_RUN] - click: NOT_RUN: click

2018-01-03 14:14:05 - [MESSAGE][NOT_RUN] - NOT_RUN: click

2018-01-03 14:14:05 - [TEST_STEP][PASSED] - delay: Delayed 3 second(s)

2018-01-03 14:14:08 - [MESSAGE][PASSED] - Delayed 3 second(s)

2018-01-03 14:14:08 - [TEST_STEP][PASSED] - closeBrowser: Browser is closed

2018-01-03 14:14:09 - [MESSAGE][PASSED] - Browser is closed]]></system-out>
         <system-err><![CDATA[]]></system-err>
      </testcase>
      <testcase name="Test Cases/UsersModule/Block/Block User" classname="Test Cases/UsersModule/Block/Block User" status="PASSED">
         <system-out><![CDATA[2018-01-03 14:14:09 - [TEST_CASE][PASSED] - Test Cases/UsersModule/Block/Block User: Test Cases/UsersModule/Block/Block User

2018-01-03 14:14:09 - [TEST_STEP][PASSED] - callTestCase: Call Test Case 'Test Cases/UsersModule/Enter Users Module' successfully

2018-01-03 14:14:09 - [TEST_CASE][PASSED] - Test Cases/UsersModule/Enter Users Module: Test Cases/UsersModule/Enter Users Module

2018-01-03 14:14:09 - [TEST_STEP][PASSED] - callTestCase: Call Test Case 'Test Cases/Work/Valid login' successfully

2018-01-03 14:14:09 - [TEST_CASE][PASSED] - Test Cases/Work/Valid login: Test Cases/Work/Valid login

2018-01-03 14:14:09 - [TEST_STEP][PASSED] - openBrowser: Browser is opened with url: 'https://system.misnik.by:8484/index.php'

2018-01-03 14:14:13 - [MESSAGE][PASSED] - Browser is opened with url: 'https://system.misnik.by:8484/index.php'

2018-01-03 14:14:13 - [TEST_STEP][PASSED] - verifyTextPresent: Text 'Вход' is present on page 

2018-01-03 14:14:13 - [MESSAGE][PASSED] - Text 'Вход' is present on page 

2018-01-03 14:14:13 - [TEST_STEP][PASSED] - setText: Text 'TaushevIS' is set on object 'Object Repository/GIAP-DC/loginPage/input_username'

2018-01-03 14:14:13 - [MESSAGE][PASSED] - Text 'TaushevIS' is set on object 'Object Repository/GIAP-DC/loginPage/input_username'

2018-01-03 14:14:13 - [TEST_STEP][PASSED] - setText: Text 'tMYPHSIa' is set on object 'Object Repository/GIAP-DC/loginPage/input_password'

2018-01-03 14:14:13 - [MESSAGE][PASSED] - Text 'tMYPHSIa' is set on object 'Object Repository/GIAP-DC/loginPage/input_password'

2018-01-03 14:14:13 - [TEST_STEP][PASSED] - click: Object: 'Object Repository/GIAP-DC/loginPage/loginButton' is clicked on

2018-01-03 14:14:15 - [MESSAGE][PASSED] - Object: 'Object Repository/GIAP-DC/loginPage/loginButton' is clicked on

2018-01-03 14:14:15 - [TEST_STEP][PASSED] - verifyTextPresent: Text 'Главная' is present on page 

2018-01-03 14:14:16 - [MESSAGE][PASSED] - Text 'Главная' is present on page 

2018-01-03 14:14:16 - [MESSAGE][PASSED] - Call Test Case 'Test Cases/Work/Valid login' successfully

2018-01-03 14:14:16 - [TEST_STEP][PASSED] - delay: Delayed 3 second(s)

2018-01-03 14:14:19 - [MESSAGE][PASSED] - Delayed 3 second(s)

2018-01-03 14:14:19 - [TEST_STEP][PASSED] - click: Object: 'Object Repository/GIAP-DC/UserModule/ModuleBlock' is clicked on

2018-01-03 14:14:19 - [MESSAGE][PASSED] - Object: 'Object Repository/GIAP-DC/UserModule/ModuleBlock' is clicked on

2018-01-03 14:14:19 - [TEST_STEP][PASSED] - delay: Delayed 3 second(s)

2018-01-03 14:14:22 - [MESSAGE][PASSED] - Delayed 3 second(s)

2018-01-03 14:14:22 - [TEST_STEP][PASSED] - click: Object: 'Object Repository/GIAP-DC/UserModule/UsersModule' is clicked on

2018-01-03 14:14:24 - [MESSAGE][PASSED] - Object: 'Object Repository/GIAP-DC/UserModule/UsersModule' is clicked on

2018-01-03 14:14:24 - [MESSAGE][PASSED] - Call Test Case 'Test Cases/UsersModule/Enter Users Module' successfully

2018-01-03 14:14:24 - [TEST_STEP][PASSED] - delay: Delayed 3 second(s)

2018-01-03 14:14:27 - [MESSAGE][PASSED] - Delayed 3 second(s)

2018-01-03 14:14:27 - [TEST_STEP][PASSED] - setText: Text 'Test1010' is set on object 'Object Repository/GIAP-DC/UserModule/search_user'

2018-01-03 14:14:27 - [MESSAGE][PASSED] - Text 'Test1010' is set on object 'Object Repository/GIAP-DC/UserModule/search_user'

2018-01-03 14:14:27 - [TEST_STEP][PASSED] - click: Object: 'Object Repository/GIAP-DC/UserModule/a_block btn red-sunglo' is clicked on

2018-01-03 14:14:28 - [MESSAGE][PASSED] - Object: 'Object Repository/GIAP-DC/UserModule/a_block btn red-sunglo' is clicked on

2018-01-03 14:14:28 - [TEST_STEP][NOT_RUN] - verifyTextPresent: NOT_RUN: verifyTextPresent

2018-01-03 14:14:28 - [MESSAGE][NOT_RUN] - NOT_RUN: verifyTextPresent

2018-01-03 14:14:28 - [TEST_STEP][PASSED] - delay: Delayed 3 second(s)

2018-01-03 14:14:31 - [MESSAGE][PASSED] - Delayed 3 second(s)

2018-01-03 14:14:31 - [TEST_STEP][PASSED] - click: Object: 'Object Repository/GIAP-DC/UserModule/CancelBlockButton' is clicked on

2018-01-03 14:14:31 - [MESSAGE][PASSED] - Object: 'Object Repository/GIAP-DC/UserModule/CancelBlockButton' is clicked on

2018-01-03 14:14:31 - [TEST_STEP][PASSED] - delay: Delayed 3 second(s)

2018-01-03 14:14:34 - [MESSAGE][PASSED] - Delayed 3 second(s)

2018-01-03 14:14:34 - [TEST_STEP][PASSED] - click: Object: 'Object Repository/GIAP-DC/UserModule/a_block btn red-sunglo' is clicked on

2018-01-03 14:14:34 - [MESSAGE][PASSED] - Object: 'Object Repository/GIAP-DC/UserModule/a_block btn red-sunglo' is clicked on

2018-01-03 14:14:34 - [TEST_STEP][PASSED] - delay: Delayed 3 second(s)

2018-01-03 14:14:37 - [MESSAGE][PASSED] - Delayed 3 second(s)

2018-01-03 14:14:37 - [TEST_STEP][NOT_RUN] - click: NOT_RUN: click

2018-01-03 14:14:37 - [MESSAGE][NOT_RUN] - NOT_RUN: click

2018-01-03 14:14:37 - [TEST_STEP][PASSED] - click: Object: 'Object Repository/GIAP-DC/UserModule/BlockUserButton' is clicked on

2018-01-03 14:14:37 - [MESSAGE][PASSED] - Object: 'Object Repository/GIAP-DC/UserModule/BlockUserButton' is clicked on

2018-01-03 14:14:37 - [TEST_STEP][PASSED] - verifyElementPresent: Object 'Object Repository/GIAP-DC/UserModule/div_toast toast-success' is present

2018-01-03 14:14:38 - [MESSAGE][PASSED] - Object 'Object Repository/GIAP-DC/UserModule/div_toast toast-success' is present

2018-01-03 14:14:38 - [TEST_STEP][PASSED] - closeBrowser: Browser is closed

2018-01-03 14:14:39 - [MESSAGE][PASSED] - Browser is closed]]></system-out>
         <system-err><![CDATA[]]></system-err>
      </testcase>
      <testcase name="Test Cases/UsersModule/Block/Unblock User" classname="Test Cases/UsersModule/Block/Unblock User" status="PASSED">
         <system-out><![CDATA[2018-01-03 14:14:39 - [TEST_CASE][PASSED] - Test Cases/UsersModule/Block/Unblock User: Test Cases/UsersModule/Block/Unblock User

2018-01-03 14:14:39 - [TEST_STEP][PASSED] - callTestCase: Call Test Case 'Test Cases/UsersModule/Enter Users Module' successfully

2018-01-03 14:14:39 - [TEST_CASE][PASSED] - Test Cases/UsersModule/Enter Users Module: Test Cases/UsersModule/Enter Users Module

2018-01-03 14:14:39 - [TEST_STEP][PASSED] - callTestCase: Call Test Case 'Test Cases/Work/Valid login' successfully

2018-01-03 14:14:39 - [TEST_CASE][PASSED] - Test Cases/Work/Valid login: Test Cases/Work/Valid login

2018-01-03 14:14:39 - [TEST_STEP][PASSED] - openBrowser: Browser is opened with url: 'https://system.misnik.by:8484/index.php'

2018-01-03 14:14:42 - [MESSAGE][PASSED] - Browser is opened with url: 'https://system.misnik.by:8484/index.php'

2018-01-03 14:14:42 - [TEST_STEP][PASSED] - verifyTextPresent: Text 'Вход' is present on page 

2018-01-03 14:14:42 - [MESSAGE][PASSED] - Text 'Вход' is present on page 

2018-01-03 14:14:42 - [TEST_STEP][PASSED] - setText: Text 'TaushevIS' is set on object 'Object Repository/GIAP-DC/loginPage/input_username'

2018-01-03 14:14:42 - [MESSAGE][PASSED] - Text 'TaushevIS' is set on object 'Object Repository/GIAP-DC/loginPage/input_username'

2018-01-03 14:14:42 - [TEST_STEP][PASSED] - setText: Text 'tMYPHSIa' is set on object 'Object Repository/GIAP-DC/loginPage/input_password'

2018-01-03 14:14:43 - [MESSAGE][PASSED] - Text 'tMYPHSIa' is set on object 'Object Repository/GIAP-DC/loginPage/input_password'

2018-01-03 14:14:43 - [TEST_STEP][PASSED] - click: Object: 'Object Repository/GIAP-DC/loginPage/loginButton' is clicked on

2018-01-03 14:14:44 - [MESSAGE][PASSED] - Object: 'Object Repository/GIAP-DC/loginPage/loginButton' is clicked on

2018-01-03 14:14:44 - [TEST_STEP][PASSED] - verifyTextPresent: Text 'Главная' is present on page 

2018-01-03 14:14:45 - [MESSAGE][PASSED] - Text 'Главная' is present on page 

2018-01-03 14:14:45 - [MESSAGE][PASSED] - Call Test Case 'Test Cases/Work/Valid login' successfully

2018-01-03 14:14:45 - [TEST_STEP][PASSED] - delay: Delayed 3 second(s)

2018-01-03 14:14:48 - [MESSAGE][PASSED] - Delayed 3 second(s)

2018-01-03 14:14:48 - [TEST_STEP][PASSED] - click: Object: 'Object Repository/GIAP-DC/UserModule/ModuleBlock' is clicked on

2018-01-03 14:14:48 - [MESSAGE][PASSED] - Object: 'Object Repository/GIAP-DC/UserModule/ModuleBlock' is clicked on

2018-01-03 14:14:48 - [TEST_STEP][PASSED] - delay: Delayed 3 second(s)

2018-01-03 14:14:51 - [MESSAGE][PASSED] - Delayed 3 second(s)

2018-01-03 14:14:51 - [TEST_STEP][PASSED] - click: Object: 'Object Repository/GIAP-DC/UserModule/UsersModule' is clicked on

2018-01-03 14:14:53 - [MESSAGE][PASSED] - Object: 'Object Repository/GIAP-DC/UserModule/UsersModule' is clicked on

2018-01-03 14:14:53 - [MESSAGE][PASSED] - Call Test Case 'Test Cases/UsersModule/Enter Users Module' successfully

2018-01-03 14:14:53 - [TEST_STEP][PASSED] - delay: Delayed 3 second(s)

2018-01-03 14:14:56 - [MESSAGE][PASSED] - Delayed 3 second(s)

2018-01-03 14:14:56 - [TEST_STEP][PASSED] - setText: Text 'Test1010' is set on object 'Object Repository/GIAP-DC/UserModule/search_user'

2018-01-03 14:14:57 - [MESSAGE][PASSED] - Text 'Test1010' is set on object 'Object Repository/GIAP-DC/UserModule/search_user'

2018-01-03 14:14:57 - [TEST_STEP][PASSED] - click: Object: 'Object Repository/GIAP-DC/UserModule/a_unblock btn green-dark' is clicked on

2018-01-03 14:14:57 - [MESSAGE][PASSED] - Object: 'Object Repository/GIAP-DC/UserModule/a_unblock btn green-dark' is clicked on

2018-01-03 14:14:57 - [TEST_STEP][PASSED] - delay: Delayed 3 second(s)

2018-01-03 14:15:00 - [MESSAGE][PASSED] - Delayed 3 second(s)

2018-01-03 14:15:00 - [TEST_STEP][PASSED] - click: Object: 'Object Repository/GIAP-DC/UserModule/HeaderUnblockUser' is clicked on

2018-01-03 14:15:00 - [MESSAGE][PASSED] - Object: 'Object Repository/GIAP-DC/UserModule/HeaderUnblockUser' is clicked on

2018-01-03 14:15:00 - [TEST_STEP][PASSED] - click: Object: 'Object Repository/GIAP-DC/UserModule/UnblockUserButton' is clicked on

2018-01-03 14:15:00 - [MESSAGE][PASSED] - Object: 'Object Repository/GIAP-DC/UserModule/UnblockUserButton' is clicked on

2018-01-03 14:15:00 - [TEST_STEP][PASSED] - verifyElementPresent: Object 'Object Repository/GIAP-DC/UserModule/div_toast toast-success' is present

2018-01-03 14:15:01 - [MESSAGE][PASSED] - Object 'Object Repository/GIAP-DC/UserModule/div_toast toast-success' is present

2018-01-03 14:15:01 - [TEST_STEP][PASSED] - closeBrowser: Browser is closed

2018-01-03 14:15:01 - [MESSAGE][PASSED] - Browser is closed]]></system-out>
         <system-err><![CDATA[]]></system-err>
      </testcase>
      <testcase name="Test Cases/UsersModule/Change Right/Change all right" classname="Test Cases/UsersModule/Change Right/Change all right" status="PASSED">
         <system-out><![CDATA[2018-01-03 14:15:02 - [TEST_CASE][PASSED] - Test Cases/UsersModule/Change Right/Change all right: Test Cases/UsersModule/Change Right/Change all right

2018-01-03 14:15:02 - [TEST_STEP][PASSED] - callTestCase: Call Test Case 'Test Cases/UsersModule/Enter Users Module' successfully

2018-01-03 14:15:02 - [TEST_CASE][PASSED] - Test Cases/UsersModule/Enter Users Module: Test Cases/UsersModule/Enter Users Module

2018-01-03 14:15:02 - [TEST_STEP][PASSED] - callTestCase: Call Test Case 'Test Cases/Work/Valid login' successfully

2018-01-03 14:15:02 - [TEST_CASE][PASSED] - Test Cases/Work/Valid login: Test Cases/Work/Valid login

2018-01-03 14:15:02 - [TEST_STEP][PASSED] - openBrowser: Browser is opened with url: 'https://system.misnik.by:8484/index.php'

2018-01-03 14:15:05 - [MESSAGE][PASSED] - Browser is opened with url: 'https://system.misnik.by:8484/index.php'

2018-01-03 14:15:05 - [TEST_STEP][PASSED] - verifyTextPresent: Text 'Вход' is present on page 

2018-01-03 14:15:05 - [MESSAGE][PASSED] - Text 'Вход' is present on page 

2018-01-03 14:15:05 - [TEST_STEP][PASSED] - setText: Text 'TaushevIS' is set on object 'Object Repository/GIAP-DC/loginPage/input_username'

2018-01-03 14:15:05 - [MESSAGE][PASSED] - Text 'TaushevIS' is set on object 'Object Repository/GIAP-DC/loginPage/input_username'

2018-01-03 14:15:05 - [TEST_STEP][PASSED] - setText: Text 'tMYPHSIa' is set on object 'Object Repository/GIAP-DC/loginPage/input_password'

2018-01-03 14:15:06 - [MESSAGE][PASSED] - Text 'tMYPHSIa' is set on object 'Object Repository/GIAP-DC/loginPage/input_password'

2018-01-03 14:15:06 - [TEST_STEP][PASSED] - click: Object: 'Object Repository/GIAP-DC/loginPage/loginButton' is clicked on

2018-01-03 14:15:07 - [MESSAGE][PASSED] - Object: 'Object Repository/GIAP-DC/loginPage/loginButton' is clicked on

2018-01-03 14:15:07 - [TEST_STEP][PASSED] - verifyTextPresent: Text 'Главная' is present on page 

2018-01-03 14:15:08 - [MESSAGE][PASSED] - Text 'Главная' is present on page 

2018-01-03 14:15:08 - [MESSAGE][PASSED] - Call Test Case 'Test Cases/Work/Valid login' successfully

2018-01-03 14:15:08 - [TEST_STEP][PASSED] - delay: Delayed 3 second(s)

2018-01-03 14:15:11 - [MESSAGE][PASSED] - Delayed 3 second(s)

2018-01-03 14:15:11 - [TEST_STEP][PASSED] - click: Object: 'Object Repository/GIAP-DC/UserModule/ModuleBlock' is clicked on

2018-01-03 14:15:11 - [MESSAGE][PASSED] - Object: 'Object Repository/GIAP-DC/UserModule/ModuleBlock' is clicked on

2018-01-03 14:15:11 - [TEST_STEP][PASSED] - delay: Delayed 3 second(s)

2018-01-03 14:15:14 - [MESSAGE][PASSED] - Delayed 3 second(s)

2018-01-03 14:15:14 - [TEST_STEP][PASSED] - click: Object: 'Object Repository/GIAP-DC/UserModule/UsersModule' is clicked on

2018-01-03 14:15:17 - [MESSAGE][PASSED] - Object: 'Object Repository/GIAP-DC/UserModule/UsersModule' is clicked on

2018-01-03 14:15:17 - [MESSAGE][PASSED] - Call Test Case 'Test Cases/UsersModule/Enter Users Module' successfully

2018-01-03 14:15:17 - [TEST_STEP][PASSED] - delay: Delayed 3 second(s)

2018-01-03 14:15:20 - [MESSAGE][PASSED] - Delayed 3 second(s)

2018-01-03 14:15:20 - [TEST_STEP][PASSED] - setText: Text 'Test1010' is set on object 'Object Repository/GIAP-DC/UserModule/search_user'

2018-01-03 14:15:21 - [MESSAGE][PASSED] - Text 'Test1010' is set on object 'Object Repository/GIAP-DC/UserModule/search_user'

2018-01-03 14:15:21 - [TEST_STEP][PASSED] - delay: Delayed 3 second(s)

2018-01-03 14:15:24 - [MESSAGE][PASSED] - Delayed 3 second(s)

2018-01-03 14:15:24 - [TEST_STEP][PASSED] - click: Object: 'Object Repository/GIAP-DC/UserModule/EditRightUserButton' is clicked on

2018-01-03 14:15:24 - [MESSAGE][PASSED] - Object: 'Object Repository/GIAP-DC/UserModule/EditRightUserButton' is clicked on

2018-01-03 14:15:24 - [TEST_STEP][PASSED] - verifyTextPresent: Text 'Права пользователя' is present on page 

2018-01-03 14:15:24 - [MESSAGE][PASSED] - Text 'Права пользователя' is present on page 

2018-01-03 14:15:24 - [TEST_STEP][PASSED] - click: Object: 'Object Repository/GIAP-DC/UserModule/CancelRightButton' is clicked on

2018-01-03 14:15:25 - [MESSAGE][PASSED] - Object: 'Object Repository/GIAP-DC/UserModule/CancelRightButton' is clicked on

2018-01-03 14:15:25 - [TEST_STEP][PASSED] - delay: Delayed 3 second(s)

2018-01-03 14:15:28 - [MESSAGE][PASSED] - Delayed 3 second(s)

2018-01-03 14:15:28 - [TEST_STEP][PASSED] - click: Object: 'Object Repository/GIAP-DC/UserModule/EditRightUserButton' is clicked on

2018-01-03 14:15:28 - [MESSAGE][PASSED] - Object: 'Object Repository/GIAP-DC/UserModule/EditRightUserButton' is clicked on

2018-01-03 14:15:28 - [TEST_STEP][PASSED] - verifyTextPresent: Text 'Права пользователя' is present on page 

2018-01-03 14:15:28 - [MESSAGE][PASSED] - Text 'Права пользователя' is present on page 

2018-01-03 14:15:28 - [TEST_STEP][PASSED] - click: Object: 'Object Repository/GIAP-DC/UserModule/SelectAllRight' is clicked on

2018-01-03 14:15:29 - [MESSAGE][PASSED] - Object: 'Object Repository/GIAP-DC/UserModule/SelectAllRight' is clicked on

2018-01-03 14:15:29 - [TEST_STEP][PASSED] - delay: Delayed 3 second(s)

2018-01-03 14:15:32 - [MESSAGE][PASSED] - Delayed 3 second(s)

2018-01-03 14:15:32 - [TEST_STEP][PASSED] - click: Object: 'Object Repository/GIAP-DC/UserModule/UncheckAllButton' is clicked on

2018-01-03 14:15:33 - [MESSAGE][PASSED] - Object: 'Object Repository/GIAP-DC/UserModule/UncheckAllButton' is clicked on

2018-01-03 14:15:33 - [TEST_STEP][PASSED] - click: Object: 'Object Repository/GIAP-DC/UserModule/Save_Button' is clicked on

2018-01-03 14:15:33 - [MESSAGE][PASSED] - Object: 'Object Repository/GIAP-DC/UserModule/Save_Button' is clicked on

2018-01-03 14:15:33 - [TEST_STEP][PASSED] - verifyElementPresent: Object 'Object Repository/GIAP-DC/UserModule/div_toast toast-success' is present

2018-01-03 14:15:34 - [MESSAGE][PASSED] - Object 'Object Repository/GIAP-DC/UserModule/div_toast toast-success' is present

2018-01-03 14:15:34 - [TEST_STEP][PASSED] - closeBrowser: Browser is closed

2018-01-03 14:15:34 - [MESSAGE][PASSED] - Browser is closed]]></system-out>
         <system-err><![CDATA[]]></system-err>
      </testcase>
      <testcase name="Test Cases/UsersModule/Change Right/Change group right" classname="Test Cases/UsersModule/Change Right/Change group right" status="PASSED">
         <system-out><![CDATA[2018-01-03 14:15:35 - [TEST_CASE][PASSED] - Test Cases/UsersModule/Change Right/Change group right: Test Cases/UsersModule/Change Right/Change group right

2018-01-03 14:15:35 - [TEST_STEP][PASSED] - callTestCase: Call Test Case 'Test Cases/UsersModule/Enter Users Module' successfully

2018-01-03 14:15:35 - [TEST_CASE][PASSED] - Test Cases/UsersModule/Enter Users Module: Test Cases/UsersModule/Enter Users Module

2018-01-03 14:15:35 - [TEST_STEP][PASSED] - callTestCase: Call Test Case 'Test Cases/Work/Valid login' successfully

2018-01-03 14:15:35 - [TEST_CASE][PASSED] - Test Cases/Work/Valid login: Test Cases/Work/Valid login

2018-01-03 14:15:35 - [TEST_STEP][PASSED] - openBrowser: Browser is opened with url: 'https://system.misnik.by:8484/index.php'

2018-01-03 14:15:38 - [MESSAGE][PASSED] - Browser is opened with url: 'https://system.misnik.by:8484/index.php'

2018-01-03 14:15:38 - [TEST_STEP][PASSED] - verifyTextPresent: Text 'Вход' is present on page 

2018-01-03 14:15:38 - [MESSAGE][PASSED] - Text 'Вход' is present on page 

2018-01-03 14:15:38 - [TEST_STEP][PASSED] - setText: Text 'TaushevIS' is set on object 'Object Repository/GIAP-DC/loginPage/input_username'

2018-01-03 14:15:38 - [MESSAGE][PASSED] - Text 'TaushevIS' is set on object 'Object Repository/GIAP-DC/loginPage/input_username'

2018-01-03 14:15:38 - [TEST_STEP][PASSED] - setText: Text 'tMYPHSIa' is set on object 'Object Repository/GIAP-DC/loginPage/input_password'

2018-01-03 14:15:38 - [MESSAGE][PASSED] - Text 'tMYPHSIa' is set on object 'Object Repository/GIAP-DC/loginPage/input_password'

2018-01-03 14:15:38 - [TEST_STEP][PASSED] - click: Object: 'Object Repository/GIAP-DC/loginPage/loginButton' is clicked on

2018-01-03 14:15:40 - [MESSAGE][PASSED] - Object: 'Object Repository/GIAP-DC/loginPage/loginButton' is clicked on

2018-01-03 14:15:40 - [TEST_STEP][PASSED] - verifyTextPresent: Text 'Главная' is present on page 

2018-01-03 14:15:40 - [MESSAGE][PASSED] - Text 'Главная' is present on page 

2018-01-03 14:15:40 - [MESSAGE][PASSED] - Call Test Case 'Test Cases/Work/Valid login' successfully

2018-01-03 14:15:40 - [TEST_STEP][PASSED] - delay: Delayed 3 second(s)

2018-01-03 14:15:43 - [MESSAGE][PASSED] - Delayed 3 second(s)

2018-01-03 14:15:43 - [TEST_STEP][PASSED] - click: Object: 'Object Repository/GIAP-DC/UserModule/ModuleBlock' is clicked on

2018-01-03 14:15:43 - [MESSAGE][PASSED] - Object: 'Object Repository/GIAP-DC/UserModule/ModuleBlock' is clicked on

2018-01-03 14:15:43 - [TEST_STEP][PASSED] - delay: Delayed 3 second(s)

2018-01-03 14:15:46 - [MESSAGE][PASSED] - Delayed 3 second(s)

2018-01-03 14:15:46 - [TEST_STEP][PASSED] - click: Object: 'Object Repository/GIAP-DC/UserModule/UsersModule' is clicked on

2018-01-03 14:15:49 - [MESSAGE][PASSED] - Object: 'Object Repository/GIAP-DC/UserModule/UsersModule' is clicked on

2018-01-03 14:15:49 - [MESSAGE][PASSED] - Call Test Case 'Test Cases/UsersModule/Enter Users Module' successfully

2018-01-03 14:15:49 - [TEST_STEP][PASSED] - delay: Delayed 3 second(s)

2018-01-03 14:15:52 - [MESSAGE][PASSED] - Delayed 3 second(s)

2018-01-03 14:15:52 - [TEST_STEP][PASSED] - setText: Text 'Test1010' is set on object 'Object Repository/GIAP-DC/UserModule/search_user'

2018-01-03 14:15:53 - [MESSAGE][PASSED] - Text 'Test1010' is set on object 'Object Repository/GIAP-DC/UserModule/search_user'

2018-01-03 14:15:53 - [TEST_STEP][PASSED] - delay: Delayed 3 second(s)

2018-01-03 14:15:56 - [MESSAGE][PASSED] - Delayed 3 second(s)

2018-01-03 14:15:56 - [TEST_STEP][PASSED] - click: Object: 'Object Repository/GIAP-DC/UserModule/EditRightUserButton' is clicked on

2018-01-03 14:15:56 - [MESSAGE][PASSED] - Object: 'Object Repository/GIAP-DC/UserModule/EditRightUserButton' is clicked on

2018-01-03 14:15:56 - [TEST_STEP][PASSED] - verifyTextPresent: Text 'Права пользователя' is present on page 

2018-01-03 14:15:56 - [MESSAGE][PASSED] - Text 'Права пользователя' is present on page 

2018-01-03 14:15:56 - [TEST_STEP][PASSED] - click: Object: 'Object Repository/GIAP-DC/UserModule/SelectGroupRight' is clicked on

2018-01-03 14:15:57 - [MESSAGE][PASSED] - Object: 'Object Repository/GIAP-DC/UserModule/SelectGroupRight' is clicked on

2018-01-03 14:15:57 - [TEST_STEP][PASSED] - delay: Delayed 3 second(s)

2018-01-03 14:16:00 - [MESSAGE][PASSED] - Delayed 3 second(s)

2018-01-03 14:16:00 - [TEST_STEP][PASSED] - click: Object: 'Object Repository/GIAP-DC/UserModule/UnselectGroupRight' is clicked on

2018-01-03 14:16:01 - [MESSAGE][PASSED] - Object: 'Object Repository/GIAP-DC/UserModule/UnselectGroupRight' is clicked on

2018-01-03 14:16:01 - [TEST_STEP][PASSED] - delay: Delayed 3 second(s)

2018-01-03 14:16:04 - [MESSAGE][PASSED] - Delayed 3 second(s)

2018-01-03 14:16:04 - [TEST_STEP][PASSED] - click: Object: 'Object Repository/GIAP-DC/UserModule/Save_Button' is clicked on

2018-01-03 14:16:04 - [MESSAGE][PASSED] - Object: 'Object Repository/GIAP-DC/UserModule/Save_Button' is clicked on

2018-01-03 14:16:04 - [TEST_STEP][PASSED] - verifyElementPresent: Object 'Object Repository/GIAP-DC/UserModule/div_toast toast-success' is present

2018-01-03 14:16:05 - [MESSAGE][PASSED] - Object 'Object Repository/GIAP-DC/UserModule/div_toast toast-success' is present

2018-01-03 14:16:05 - [TEST_STEP][PASSED] - closeBrowser: Browser is closed

2018-01-03 14:16:06 - [MESSAGE][PASSED] - Browser is closed]]></system-out>
         <system-err><![CDATA[]]></system-err>
      </testcase>
      <testcase name="Test Cases/UsersModule/Change Right/Change right" classname="Test Cases/UsersModule/Change Right/Change right" status="PASSED">
         <system-out><![CDATA[2018-01-03 14:16:06 - [TEST_CASE][PASSED] - Test Cases/UsersModule/Change Right/Change right: Test Cases/UsersModule/Change Right/Change right

2018-01-03 14:16:06 - [TEST_STEP][PASSED] - callTestCase: Call Test Case 'Test Cases/UsersModule/Enter Users Module' successfully

2018-01-03 14:16:06 - [TEST_CASE][PASSED] - Test Cases/UsersModule/Enter Users Module: Test Cases/UsersModule/Enter Users Module

2018-01-03 14:16:06 - [TEST_STEP][PASSED] - callTestCase: Call Test Case 'Test Cases/Work/Valid login' successfully

2018-01-03 14:16:06 - [TEST_CASE][PASSED] - Test Cases/Work/Valid login: Test Cases/Work/Valid login

2018-01-03 14:16:06 - [TEST_STEP][PASSED] - openBrowser: Browser is opened with url: 'https://system.misnik.by:8484/index.php'

2018-01-03 14:16:10 - [MESSAGE][PASSED] - Browser is opened with url: 'https://system.misnik.by:8484/index.php'

2018-01-03 14:16:10 - [TEST_STEP][PASSED] - verifyTextPresent: Text 'Вход' is present on page 

2018-01-03 14:16:10 - [MESSAGE][PASSED] - Text 'Вход' is present on page 

2018-01-03 14:16:10 - [TEST_STEP][PASSED] - setText: Text 'TaushevIS' is set on object 'Object Repository/GIAP-DC/loginPage/input_username'

2018-01-03 14:16:10 - [MESSAGE][PASSED] - Text 'TaushevIS' is set on object 'Object Repository/GIAP-DC/loginPage/input_username'

2018-01-03 14:16:10 - [TEST_STEP][PASSED] - setText: Text 'tMYPHSIa' is set on object 'Object Repository/GIAP-DC/loginPage/input_password'

2018-01-03 14:16:10 - [MESSAGE][PASSED] - Text 'tMYPHSIa' is set on object 'Object Repository/GIAP-DC/loginPage/input_password'

2018-01-03 14:16:10 - [TEST_STEP][PASSED] - click: Object: 'Object Repository/GIAP-DC/loginPage/loginButton' is clicked on

2018-01-03 14:16:13 - [MESSAGE][PASSED] - Object: 'Object Repository/GIAP-DC/loginPage/loginButton' is clicked on

2018-01-03 14:16:13 - [TEST_STEP][PASSED] - verifyTextPresent: Text 'Главная' is present on page 

2018-01-03 14:16:14 - [MESSAGE][PASSED] - Text 'Главная' is present on page 

2018-01-03 14:16:14 - [MESSAGE][PASSED] - Call Test Case 'Test Cases/Work/Valid login' successfully

2018-01-03 14:16:14 - [TEST_STEP][PASSED] - delay: Delayed 3 second(s)

2018-01-03 14:16:17 - [MESSAGE][PASSED] - Delayed 3 second(s)

2018-01-03 14:16:17 - [TEST_STEP][PASSED] - click: Object: 'Object Repository/GIAP-DC/UserModule/ModuleBlock' is clicked on

2018-01-03 14:16:17 - [MESSAGE][PASSED] - Object: 'Object Repository/GIAP-DC/UserModule/ModuleBlock' is clicked on

2018-01-03 14:16:17 - [TEST_STEP][PASSED] - delay: Delayed 3 second(s)

2018-01-03 14:16:20 - [MESSAGE][PASSED] - Delayed 3 second(s)

2018-01-03 14:16:20 - [TEST_STEP][PASSED] - click: Object: 'Object Repository/GIAP-DC/UserModule/UsersModule' is clicked on

2018-01-03 14:16:22 - [MESSAGE][PASSED] - Object: 'Object Repository/GIAP-DC/UserModule/UsersModule' is clicked on

2018-01-03 14:16:22 - [MESSAGE][PASSED] - Call Test Case 'Test Cases/UsersModule/Enter Users Module' successfully

2018-01-03 14:16:22 - [TEST_STEP][PASSED] - delay: Delayed 3 second(s)

2018-01-03 14:16:25 - [MESSAGE][PASSED] - Delayed 3 second(s)

2018-01-03 14:16:25 - [TEST_STEP][PASSED] - setText: Text 'Test1010' is set on object 'Object Repository/GIAP-DC/UserModule/search_user'

2018-01-03 14:16:25 - [MESSAGE][PASSED] - Text 'Test1010' is set on object 'Object Repository/GIAP-DC/UserModule/search_user'

2018-01-03 14:16:25 - [TEST_STEP][PASSED] - delay: Delayed 3 second(s)

2018-01-03 14:16:28 - [MESSAGE][PASSED] - Delayed 3 second(s)

2018-01-03 14:16:28 - [TEST_STEP][PASSED] - click: Object: 'Object Repository/GIAP-DC/UserModule/EditRightUserButton' is clicked on

2018-01-03 14:16:28 - [MESSAGE][PASSED] - Object: 'Object Repository/GIAP-DC/UserModule/EditRightUserButton' is clicked on

2018-01-03 14:16:28 - [TEST_STEP][PASSED] - verifyTextPresent: Text 'Права пользователя' is present on page 

2018-01-03 14:16:29 - [MESSAGE][PASSED] - Text 'Права пользователя' is present on page 

2018-01-03 14:16:29 - [TEST_STEP][PASSED] - click: Object: 'Object Repository/GIAP-DC/UserModule/span_box' is clicked on

2018-01-03 14:16:30 - [MESSAGE][PASSED] - Object: 'Object Repository/GIAP-DC/UserModule/span_box' is clicked on

2018-01-03 14:16:30 - [TEST_STEP][PASSED] - delay: Delayed 3 second(s)

2018-01-03 14:16:33 - [MESSAGE][PASSED] - Delayed 3 second(s)

2018-01-03 14:16:33 - [TEST_STEP][PASSED] - click: Object: 'Object Repository/GIAP-DC/UserModule/span_check' is clicked on

2018-01-03 14:16:33 - [MESSAGE][PASSED] - Object: 'Object Repository/GIAP-DC/UserModule/span_check' is clicked on

2018-01-03 14:16:33 - [TEST_STEP][PASSED] - click: Object: 'Object Repository/GIAP-DC/UserModule/Save_Button' is clicked on

2018-01-03 14:16:34 - [MESSAGE][PASSED] - Object: 'Object Repository/GIAP-DC/UserModule/Save_Button' is clicked on

2018-01-03 14:16:34 - [TEST_STEP][PASSED] - verifyElementPresent: Object 'Object Repository/GIAP-DC/UserModule/div_toast toast-success' is present

2018-01-03 14:16:35 - [MESSAGE][PASSED] - Object 'Object Repository/GIAP-DC/UserModule/div_toast toast-success' is present

2018-01-03 14:16:35 - [TEST_STEP][PASSED] - closeBrowser: Browser is closed

2018-01-03 14:16:35 - [MESSAGE][PASSED] - Browser is closed]]></system-out>
         <system-err><![CDATA[]]></system-err>
      </testcase>
      <testcase name="Test Cases/UsersModule/Delete/Delete user" classname="Test Cases/UsersModule/Delete/Delete user" status="PASSED">
         <system-out><![CDATA[2018-01-03 14:16:35 - [TEST_CASE][PASSED] - Test Cases/UsersModule/Delete/Delete user: Test Cases/UsersModule/Delete/Delete user

2018-01-03 14:16:36 - [TEST_STEP][PASSED] - callTestCase: Call Test Case 'Test Cases/UsersModule/Enter Users Module' successfully

2018-01-03 14:16:36 - [TEST_CASE][PASSED] - Test Cases/UsersModule/Enter Users Module: Test Cases/UsersModule/Enter Users Module

2018-01-03 14:16:36 - [TEST_STEP][PASSED] - callTestCase: Call Test Case 'Test Cases/Work/Valid login' successfully

2018-01-03 14:16:36 - [TEST_CASE][PASSED] - Test Cases/Work/Valid login: Test Cases/Work/Valid login

2018-01-03 14:16:36 - [TEST_STEP][PASSED] - openBrowser: Browser is opened with url: 'https://system.misnik.by:8484/index.php'

2018-01-03 14:16:40 - [MESSAGE][PASSED] - Browser is opened with url: 'https://system.misnik.by:8484/index.php'

2018-01-03 14:16:40 - [TEST_STEP][PASSED] - verifyTextPresent: Text 'Вход' is present on page 

2018-01-03 14:16:40 - [MESSAGE][PASSED] - Text 'Вход' is present on page 

2018-01-03 14:16:40 - [TEST_STEP][PASSED] - setText: Text 'TaushevIS' is set on object 'Object Repository/GIAP-DC/loginPage/input_username'

2018-01-03 14:16:40 - [MESSAGE][PASSED] - Text 'TaushevIS' is set on object 'Object Repository/GIAP-DC/loginPage/input_username'

2018-01-03 14:16:40 - [TEST_STEP][PASSED] - setText: Text 'tMYPHSIa' is set on object 'Object Repository/GIAP-DC/loginPage/input_password'

2018-01-03 14:16:40 - [MESSAGE][PASSED] - Text 'tMYPHSIa' is set on object 'Object Repository/GIAP-DC/loginPage/input_password'

2018-01-03 14:16:40 - [TEST_STEP][PASSED] - click: Object: 'Object Repository/GIAP-DC/loginPage/loginButton' is clicked on

2018-01-03 14:16:42 - [MESSAGE][PASSED] - Object: 'Object Repository/GIAP-DC/loginPage/loginButton' is clicked on

2018-01-03 14:16:42 - [TEST_STEP][PASSED] - verifyTextPresent: Text 'Главная' is present on page 

2018-01-03 14:16:42 - [MESSAGE][PASSED] - Text 'Главная' is present on page 

2018-01-03 14:16:42 - [MESSAGE][PASSED] - Call Test Case 'Test Cases/Work/Valid login' successfully

2018-01-03 14:16:42 - [TEST_STEP][PASSED] - delay: Delayed 3 second(s)

2018-01-03 14:16:45 - [MESSAGE][PASSED] - Delayed 3 second(s)

2018-01-03 14:16:45 - [TEST_STEP][PASSED] - click: Object: 'Object Repository/GIAP-DC/UserModule/ModuleBlock' is clicked on

2018-01-03 14:16:46 - [MESSAGE][PASSED] - Object: 'Object Repository/GIAP-DC/UserModule/ModuleBlock' is clicked on

2018-01-03 14:16:46 - [TEST_STEP][PASSED] - delay: Delayed 3 second(s)

2018-01-03 14:16:49 - [MESSAGE][PASSED] - Delayed 3 second(s)

2018-01-03 14:16:49 - [TEST_STEP][PASSED] - click: Object: 'Object Repository/GIAP-DC/UserModule/UsersModule' is clicked on

2018-01-03 14:16:51 - [MESSAGE][PASSED] - Object: 'Object Repository/GIAP-DC/UserModule/UsersModule' is clicked on

2018-01-03 14:16:51 - [MESSAGE][PASSED] - Call Test Case 'Test Cases/UsersModule/Enter Users Module' successfully

2018-01-03 14:16:51 - [TEST_STEP][PASSED] - delay: Delayed 3 second(s)

2018-01-03 14:16:54 - [MESSAGE][PASSED] - Delayed 3 second(s)

2018-01-03 14:16:54 - [TEST_STEP][PASSED] - setText: Text 'Test1010' is set on object 'Object Repository/GIAP-DC/UserModule/search_user'

2018-01-03 14:16:54 - [MESSAGE][PASSED] - Text 'Test1010' is set on object 'Object Repository/GIAP-DC/UserModule/search_user'

2018-01-03 14:16:54 - [TEST_STEP][PASSED] - delay: Delayed 3 second(s)

2018-01-03 14:16:57 - [MESSAGE][PASSED] - Delayed 3 second(s)

2018-01-03 14:16:57 - [TEST_STEP][PASSED] - click: Object: 'Object Repository/GIAP-DC/UserModule/DeleteUserButton' is clicked on

2018-01-03 14:16:58 - [MESSAGE][PASSED] - Object: 'Object Repository/GIAP-DC/UserModule/DeleteUserButton' is clicked on

2018-01-03 14:16:58 - [TEST_STEP][PASSED] - delay: Delayed 3 second(s)

2018-01-03 14:17:01 - [MESSAGE][PASSED] - Delayed 3 second(s)

2018-01-03 14:17:01 - [TEST_STEP][PASSED] - click: Object: 'Object Repository/GIAP-DC/UserModule/CancelDeleteUser' is clicked on

2018-01-03 14:17:01 - [MESSAGE][PASSED] - Object: 'Object Repository/GIAP-DC/UserModule/CancelDeleteUser' is clicked on

2018-01-03 14:17:01 - [TEST_STEP][PASSED] - delay: Delayed 3 second(s)

2018-01-03 14:17:04 - [MESSAGE][PASSED] - Delayed 3 second(s)

2018-01-03 14:17:04 - [TEST_STEP][PASSED] - click: Object: 'Object Repository/GIAP-DC/UserModule/DeleteUserButton' is clicked on

2018-01-03 14:17:04 - [MESSAGE][PASSED] - Object: 'Object Repository/GIAP-DC/UserModule/DeleteUserButton' is clicked on

2018-01-03 14:17:04 - [TEST_STEP][PASSED] - delay: Delayed 3 second(s)

2018-01-03 14:17:07 - [MESSAGE][PASSED] - Delayed 3 second(s)

2018-01-03 14:17:07 - [TEST_STEP][PASSED] - click: Object: 'Object Repository/GIAP-DC/UserModule/ConfirmDeleteUser' is clicked on

2018-01-03 14:17:07 - [MESSAGE][PASSED] - Object: 'Object Repository/GIAP-DC/UserModule/ConfirmDeleteUser' is clicked on

2018-01-03 14:17:07 - [TEST_STEP][PASSED] - verifyElementPresent: Object 'Object Repository/GIAP-DC/UserModule/div_toast toast-success (1)' is present

2018-01-03 14:17:08 - [MESSAGE][PASSED] - Object 'Object Repository/GIAP-DC/UserModule/div_toast toast-success (1)' is present

2018-01-03 14:17:08 - [TEST_STEP][PASSED] - closeBrowser: Browser is closed

2018-01-03 14:17:08 - [MESSAGE][PASSED] - Browser is closed]]></system-out>
         <system-err><![CDATA[]]></system-err>
      </testcase>
      <system-out><![CDATA[2018-01-03 14:10:37 - [TEST_SUITE][FAILED] - UserModule: Test Cases/UsersModule/Create/Create Valid User FAILED because (of) Unable to verify text 'Новый пароль для пользователя' is present  (Root cause: Text 'Новый пароль для пользователя' is not present on page )]]></system-out>
      <system-err><![CDATA[2018-01-03 14:10:37 - [TEST_SUITE][FAILED] - UserModule: Test Cases/UsersModule/Create/Create Valid User FAILED because (of) Unable to verify text 'Новый пароль для пользователя' is present  (Root cause: Text 'Новый пароль для пользователя' is not present on page )]]></system-err>
   </testsuite>
</testsuites>
