<?xml version="1.0" encoding="UTF-8"?>
<testsuites name="CreateVessel" time="49" tests="0" failures="2" errors="0">
   <testsuite name="CreateVessel" tests="0" failures="2" errors="0" time="49" timestamp="2018-01-12 12:46:38" hostname="GDC - TaushevIS" id="Test Suites/CreateVessel">
      <properties>
         <property name="deviceName" value=""/>
         <property name="devicePlatform" value=""/>
         <property name="logFolder" value="C:\\TestProject\\glowing-giggle\\Reports\\CreateVessel\\20180112_124635"/>
         <property name="logFiles" value="C:\\TestProject\\glowing-giggle\\Reports\\CreateVessel\\20180112_124635\\execution0.log"/>
         <property name="attachments" value="C:\\TestProject\\glowing-giggle\\Reports\\CreateVessel\\20180112_124635\\1515750428021.png, C:\\TestProject\\glowing-giggle\\Reports\\CreateVessel\\20180112_124635\\1515750446984.png"/>
         <property name="hostName" value="GDC - TaushevIS"/>
         <property name="os" value="Windows 10 64bit"/>
         <property name="katalonVersion" value="5.2.0.1"/>
         <property name="browser" value="Chrome 63.0.3239.132"/>
         <property name="hostAddress" value="192.168.100.10"/>
         <property name="sessionId" value="8df7fc3f6e4dcee06deeecbade18fc5c"/>
         <property name="seleniumVersion" value="3.7.1"/>
         <property name="proxyInformation" value="ProxyInformation{proxyOption=NO_PROXY, proxyServerType=HTTP, password=, proxyServerAddress=, proxyServerPort=0}"/>
         <property name="platform" value="Windows 10"/>
      </properties>
      <testcase name="Test Cases/Work/Vessel/1. Create New Vessel" classname="Test Cases/Work/Vessel/1. Create New Vessel" status="FAILED">
         <failure type="FAILED" message="Unable to click on object 'Object Repository/GIAP-DC/Vessel/AddVessel/Select' (Root cause: org.openqa.selenium.WebDriverException: unknown error: Element &lt;span class=&quot;select2 select2-container select2-container--bootstrap&quot; dir=&quot;ltr&quot; style=&quot;width: 100px;&quot;>...&lt;/span> is not clickable at point (617, 435). Other element would receive the click: &lt;div class=&quot;blockUI blockOverlay&quot; style=&quot;z-index: 1000; border: none; margin: 0px; padding: 0px; width: 100%; height: 100%; top: 0px; left: 0px; background-color: rgb(0, 0, 0); opacity: 0; cursor: default; position: fixed;&quot;>&lt;/div>
  (Session info: chrome=63.0.3239.132)
  (Driver info: chromedriver=2.33.506120 (e3e53437346286c0bc2d2dc9aa4915ba81d9023f),platform=Windows NT 10.0.16299 x86_64) (WARNING: The server did not provide any stacktrace information)
Command duration or timeout: 0 milliseconds
Build info: version: '3.7.1', revision: '8a0099a', time: '2017-11-06T21:07:36.161Z'
System info: host: 'TAUSHEVIS', ip: '192.168.100.10', os.name: 'Windows 10', os.arch: 'amd64', os.version: '10.0', java.version: '1.8.0_102'
Driver info: com.kms.katalon.selenium.driver.CChromeDriver
Capabilities {acceptSslCerts: true, applicationCacheEnabled: false, browserConnectionEnabled: false, browserName: chrome, chrome: {chromedriverVersion: 2.33.506120 (e3e53437346286..., userDataDir: C:\Users\GDC\AppData\Local\...}, cssSelectorsEnabled: true, databaseEnabled: false, handlesAlerts: true, hasTouchScreen: false, javascriptEnabled: true, locationContextEnabled: true, mobileEmulationEnabled: false, nativeEvents: true, networkConnectionEnabled: false, pageLoadStrategy: normal, platform: XP, platformName: XP, rotatable: false, setWindowRect: true, takesHeapSnapshot: true, takesScreenshot: true, unexpectedAlertBehaviour: , unhandledPromptBehavior: , version: 63.0.3239.132, webStorageEnabled: true}
Session ID: 8df7fc3f6e4dcee06deeecbade18fc5c)"/>
         <system-out><![CDATA[2018-01-12 12:46:39 - [TEST_CASE][FAILED] - Test Cases/Work/Vessel/1. Create New Vessel: Test Cases/Work/Vessel/1. Create New Vessel FAILED because (of) Unable to click on object 'Object Repository/GIAP-DC/Vessel/AddVessel/Select' (Root cause: org.openqa.selenium.WebDriverException: unknown error: Element <span class="select2 select2-container select2-container--bootstrap" dir="ltr" style="width: 100px;">...</span> is not clickable at point (617, 435). Other element would receive the click: <div class="blockUI blockOverlay" style="z-index: 1000; border: none; margin: 0px; padding: 0px; width: 100%; height: 100%; top: 0px; left: 0px; background-color: rgb(0, 0, 0); opacity: 0; cursor: default; position: fixed;"></div>
  (Session info: chrome=63.0.3239.132)
  (Driver info: chromedriver=2.33.506120 (e3e53437346286c0bc2d2dc9aa4915ba81d9023f),platform=Windows NT 10.0.16299 x86_64) (WARNING: The server did not provide any stacktrace information)
Command duration or timeout: 0 milliseconds
Build info: version: '3.7.1', revision: '8a0099a', time: '2017-11-06T21:07:36.161Z'
System info: host: 'TAUSHEVIS', ip: '192.168.100.10', os.name: 'Windows 10', os.arch: 'amd64', os.version: '10.0', java.version: '1.8.0_102'
Driver info: com.kms.katalon.selenium.driver.CChromeDriver
Capabilities {acceptSslCerts: true, applicationCacheEnabled: false, browserConnectionEnabled: false, browserName: chrome, chrome: {chromedriverVersion: 2.33.506120 (e3e53437346286..., userDataDir: C:\Users\GDC\AppData\Local\...}, cssSelectorsEnabled: true, databaseEnabled: false, handlesAlerts: true, hasTouchScreen: false, javascriptEnabled: true, locationContextEnabled: true, mobileEmulationEnabled: false, nativeEvents: true, networkConnectionEnabled: false, pageLoadStrategy: normal, platform: XP, platformName: XP, rotatable: false, setWindowRect: true, takesHeapSnapshot: true, takesScreenshot: true, unexpectedAlertBehaviour: , unhandledPromptBehavior: , version: 63.0.3239.132, webStorageEnabled: true}
Session ID: 8df7fc3f6e4dcee06deeecbade18fc5c)

2018-01-12 12:46:40 - [TEST_STEP][PASSED] - callTestCase: Call Test Case 'Test Cases/Work/Valid login' successfully

2018-01-12 12:46:40 - [TEST_CASE][PASSED] - Test Cases/Work/Valid login: Test Cases/Work/Valid login

2018-01-12 12:46:40 - [TEST_STEP][PASSED] - openBrowser: Browser is opened with url: 'https://system.misnik.by:8484/index.php'

2018-01-12 12:46:49 - [MESSAGE][PASSED] - Browser is opened with url: 'https://system.misnik.by:8484/index.php'

2018-01-12 12:46:49 - [TEST_STEP][PASSED] - verifyTextPresent: Text 'Вход' is present on page 

2018-01-12 12:46:49 - [MESSAGE][PASSED] - Text 'Вход' is present on page 

2018-01-12 12:46:49 - [TEST_STEP][PASSED] - setText: Text 'TaushevIS' is set on object 'Object Repository/GIAP-DC/loginPage/input_username'

2018-01-12 12:46:49 - [MESSAGE][PASSED] - Text 'TaushevIS' is set on object 'Object Repository/GIAP-DC/loginPage/input_username'

2018-01-12 12:46:49 - [TEST_STEP][PASSED] - setText: Text 'tMYPHSIa' is set on object 'Object Repository/GIAP-DC/loginPage/input_password'

2018-01-12 12:46:49 - [MESSAGE][PASSED] - Text 'tMYPHSIa' is set on object 'Object Repository/GIAP-DC/loginPage/input_password'

2018-01-12 12:46:49 - [TEST_STEP][PASSED] - click: Object: 'Object Repository/GIAP-DC/loginPage/loginButton' is clicked on

2018-01-12 12:46:52 - [MESSAGE][PASSED] - Object: 'Object Repository/GIAP-DC/loginPage/loginButton' is clicked on

2018-01-12 12:46:52 - [TEST_STEP][PASSED] - verifyTextPresent: Text 'Главная' is present on page 

2018-01-12 12:46:52 - [MESSAGE][PASSED] - Text 'Главная' is present on page 

2018-01-12 12:46:52 - [MESSAGE][PASSED] - Call Test Case 'Test Cases/Work/Valid login' successfully

2018-01-12 12:46:52 - [TEST_STEP][PASSED] - click: Object: 'Object Repository/GIAP-DC/Vessel/AddVessel/Vessel' is clicked on

2018-01-12 12:46:54 - [MESSAGE][PASSED] - Object: 'Object Repository/GIAP-DC/Vessel/AddVessel/Vessel' is clicked on

2018-01-12 12:46:54 - [TEST_STEP][PASSED] - waitForJQueryLoad: jQuery is ready.

2018-01-12 12:46:55 - [MESSAGE][WARNING] - Timeout '0' is invalid. Using default page load timeout: '15'

2018-01-12 12:47:01 - [MESSAGE][PASSED] - jQuery is ready.

2018-01-12 12:47:01 - [TEST_STEP][PASSED] - click: Object: 'Object Repository/GIAP-DC/Vessel/AddVessel/Add' is clicked on

2018-01-12 12:47:01 - [MESSAGE][PASSED] - Object: 'Object Repository/GIAP-DC/Vessel/AddVessel/Add' is clicked on

2018-01-12 12:47:01 - [TEST_STEP][PASSED] - verifyElementText: Actual text and expected text of test object 'Object Repository/GIAP-DC/Vessel/AddVessel/h4_' are matched.

2018-01-12 12:47:04 - [MESSAGE][PASSED] - Actual text and expected text of test object 'Object Repository/GIAP-DC/Vessel/AddVessel/h4_' are matched.

2018-01-12 12:47:04 - [TEST_STEP][PASSED] - click: Object: 'Object Repository/GIAP-DC/Vessel/AddVessel/Other' is clicked on

2018-01-12 12:47:04 - [MESSAGE][PASSED] - Object: 'Object Repository/GIAP-DC/Vessel/AddVessel/Other' is clicked on

2018-01-12 12:47:04 - [TEST_STEP][PASSED] - delay: Delayed 3 second(s)

2018-01-12 12:47:07 - [MESSAGE][PASSED] - Delayed 3 second(s)

2018-01-12 12:47:07 - [TEST_STEP][FAILED] - click: Unable to click on object 'Object Repository/GIAP-DC/Vessel/AddVessel/Select' (Root cause: org.openqa.selenium.WebDriverException: unknown error: Element <span class="select2 select2-container select2-container--bootstrap" dir="ltr" style="width: 100px;">...</span> is not clickable at point (617, 435). Other element would receive the click: <div class="blockUI blockOverlay" style="z-index: 1000; border: none; margin: 0px; padding: 0px; width: 100%; height: 100%; top: 0px; left: 0px; background-color: rgb(0, 0, 0); opacity: 0; cursor: default; position: fixed;"></div>
  (Session info: chrome=63.0.3239.132)
  (Driver info: chromedriver=2.33.506120 (e3e53437346286c0bc2d2dc9aa4915ba81d9023f),platform=Windows NT 10.0.16299 x86_64) (WARNING: The server did not provide any stacktrace information)
Command duration or timeout: 0 milliseconds
Build info: version: '3.7.1', revision: '8a0099a', time: '2017-11-06T21:07:36.161Z'
System info: host: 'TAUSHEVIS', ip: '192.168.100.10', os.name: 'Windows 10', os.arch: 'amd64', os.version: '10.0', java.version: '1.8.0_102'
Driver info: com.kms.katalon.selenium.driver.CChromeDriver
Capabilities {acceptSslCerts: true, applicationCacheEnabled: false, browserConnectionEnabled: false, browserName: chrome, chrome: {chromedriverVersion: 2.33.506120 (e3e53437346286..., userDataDir: C:\Users\GDC\AppData\Local\...}, cssSelectorsEnabled: true, databaseEnabled: false, handlesAlerts: true, hasTouchScreen: false, javascriptEnabled: true, locationContextEnabled: true, mobileEmulationEnabled: false, nativeEvents: true, networkConnectionEnabled: false, pageLoadStrategy: normal, platform: XP, platformName: XP, rotatable: false, setWindowRect: true, takesHeapSnapshot: true, takesScreenshot: true, unexpectedAlertBehaviour: , unhandledPromptBehavior: , version: 63.0.3239.132, webStorageEnabled: true}
Session ID: 8df7fc3f6e4dcee06deeecbade18fc5c)

2018-01-12 12:47:08 - [MESSAGE][FAILED] - Unable to click on object 'Object Repository/GIAP-DC/Vessel/AddVessel/Select' (Root cause: org.openqa.selenium.WebDriverException: unknown error: Element <span class="select2 select2-container select2-container--bootstrap" dir="ltr" style="width: 100px;">...</span> is not clickable at point (617, 435). Other element would receive the click: <div class="blockUI blockOverlay" style="z-index: 1000; border: none; margin: 0px; padding: 0px; width: 100%; height: 100%; top: 0px; left: 0px; background-color: rgb(0, 0, 0); opacity: 0; cursor: default; position: fixed;"></div>
  (Session info: chrome=63.0.3239.132)
  (Driver info: chromedriver=2.33.506120 (e3e53437346286c0bc2d2dc9aa4915ba81d9023f),platform=Windows NT 10.0.16299 x86_64) (WARNING: The server did not provide any stacktrace information)
Command duration or timeout: 0 milliseconds
Build info: version: '3.7.1', revision: '8a0099a', time: '2017-11-06T21:07:36.161Z'
System info: host: 'TAUSHEVIS', ip: '192.168.100.10', os.name: 'Windows 10', os.arch: 'amd64', os.version: '10.0', java.version: '1.8.0_102'
Driver info: com.kms.katalon.selenium.driver.CChromeDriver
Capabilities {acceptSslCerts: true, applicationCacheEnabled: false, browserConnectionEnabled: false, browserName: chrome, chrome: {chromedriverVersion: 2.33.506120 (e3e53437346286..., userDataDir: C:\Users\GDC\AppData\Local\...}, cssSelectorsEnabled: true, databaseEnabled: false, handlesAlerts: true, hasTouchScreen: false, javascriptEnabled: true, locationContextEnabled: true, mobileEmulationEnabled: false, nativeEvents: true, networkConnectionEnabled: false, pageLoadStrategy: normal, platform: XP, platformName: XP, rotatable: false, setWindowRect: true, takesHeapSnapshot: true, takesScreenshot: true, unexpectedAlertBehaviour: , unhandledPromptBehavior: , version: 63.0.3239.132, webStorageEnabled: true}
Session ID: 8df7fc3f6e4dcee06deeecbade18fc5c)
[[ATTACHMENT|C:\\TestProject\\glowing-giggle\\Reports\\CreateVessel\\20180112_124635\\1515750428021.png]]]]></system-out>
         <system-err><![CDATA[2018-01-12 12:46:39 - [TEST_CASE][FAILED] - Test Cases/Work/Vessel/1. Create New Vessel: Test Cases/Work/Vessel/1. Create New Vessel FAILED because (of) Unable to click on object 'Object Repository/GIAP-DC/Vessel/AddVessel/Select' (Root cause: org.openqa.selenium.WebDriverException: unknown error: Element <span class="select2 select2-container select2-container--bootstrap" dir="ltr" style="width: 100px;">...</span> is not clickable at point (617, 435). Other element would receive the click: <div class="blockUI blockOverlay" style="z-index: 1000; border: none; margin: 0px; padding: 0px; width: 100%; height: 100%; top: 0px; left: 0px; background-color: rgb(0, 0, 0); opacity: 0; cursor: default; position: fixed;"></div>
  (Session info: chrome=63.0.3239.132)
  (Driver info: chromedriver=2.33.506120 (e3e53437346286c0bc2d2dc9aa4915ba81d9023f),platform=Windows NT 10.0.16299 x86_64) (WARNING: The server did not provide any stacktrace information)
Command duration or timeout: 0 milliseconds
Build info: version: '3.7.1', revision: '8a0099a', time: '2017-11-06T21:07:36.161Z'
System info: host: 'TAUSHEVIS', ip: '192.168.100.10', os.name: 'Windows 10', os.arch: 'amd64', os.version: '10.0', java.version: '1.8.0_102'
Driver info: com.kms.katalon.selenium.driver.CChromeDriver
Capabilities {acceptSslCerts: true, applicationCacheEnabled: false, browserConnectionEnabled: false, browserName: chrome, chrome: {chromedriverVersion: 2.33.506120 (e3e53437346286..., userDataDir: C:\Users\GDC\AppData\Local\...}, cssSelectorsEnabled: true, databaseEnabled: false, handlesAlerts: true, hasTouchScreen: false, javascriptEnabled: true, locationContextEnabled: true, mobileEmulationEnabled: false, nativeEvents: true, networkConnectionEnabled: false, pageLoadStrategy: normal, platform: XP, platformName: XP, rotatable: false, setWindowRect: true, takesHeapSnapshot: true, takesScreenshot: true, unexpectedAlertBehaviour: , unhandledPromptBehavior: , version: 63.0.3239.132, webStorageEnabled: true}
Session ID: 8df7fc3f6e4dcee06deeecbade18fc5c)]]></system-err>
      </testcase>
      <testcase name="Test Cases/Work/Vessel/3. FillingOperatingParameters" classname="Test Cases/Work/Vessel/3. FillingOperatingParameters" status="FAILED">
         <failure type="FAILED" message="Unable to click on object 'Object Repository/GIAP-DC/Vessel/Operating Parameters/operatingParametersButton' (Root cause: com.kms.katalon.core.webui.exception.WebElementNotFoundException: Web element with id: 'Object Repository/GIAP-DC/Vessel/Operating Parameters/operatingParametersButton' located by 'By.xpath: //button[count(. | //*[@type = 'button']) = count(//*[@type = 'button'])][count(. | //*[text() = 'Параметры эксплуатации']) = count(//*[text() = 'Параметры эксплуатации'])]' not found)"/>
         <system-out><![CDATA[2018-01-12 12:47:08 - [TEST_CASE][FAILED] - Test Cases/Work/Vessel/3. FillingOperatingParameters: Test Cases/Work/Vessel/3. FillingOperatingParameters FAILED because (of) Unable to click on object 'Object Repository/GIAP-DC/Vessel/Operating Parameters/operatingParametersButton' (Root cause: com.kms.katalon.core.webui.exception.WebElementNotFoundException: Web element with id: 'Object Repository/GIAP-DC/Vessel/Operating Parameters/operatingParametersButton' located by 'By.xpath: //button[count(. | //*[@type = 'button']) = count(//*[@type = 'button'])][count(. | //*[text() = 'Параметры эксплуатации']) = count(//*[text() = 'Параметры эксплуатации'])]' not found)

2018-01-12 12:47:08 - [TEST_STEP][PASSED] - comment: Добавляем объект на вкладку "Текущие пространиства"

2018-01-12 12:47:08 - [TEST_STEP][FAILED] - callTestCase: Unable to call Test Case with id 'Test Cases/Work/Vessel/OpParam/Main' (Root cause: Call Test Case 'Test Cases/Work/Vessel/OpParam/Main' failed)

2018-01-12 12:47:08 - [TEST_CASE][FAILED] - Test Cases/Work/Vessel/OpParam/Main: Test Cases/Work/Vessel/OpParam/Main FAILED because (of) Unable to click on object 'Object Repository/GIAP-DC/Vessel/Operating Parameters/operatingParametersButton' (Root cause: com.kms.katalon.core.webui.exception.WebElementNotFoundException: Web element with id: 'Object Repository/GIAP-DC/Vessel/Operating Parameters/operatingParametersButton' located by 'By.xpath: //button[count(. | //*[@type = 'button']) = count(//*[@type = 'button'])][count(. | //*[text() = 'Параметры эксплуатации']) = count(//*[text() = 'Параметры эксплуатации'])]' not found)

2018-01-12 12:47:08 - [TEST_STEP][FAILED] - click: Unable to click on object 'Object Repository/GIAP-DC/Vessel/Operating Parameters/operatingParametersButton' (Root cause: com.kms.katalon.core.webui.exception.WebElementNotFoundException: Web element with id: 'Object Repository/GIAP-DC/Vessel/Operating Parameters/operatingParametersButton' located by 'By.xpath: //button[count(. | //*[@type = 'button']) = count(//*[@type = 'button'])][count(. | //*[text() = 'Параметры эксплуатации']) = count(//*[text() = 'Параметры эксплуатации'])]' not found)

2018-01-12 12:47:27 - [MESSAGE][FAILED] - Unable to click on object 'Object Repository/GIAP-DC/Vessel/Operating Parameters/operatingParametersButton' (Root cause: com.kms.katalon.core.webui.exception.WebElementNotFoundException: Web element with id: 'Object Repository/GIAP-DC/Vessel/Operating Parameters/operatingParametersButton' located by 'By.xpath: //button[count(. | //*[@type = 'button']) = count(//*[@type = 'button'])][count(. | //*[text() = 'Параметры эксплуатации']) = count(//*[text() = 'Параметры эксплуатации'])]' not found)
[[ATTACHMENT|C:\\TestProject\\glowing-giggle\\Reports\\CreateVessel\\20180112_124635\\1515750446984.png]]

2018-01-12 12:47:27 - [MESSAGE][FAILED] - Unable to call Test Case with id 'Test Cases/Work/Vessel/OpParam/Main' (Root cause: Call Test Case 'Test Cases/Work/Vessel/OpParam/Main' failed)]]></system-out>
         <system-err><![CDATA[2018-01-12 12:47:08 - [TEST_CASE][FAILED] - Test Cases/Work/Vessel/3. FillingOperatingParameters: Test Cases/Work/Vessel/3. FillingOperatingParameters FAILED because (of) Unable to click on object 'Object Repository/GIAP-DC/Vessel/Operating Parameters/operatingParametersButton' (Root cause: com.kms.katalon.core.webui.exception.WebElementNotFoundException: Web element with id: 'Object Repository/GIAP-DC/Vessel/Operating Parameters/operatingParametersButton' located by 'By.xpath: //button[count(. | //*[@type = 'button']) = count(//*[@type = 'button'])][count(. | //*[text() = 'Параметры эксплуатации']) = count(//*[text() = 'Параметры эксплуатации'])]' not found)]]></system-err>
      </testcase>
      <system-out><![CDATA[2018-01-12 12:46:38 - [TEST_SUITE][FAILED] - CreateVessel: Test Cases/Work/Vessel/1. Create New Vessel FAILED because (of) Unable to click on object 'Object Repository/GIAP-DC/Vessel/AddVessel/Select' (Root cause: org.openqa.selenium.WebDriverException: unknown error: Element <span class="select2 select2-container select2-container--bootstrap" dir="ltr" style="width: 100px;">...</span> is not clickable at point (617, 435). Other element would receive the click: <div class="blockUI blockOverlay" style="z-index: 1000; border: none; margin: 0px; padding: 0px; width: 100%; height: 100%; top: 0px; left: 0px; background-color: rgb(0, 0, 0); opacity: 0; cursor: default; position: fixed;"></div>
  (Session info: chrome=63.0.3239.132)
  (Driver info: chromedriver=2.33.506120 (e3e53437346286c0bc2d2dc9aa4915ba81d9023f),platform=Windows NT 10.0.16299 x86_64) (WARNING: The server did not provide any stacktrace information)
Command duration or timeout: 0 milliseconds
Build info: version: '3.7.1', revision: '8a0099a', time: '2017-11-06T21:07:36.161Z'
System info: host: 'TAUSHEVIS', ip: '192.168.100.10', os.name: 'Windows 10', os.arch: 'amd64', os.version: '10.0', java.version: '1.8.0_102'
Driver info: com.kms.katalon.selenium.driver.CChromeDriver
Capabilities {acceptSslCerts: true, applicationCacheEnabled: false, browserConnectionEnabled: false, browserName: chrome, chrome: {chromedriverVersion: 2.33.506120 (e3e53437346286..., userDataDir: C:\Users\GDC\AppData\Local\...}, cssSelectorsEnabled: true, databaseEnabled: false, handlesAlerts: true, hasTouchScreen: false, javascriptEnabled: true, locationContextEnabled: true, mobileEmulationEnabled: false, nativeEvents: true, networkConnectionEnabled: false, pageLoadStrategy: normal, platform: XP, platformName: XP, rotatable: false, setWindowRect: true, takesHeapSnapshot: true, takesScreenshot: true, unexpectedAlertBehaviour: , unhandledPromptBehavior: , version: 63.0.3239.132, webStorageEnabled: true}
Session ID: 8df7fc3f6e4dcee06deeecbade18fc5c)]]></system-out>
      <system-err><![CDATA[2018-01-12 12:46:38 - [TEST_SUITE][FAILED] - CreateVessel: Test Cases/Work/Vessel/1. Create New Vessel FAILED because (of) Unable to click on object 'Object Repository/GIAP-DC/Vessel/AddVessel/Select' (Root cause: org.openqa.selenium.WebDriverException: unknown error: Element <span class="select2 select2-container select2-container--bootstrap" dir="ltr" style="width: 100px;">...</span> is not clickable at point (617, 435). Other element would receive the click: <div class="blockUI blockOverlay" style="z-index: 1000; border: none; margin: 0px; padding: 0px; width: 100%; height: 100%; top: 0px; left: 0px; background-color: rgb(0, 0, 0); opacity: 0; cursor: default; position: fixed;"></div>
  (Session info: chrome=63.0.3239.132)
  (Driver info: chromedriver=2.33.506120 (e3e53437346286c0bc2d2dc9aa4915ba81d9023f),platform=Windows NT 10.0.16299 x86_64) (WARNING: The server did not provide any stacktrace information)
Command duration or timeout: 0 milliseconds
Build info: version: '3.7.1', revision: '8a0099a', time: '2017-11-06T21:07:36.161Z'
System info: host: 'TAUSHEVIS', ip: '192.168.100.10', os.name: 'Windows 10', os.arch: 'amd64', os.version: '10.0', java.version: '1.8.0_102'
Driver info: com.kms.katalon.selenium.driver.CChromeDriver
Capabilities {acceptSslCerts: true, applicationCacheEnabled: false, browserConnectionEnabled: false, browserName: chrome, chrome: {chromedriverVersion: 2.33.506120 (e3e53437346286..., userDataDir: C:\Users\GDC\AppData\Local\...}, cssSelectorsEnabled: true, databaseEnabled: false, handlesAlerts: true, hasTouchScreen: false, javascriptEnabled: true, locationContextEnabled: true, mobileEmulationEnabled: false, nativeEvents: true, networkConnectionEnabled: false, pageLoadStrategy: normal, platform: XP, platformName: XP, rotatable: false, setWindowRect: true, takesHeapSnapshot: true, takesScreenshot: true, unexpectedAlertBehaviour: , unhandledPromptBehavior: , version: 63.0.3239.132, webStorageEnabled: true}
Session ID: 8df7fc3f6e4dcee06deeecbade18fc5c)]]></system-err>
   </testsuite>
</testsuites>
