<?xml version="1.0" encoding="UTF-8"?>
<testsuites name="CreateVessel" time="85" tests="0" failures="3" errors="0">
   <testsuite name="CreateVessel" tests="0" failures="3" errors="0" time="85" timestamp="2018-01-12 13:01:13" hostname="GDC - TaushevIS" id="Test Suites/CreateVessel">
      <properties>
         <property name="deviceName" value=""/>
         <property name="devicePlatform" value=""/>
         <property name="logFolder" value="C:\\TestProject\\glowing-giggle\\Reports\\CreateVessel\\20180112_130110"/>
         <property name="logFiles" value="C:\\TestProject\\glowing-giggle\\Reports\\CreateVessel\\20180112_130110\\execution0.log"/>
         <property name="attachments" value="C:\\TestProject\\glowing-giggle\\Reports\\CreateVessel\\20180112_130110\\1515751310254.png, C:\\TestProject\\glowing-giggle\\Reports\\CreateVessel\\20180112_130110\\1515751337729.png, C:\\TestProject\\glowing-giggle\\Reports\\CreateVessel\\20180112_130110\\1515751358115.png"/>
         <property name="hostName" value="GDC - TaushevIS"/>
         <property name="os" value="Windows 10 64bit"/>
         <property name="katalonVersion" value="5.2.0.1"/>
         <property name="browser" value="Chrome 63.0.3239.132"/>
         <property name="hostAddress" value="192.168.100.10"/>
         <property name="sessionId" value="e0409d590b62d2d2b67d8a5663b79348"/>
         <property name="seleniumVersion" value="3.7.1"/>
         <property name="proxyInformation" value="ProxyInformation{proxyOption=NO_PROXY, proxyServerType=HTTP, password=, proxyServerAddress=, proxyServerPort=0}"/>
         <property name="platform" value="Windows 10"/>
      </properties>
      <testcase name="Test Cases/Work/Vessel/1. Create New Vessel" classname="Test Cases/Work/Vessel/1. Create New Vessel" status="FAILED">
         <failure type="FAILED" message="Unable to click on object 'Object Repository/GIAP-DC/Vessel/AddVessel/AddVessel' (Root cause: org.openqa.selenium.ElementNotVisibleException: element not visible
  (Session info: headless chrome=63.0.3239.132)
  (Driver info: chromedriver=2.33.506120 (e3e53437346286c0bc2d2dc9aa4915ba81d9023f),platform=Windows NT 10.0.16299 x86_64) (WARNING: The server did not provide any stacktrace information)
Command duration or timeout: 0 milliseconds
Build info: version: '3.7.1', revision: '8a0099a', time: '2017-11-06T21:07:36.161Z'
System info: host: 'TAUSHEVIS', ip: '192.168.100.10', os.name: 'Windows 10', os.arch: 'amd64', os.version: '10.0', java.version: '1.8.0_102'
Driver info: com.kms.katalon.selenium.driver.CChromeDriver
Capabilities {acceptSslCerts: true, applicationCacheEnabled: false, browserConnectionEnabled: false, browserName: chrome, chrome: {chromedriverVersion: 2.33.506120 (e3e53437346286..., userDataDir: C:\Users\GDC\AppData\Local\...}, cssSelectorsEnabled: true, databaseEnabled: false, handlesAlerts: true, hasTouchScreen: false, javascriptEnabled: true, locationContextEnabled: true, mobileEmulationEnabled: false, nativeEvents: true, networkConnectionEnabled: false, pageLoadStrategy: normal, platform: XP, platformName: XP, rotatable: false, setWindowRect: true, takesHeapSnapshot: true, takesScreenshot: true, unexpectedAlertBehaviour: , unhandledPromptBehavior: , version: 63.0.3239.132, webStorageEnabled: true}
Session ID: e0409d590b62d2d2b67d8a5663b79348)"/>
         <system-out><![CDATA[2018-01-12 13:01:14 - [TEST_CASE][FAILED] - Test Cases/Work/Vessel/1. Create New Vessel: Test Cases/Work/Vessel/1. Create New Vessel FAILED because (of) Unable to click on object 'Object Repository/GIAP-DC/Vessel/AddVessel/AddVessel' (Root cause: org.openqa.selenium.ElementNotVisibleException: element not visible
  (Session info: headless chrome=63.0.3239.132)
  (Driver info: chromedriver=2.33.506120 (e3e53437346286c0bc2d2dc9aa4915ba81d9023f),platform=Windows NT 10.0.16299 x86_64) (WARNING: The server did not provide any stacktrace information)
Command duration or timeout: 0 milliseconds
Build info: version: '3.7.1', revision: '8a0099a', time: '2017-11-06T21:07:36.161Z'
System info: host: 'TAUSHEVIS', ip: '192.168.100.10', os.name: 'Windows 10', os.arch: 'amd64', os.version: '10.0', java.version: '1.8.0_102'
Driver info: com.kms.katalon.selenium.driver.CChromeDriver
Capabilities {acceptSslCerts: true, applicationCacheEnabled: false, browserConnectionEnabled: false, browserName: chrome, chrome: {chromedriverVersion: 2.33.506120 (e3e53437346286..., userDataDir: C:\Users\GDC\AppData\Local\...}, cssSelectorsEnabled: true, databaseEnabled: false, handlesAlerts: true, hasTouchScreen: false, javascriptEnabled: true, locationContextEnabled: true, mobileEmulationEnabled: false, nativeEvents: true, networkConnectionEnabled: false, pageLoadStrategy: normal, platform: XP, platformName: XP, rotatable: false, setWindowRect: true, takesHeapSnapshot: true, takesScreenshot: true, unexpectedAlertBehaviour: , unhandledPromptBehavior: , version: 63.0.3239.132, webStorageEnabled: true}
Session ID: e0409d590b62d2d2b67d8a5663b79348)

2018-01-12 13:01:15 - [TEST_STEP][PASSED] - callTestCase: Call Test Case 'Test Cases/Work/Valid login' successfully

2018-01-12 13:01:15 - [TEST_CASE][PASSED] - Test Cases/Work/Valid login: Test Cases/Work/Valid login

2018-01-12 13:01:15 - [TEST_STEP][PASSED] - openBrowser: Browser is opened with url: 'https://system.misnik.by:8484/index.php'

2018-01-12 13:01:22 - [MESSAGE][PASSED] - Browser is opened with url: 'https://system.misnik.by:8484/index.php'

2018-01-12 13:01:22 - [TEST_STEP][PASSED] - verifyTextPresent: Text 'Вход' is present on page 

2018-01-12 13:01:22 - [MESSAGE][PASSED] - Text 'Вход' is present on page 

2018-01-12 13:01:22 - [TEST_STEP][PASSED] - setText: Text 'TaushevIS' is set on object 'Object Repository/GIAP-DC/loginPage/input_username'

2018-01-12 13:01:23 - [MESSAGE][PASSED] - Text 'TaushevIS' is set on object 'Object Repository/GIAP-DC/loginPage/input_username'

2018-01-12 13:01:23 - [TEST_STEP][PASSED] - setText: Text 'tMYPHSIa' is set on object 'Object Repository/GIAP-DC/loginPage/input_password'

2018-01-12 13:01:23 - [MESSAGE][PASSED] - Text 'tMYPHSIa' is set on object 'Object Repository/GIAP-DC/loginPage/input_password'

2018-01-12 13:01:23 - [TEST_STEP][PASSED] - click: Object: 'Object Repository/GIAP-DC/loginPage/loginButton' is clicked on

2018-01-12 13:01:25 - [MESSAGE][PASSED] - Object: 'Object Repository/GIAP-DC/loginPage/loginButton' is clicked on

2018-01-12 13:01:25 - [TEST_STEP][PASSED] - verifyTextPresent: Text 'Главная' is present on page 

2018-01-12 13:01:25 - [MESSAGE][PASSED] - Text 'Главная' is present on page 

2018-01-12 13:01:25 - [MESSAGE][PASSED] - Call Test Case 'Test Cases/Work/Valid login' successfully

2018-01-12 13:01:25 - [TEST_STEP][PASSED] - click: Object: 'Object Repository/GIAP-DC/Vessel/AddVessel/Vessel' is clicked on

2018-01-12 13:01:28 - [MESSAGE][PASSED] - Object: 'Object Repository/GIAP-DC/Vessel/AddVessel/Vessel' is clicked on

2018-01-12 13:01:28 - [TEST_STEP][PASSED] - waitForJQueryLoad: jQuery is ready.

2018-01-12 13:01:28 - [MESSAGE][WARNING] - Timeout '0' is invalid. Using default page load timeout: '15'

2018-01-12 13:01:33 - [MESSAGE][PASSED] - jQuery is ready.

2018-01-12 13:01:33 - [TEST_STEP][PASSED] - click: Object: 'Object Repository/GIAP-DC/Vessel/AddVessel/Add' is clicked on

2018-01-12 13:01:34 - [MESSAGE][PASSED] - Object: 'Object Repository/GIAP-DC/Vessel/AddVessel/Add' is clicked on

2018-01-12 13:01:34 - [TEST_STEP][PASSED] - verifyElementText: Actual text and expected text of test object 'Object Repository/GIAP-DC/Vessel/AddVessel/h4_' are matched.

2018-01-12 13:01:35 - [MESSAGE][PASSED] - Actual text and expected text of test object 'Object Repository/GIAP-DC/Vessel/AddVessel/h4_' are matched.

2018-01-12 13:01:35 - [TEST_STEP][PASSED] - click: Object: 'Object Repository/GIAP-DC/Vessel/AddVessel/Other' is clicked on

2018-01-12 13:01:35 - [MESSAGE][PASSED] - Object: 'Object Repository/GIAP-DC/Vessel/AddVessel/Other' is clicked on

2018-01-12 13:01:35 - [TEST_STEP][PASSED] - delay: Delayed 3 second(s)

2018-01-12 13:01:39 - [MESSAGE][PASSED] - Delayed 3 second(s)

2018-01-12 13:01:39 - [TEST_STEP][PASSED] - click: Object: 'Object Repository/GIAP-DC/Vessel/AddVessel/Select' is clicked on

2018-01-12 13:01:39 - [MESSAGE][PASSED] - Object: 'Object Repository/GIAP-DC/Vessel/AddVessel/Select' is clicked on

2018-01-12 13:01:39 - [TEST_STEP][PASSED] - delay: Delayed 3 second(s)

2018-01-12 13:01:42 - [MESSAGE][PASSED] - Delayed 3 second(s)

2018-01-12 13:01:42 - [TEST_STEP][PASSED] - click: Object: 'Object Repository/GIAP-DC/Vessel/AddVessel/ABT-4' is clicked on

2018-01-12 13:01:42 - [MESSAGE][PASSED] - Object: 'Object Repository/GIAP-DC/Vessel/AddVessel/ABT-4' is clicked on

2018-01-12 13:01:42 - [TEST_STEP][PASSED] - setText: Text 'test100' is set on object 'Object Repository/GIAP-DC/Vessel/AddVessel/Position'

2018-01-12 13:01:48 - [MESSAGE][PASSED] - Text 'test100' is set on object 'Object Repository/GIAP-DC/Vessel/AddVessel/Position'

2018-01-12 13:01:48 - [TEST_STEP][FAILED] - click: Unable to click on object 'Object Repository/GIAP-DC/Vessel/AddVessel/AddVessel' (Root cause: org.openqa.selenium.ElementNotVisibleException: element not visible
  (Session info: headless chrome=63.0.3239.132)
  (Driver info: chromedriver=2.33.506120 (e3e53437346286c0bc2d2dc9aa4915ba81d9023f),platform=Windows NT 10.0.16299 x86_64) (WARNING: The server did not provide any stacktrace information)
Command duration or timeout: 0 milliseconds
Build info: version: '3.7.1', revision: '8a0099a', time: '2017-11-06T21:07:36.161Z'
System info: host: 'TAUSHEVIS', ip: '192.168.100.10', os.name: 'Windows 10', os.arch: 'amd64', os.version: '10.0', java.version: '1.8.0_102'
Driver info: com.kms.katalon.selenium.driver.CChromeDriver
Capabilities {acceptSslCerts: true, applicationCacheEnabled: false, browserConnectionEnabled: false, browserName: chrome, chrome: {chromedriverVersion: 2.33.506120 (e3e53437346286..., userDataDir: C:\Users\GDC\AppData\Local\...}, cssSelectorsEnabled: true, databaseEnabled: false, handlesAlerts: true, hasTouchScreen: false, javascriptEnabled: true, locationContextEnabled: true, mobileEmulationEnabled: false, nativeEvents: true, networkConnectionEnabled: false, pageLoadStrategy: normal, platform: XP, platformName: XP, rotatable: false, setWindowRect: true, takesHeapSnapshot: true, takesScreenshot: true, unexpectedAlertBehaviour: , unhandledPromptBehavior: , version: 63.0.3239.132, webStorageEnabled: true}
Session ID: e0409d590b62d2d2b67d8a5663b79348)

2018-01-12 13:01:50 - [MESSAGE][FAILED] - Unable to click on object 'Object Repository/GIAP-DC/Vessel/AddVessel/AddVessel' (Root cause: org.openqa.selenium.ElementNotVisibleException: element not visible
  (Session info: headless chrome=63.0.3239.132)
  (Driver info: chromedriver=2.33.506120 (e3e53437346286c0bc2d2dc9aa4915ba81d9023f),platform=Windows NT 10.0.16299 x86_64) (WARNING: The server did not provide any stacktrace information)
Command duration or timeout: 0 milliseconds
Build info: version: '3.7.1', revision: '8a0099a', time: '2017-11-06T21:07:36.161Z'
System info: host: 'TAUSHEVIS', ip: '192.168.100.10', os.name: 'Windows 10', os.arch: 'amd64', os.version: '10.0', java.version: '1.8.0_102'
Driver info: com.kms.katalon.selenium.driver.CChromeDriver
Capabilities {acceptSslCerts: true, applicationCacheEnabled: false, browserConnectionEnabled: false, browserName: chrome, chrome: {chromedriverVersion: 2.33.506120 (e3e53437346286..., userDataDir: C:\Users\GDC\AppData\Local\...}, cssSelectorsEnabled: true, databaseEnabled: false, handlesAlerts: true, hasTouchScreen: false, javascriptEnabled: true, locationContextEnabled: true, mobileEmulationEnabled: false, nativeEvents: true, networkConnectionEnabled: false, pageLoadStrategy: normal, platform: XP, platformName: XP, rotatable: false, setWindowRect: true, takesHeapSnapshot: true, takesScreenshot: true, unexpectedAlertBehaviour: , unhandledPromptBehavior: , version: 63.0.3239.132, webStorageEnabled: true}
Session ID: e0409d590b62d2d2b67d8a5663b79348)
[[ATTACHMENT|C:\\TestProject\\glowing-giggle\\Reports\\CreateVessel\\20180112_130110\\1515751310254.png]]]]></system-out>
         <system-err><![CDATA[2018-01-12 13:01:14 - [TEST_CASE][FAILED] - Test Cases/Work/Vessel/1. Create New Vessel: Test Cases/Work/Vessel/1. Create New Vessel FAILED because (of) Unable to click on object 'Object Repository/GIAP-DC/Vessel/AddVessel/AddVessel' (Root cause: org.openqa.selenium.ElementNotVisibleException: element not visible
  (Session info: headless chrome=63.0.3239.132)
  (Driver info: chromedriver=2.33.506120 (e3e53437346286c0bc2d2dc9aa4915ba81d9023f),platform=Windows NT 10.0.16299 x86_64) (WARNING: The server did not provide any stacktrace information)
Command duration or timeout: 0 milliseconds
Build info: version: '3.7.1', revision: '8a0099a', time: '2017-11-06T21:07:36.161Z'
System info: host: 'TAUSHEVIS', ip: '192.168.100.10', os.name: 'Windows 10', os.arch: 'amd64', os.version: '10.0', java.version: '1.8.0_102'
Driver info: com.kms.katalon.selenium.driver.CChromeDriver
Capabilities {acceptSslCerts: true, applicationCacheEnabled: false, browserConnectionEnabled: false, browserName: chrome, chrome: {chromedriverVersion: 2.33.506120 (e3e53437346286..., userDataDir: C:\Users\GDC\AppData\Local\...}, cssSelectorsEnabled: true, databaseEnabled: false, handlesAlerts: true, hasTouchScreen: false, javascriptEnabled: true, locationContextEnabled: true, mobileEmulationEnabled: false, nativeEvents: true, networkConnectionEnabled: false, pageLoadStrategy: normal, platform: XP, platformName: XP, rotatable: false, setWindowRect: true, takesHeapSnapshot: true, takesScreenshot: true, unexpectedAlertBehaviour: , unhandledPromptBehavior: , version: 63.0.3239.132, webStorageEnabled: true}
Session ID: e0409d590b62d2d2b67d8a5663b79348)]]></system-err>
      </testcase>
      <testcase name="Test Cases/Work/Vessel/2. FillingGeneralInformation" classname="Test Cases/Work/Vessel/2. FillingGeneralInformation" status="FAILED">
         <failure type="FAILED" message="Unable to set text 'Для тестирования' of object 'Object Repository/GIAP-DC/Vessel/GeneralInformationAboutVessel/NameVessel' (Root cause: com.kms.katalon.core.webui.exception.WebElementNotFoundException: Web element with id: 'Object Repository/GIAP-DC/Vessel/GeneralInformationAboutVessel/NameVessel' located by 'By.xpath: //input[count(. | //*[@type = 'text']) = count(//*[@type = 'text'])][count(. | //*[@name = '6324']) = count(//*[@name = '6324'])][count(. | //*[@placeholder = 'Введите строку']) = count(//*[@placeholder = 'Введите строку'])]' not found)"/>
         <system-out><![CDATA[2018-01-12 13:01:50 - [TEST_CASE][FAILED] - Test Cases/Work/Vessel/2. FillingGeneralInformation: Test Cases/Work/Vessel/2. FillingGeneralInformation FAILED because (of) Unable to set text 'Для тестирования' of object 'Object Repository/GIAP-DC/Vessel/GeneralInformationAboutVessel/NameVessel' (Root cause: com.kms.katalon.core.webui.exception.WebElementNotFoundException: Web element with id: 'Object Repository/GIAP-DC/Vessel/GeneralInformationAboutVessel/NameVessel' located by 'By.xpath: //input[count(. | //*[@type = 'text']) = count(//*[@type = 'text'])][count(. | //*[@name = '6324']) = count(//*[@name = '6324'])][count(. | //*[@placeholder = 'Введите строку']) = count(//*[@placeholder = 'Введите строку'])]' not found)

2018-01-12 13:01:50 - [TEST_STEP][NOT_RUN] - callTestCase: NOT_RUN: callTestCase

2018-01-12 13:01:50 - [MESSAGE][NOT_RUN] - NOT_RUN: callTestCase

2018-01-12 13:01:50 - [TEST_STEP][NOT_RUN] - waitForJQueryLoad: NOT_RUN: waitForJQueryLoad

2018-01-12 13:01:50 - [MESSAGE][NOT_RUN] - NOT_RUN: waitForJQueryLoad

2018-01-12 13:01:50 - [TEST_STEP][PASSED] - delay: Delayed 3 second(s)

2018-01-12 13:01:53 - [MESSAGE][PASSED] - Delayed 3 second(s)

2018-01-12 13:01:53 - [TEST_STEP][PASSED] - comment: Заполняем группу параметров "Основное"

2018-01-12 13:01:53 - [TEST_STEP][FAILED] - callTestCase: Unable to call Test Case with id 'Test Cases/Work/Vessel/GenInfo/BasicInfo' (Root cause: Call Test Case 'Test Cases/Work/Vessel/GenInfo/BasicInfo' failed)

2018-01-12 13:01:53 - [TEST_CASE][FAILED] - Test Cases/Work/Vessel/GenInfo/BasicInfo: Test Cases/Work/Vessel/GenInfo/BasicInfo FAILED because (of) Unable to set text 'Для тестирования' of object 'Object Repository/GIAP-DC/Vessel/GeneralInformationAboutVessel/NameVessel' (Root cause: com.kms.katalon.core.webui.exception.WebElementNotFoundException: Web element with id: 'Object Repository/GIAP-DC/Vessel/GeneralInformationAboutVessel/NameVessel' located by 'By.xpath: //input[count(. | //*[@type = 'text']) = count(//*[@type = 'text'])][count(. | //*[@name = '6324']) = count(//*[@name = '6324'])][count(. | //*[@placeholder = 'Введите строку']) = count(//*[@placeholder = 'Введите строку'])]' not found)

2018-01-12 13:01:54 - [TEST_STEP][PASSED] - click: Object: 'Object Repository/GIAP-DC/Vessel/GeneralInformationAboutVessel/TypeVessel' is clicked on

2018-01-12 13:01:54 - [MESSAGE][PASSED] - Object: 'Object Repository/GIAP-DC/Vessel/GeneralInformationAboutVessel/TypeVessel' is clicked on

2018-01-12 13:01:54 - [TEST_STEP][PASSED] - delay: Delayed 3 second(s)

2018-01-12 13:01:57 - [MESSAGE][PASSED] - Delayed 3 second(s)

2018-01-12 13:01:57 - [TEST_STEP][PASSED] - click: Object: 'Object Repository/GIAP-DC/Vessel/GeneralInformationAboutVessel/TypeVesselSelect' is clicked on

2018-01-12 13:01:57 - [MESSAGE][PASSED] - Object: 'Object Repository/GIAP-DC/Vessel/GeneralInformationAboutVessel/TypeVesselSelect' is clicked on

2018-01-12 13:01:57 - [TEST_STEP][FAILED] - setText: Unable to set text 'Для тестирования' of object 'Object Repository/GIAP-DC/Vessel/GeneralInformationAboutVessel/NameVessel' (Root cause: com.kms.katalon.core.webui.exception.WebElementNotFoundException: Web element with id: 'Object Repository/GIAP-DC/Vessel/GeneralInformationAboutVessel/NameVessel' located by 'By.xpath: //input[count(. | //*[@type = 'text']) = count(//*[@type = 'text'])][count(. | //*[@name = '6324']) = count(//*[@name = '6324'])][count(. | //*[@placeholder = 'Введите строку']) = count(//*[@placeholder = 'Введите строку'])]' not found)

2018-01-12 13:02:17 - [MESSAGE][FAILED] - Unable to set text 'Для тестирования' of object 'Object Repository/GIAP-DC/Vessel/GeneralInformationAboutVessel/NameVessel' (Root cause: com.kms.katalon.core.webui.exception.WebElementNotFoundException: Web element with id: 'Object Repository/GIAP-DC/Vessel/GeneralInformationAboutVessel/NameVessel' located by 'By.xpath: //input[count(. | //*[@type = 'text']) = count(//*[@type = 'text'])][count(. | //*[@name = '6324']) = count(//*[@name = '6324'])][count(. | //*[@placeholder = 'Введите строку']) = count(//*[@placeholder = 'Введите строку'])]' not found)
[[ATTACHMENT|C:\\TestProject\\glowing-giggle\\Reports\\CreateVessel\\20180112_130110\\1515751337729.png]]

2018-01-12 13:02:17 - [MESSAGE][FAILED] - Unable to call Test Case with id 'Test Cases/Work/Vessel/GenInfo/BasicInfo' (Root cause: Call Test Case 'Test Cases/Work/Vessel/GenInfo/BasicInfo' failed)]]></system-out>
         <system-err><![CDATA[2018-01-12 13:01:50 - [TEST_CASE][FAILED] - Test Cases/Work/Vessel/2. FillingGeneralInformation: Test Cases/Work/Vessel/2. FillingGeneralInformation FAILED because (of) Unable to set text 'Для тестирования' of object 'Object Repository/GIAP-DC/Vessel/GeneralInformationAboutVessel/NameVessel' (Root cause: com.kms.katalon.core.webui.exception.WebElementNotFoundException: Web element with id: 'Object Repository/GIAP-DC/Vessel/GeneralInformationAboutVessel/NameVessel' located by 'By.xpath: //input[count(. | //*[@type = 'text']) = count(//*[@type = 'text'])][count(. | //*[@name = '6324']) = count(//*[@name = '6324'])][count(. | //*[@placeholder = 'Введите строку']) = count(//*[@placeholder = 'Введите строку'])]' not found)]]></system-err>
      </testcase>
      <testcase name="Test Cases/Work/Vessel/3. FillingOperatingParameters" classname="Test Cases/Work/Vessel/3. FillingOperatingParameters" status="FAILED">
         <failure type="FAILED" message="Unable to click on object 'Object Repository/GIAP-DC/Vessel/Operating Parameters/operatingParametersButton' (Root cause: com.kms.katalon.core.webui.exception.WebElementNotFoundException: Web element with id: 'Object Repository/GIAP-DC/Vessel/Operating Parameters/operatingParametersButton' located by 'By.xpath: //button[count(. | //*[@type = 'button']) = count(//*[@type = 'button'])][count(. | //*[text() = 'Параметры эксплуатации']) = count(//*[text() = 'Параметры эксплуатации'])]' not found)"/>
         <system-out><![CDATA[2018-01-12 13:02:18 - [TEST_CASE][FAILED] - Test Cases/Work/Vessel/3. FillingOperatingParameters: Test Cases/Work/Vessel/3. FillingOperatingParameters FAILED because (of) Unable to click on object 'Object Repository/GIAP-DC/Vessel/Operating Parameters/operatingParametersButton' (Root cause: com.kms.katalon.core.webui.exception.WebElementNotFoundException: Web element with id: 'Object Repository/GIAP-DC/Vessel/Operating Parameters/operatingParametersButton' located by 'By.xpath: //button[count(. | //*[@type = 'button']) = count(//*[@type = 'button'])][count(. | //*[text() = 'Параметры эксплуатации']) = count(//*[text() = 'Параметры эксплуатации'])]' not found)

2018-01-12 13:02:18 - [TEST_STEP][PASSED] - comment: Добавляем объект на вкладку "Текущие пространиства"

2018-01-12 13:02:18 - [TEST_STEP][FAILED] - callTestCase: Unable to call Test Case with id 'Test Cases/Work/Vessel/OpParam/Main' (Root cause: Call Test Case 'Test Cases/Work/Vessel/OpParam/Main' failed)

2018-01-12 13:02:18 - [TEST_CASE][FAILED] - Test Cases/Work/Vessel/OpParam/Main: Test Cases/Work/Vessel/OpParam/Main FAILED because (of) Unable to click on object 'Object Repository/GIAP-DC/Vessel/Operating Parameters/operatingParametersButton' (Root cause: com.kms.katalon.core.webui.exception.WebElementNotFoundException: Web element with id: 'Object Repository/GIAP-DC/Vessel/Operating Parameters/operatingParametersButton' located by 'By.xpath: //button[count(. | //*[@type = 'button']) = count(//*[@type = 'button'])][count(. | //*[text() = 'Параметры эксплуатации']) = count(//*[text() = 'Параметры эксплуатации'])]' not found)

2018-01-12 13:02:18 - [TEST_STEP][FAILED] - click: Unable to click on object 'Object Repository/GIAP-DC/Vessel/Operating Parameters/operatingParametersButton' (Root cause: com.kms.katalon.core.webui.exception.WebElementNotFoundException: Web element with id: 'Object Repository/GIAP-DC/Vessel/Operating Parameters/operatingParametersButton' located by 'By.xpath: //button[count(. | //*[@type = 'button']) = count(//*[@type = 'button'])][count(. | //*[text() = 'Параметры эксплуатации']) = count(//*[text() = 'Параметры эксплуатации'])]' not found)

2018-01-12 13:02:38 - [MESSAGE][FAILED] - Unable to click on object 'Object Repository/GIAP-DC/Vessel/Operating Parameters/operatingParametersButton' (Root cause: com.kms.katalon.core.webui.exception.WebElementNotFoundException: Web element with id: 'Object Repository/GIAP-DC/Vessel/Operating Parameters/operatingParametersButton' located by 'By.xpath: //button[count(. | //*[@type = 'button']) = count(//*[@type = 'button'])][count(. | //*[text() = 'Параметры эксплуатации']) = count(//*[text() = 'Параметры эксплуатации'])]' not found)
[[ATTACHMENT|C:\\TestProject\\glowing-giggle\\Reports\\CreateVessel\\20180112_130110\\1515751358115.png]]

2018-01-12 13:02:38 - [MESSAGE][FAILED] - Unable to call Test Case with id 'Test Cases/Work/Vessel/OpParam/Main' (Root cause: Call Test Case 'Test Cases/Work/Vessel/OpParam/Main' failed)]]></system-out>
         <system-err><![CDATA[2018-01-12 13:02:18 - [TEST_CASE][FAILED] - Test Cases/Work/Vessel/3. FillingOperatingParameters: Test Cases/Work/Vessel/3. FillingOperatingParameters FAILED because (of) Unable to click on object 'Object Repository/GIAP-DC/Vessel/Operating Parameters/operatingParametersButton' (Root cause: com.kms.katalon.core.webui.exception.WebElementNotFoundException: Web element with id: 'Object Repository/GIAP-DC/Vessel/Operating Parameters/operatingParametersButton' located by 'By.xpath: //button[count(. | //*[@type = 'button']) = count(//*[@type = 'button'])][count(. | //*[text() = 'Параметры эксплуатации']) = count(//*[text() = 'Параметры эксплуатации'])]' not found)]]></system-err>
      </testcase>
      <system-out><![CDATA[2018-01-12 13:01:13 - [TEST_SUITE][FAILED] - CreateVessel: Test Cases/Work/Vessel/1. Create New Vessel FAILED because (of) Unable to click on object 'Object Repository/GIAP-DC/Vessel/AddVessel/AddVessel' (Root cause: org.openqa.selenium.ElementNotVisibleException: element not visible
  (Session info: headless chrome=63.0.3239.132)
  (Driver info: chromedriver=2.33.506120 (e3e53437346286c0bc2d2dc9aa4915ba81d9023f),platform=Windows NT 10.0.16299 x86_64) (WARNING: The server did not provide any stacktrace information)
Command duration or timeout: 0 milliseconds
Build info: version: '3.7.1', revision: '8a0099a', time: '2017-11-06T21:07:36.161Z'
System info: host: 'TAUSHEVIS', ip: '192.168.100.10', os.name: 'Windows 10', os.arch: 'amd64', os.version: '10.0', java.version: '1.8.0_102'
Driver info: com.kms.katalon.selenium.driver.CChromeDriver
Capabilities {acceptSslCerts: true, applicationCacheEnabled: false, browserConnectionEnabled: false, browserName: chrome, chrome: {chromedriverVersion: 2.33.506120 (e3e53437346286..., userDataDir: C:\Users\GDC\AppData\Local\...}, cssSelectorsEnabled: true, databaseEnabled: false, handlesAlerts: true, hasTouchScreen: false, javascriptEnabled: true, locationContextEnabled: true, mobileEmulationEnabled: false, nativeEvents: true, networkConnectionEnabled: false, pageLoadStrategy: normal, platform: XP, platformName: XP, rotatable: false, setWindowRect: true, takesHeapSnapshot: true, takesScreenshot: true, unexpectedAlertBehaviour: , unhandledPromptBehavior: , version: 63.0.3239.132, webStorageEnabled: true}
Session ID: e0409d590b62d2d2b67d8a5663b79348)]]></system-out>
      <system-err><![CDATA[2018-01-12 13:01:13 - [TEST_SUITE][FAILED] - CreateVessel: Test Cases/Work/Vessel/1. Create New Vessel FAILED because (of) Unable to click on object 'Object Repository/GIAP-DC/Vessel/AddVessel/AddVessel' (Root cause: org.openqa.selenium.ElementNotVisibleException: element not visible
  (Session info: headless chrome=63.0.3239.132)
  (Driver info: chromedriver=2.33.506120 (e3e53437346286c0bc2d2dc9aa4915ba81d9023f),platform=Windows NT 10.0.16299 x86_64) (WARNING: The server did not provide any stacktrace information)
Command duration or timeout: 0 milliseconds
Build info: version: '3.7.1', revision: '8a0099a', time: '2017-11-06T21:07:36.161Z'
System info: host: 'TAUSHEVIS', ip: '192.168.100.10', os.name: 'Windows 10', os.arch: 'amd64', os.version: '10.0', java.version: '1.8.0_102'
Driver info: com.kms.katalon.selenium.driver.CChromeDriver
Capabilities {acceptSslCerts: true, applicationCacheEnabled: false, browserConnectionEnabled: false, browserName: chrome, chrome: {chromedriverVersion: 2.33.506120 (e3e53437346286..., userDataDir: C:\Users\GDC\AppData\Local\...}, cssSelectorsEnabled: true, databaseEnabled: false, handlesAlerts: true, hasTouchScreen: false, javascriptEnabled: true, locationContextEnabled: true, mobileEmulationEnabled: false, nativeEvents: true, networkConnectionEnabled: false, pageLoadStrategy: normal, platform: XP, platformName: XP, rotatable: false, setWindowRect: true, takesHeapSnapshot: true, takesScreenshot: true, unexpectedAlertBehaviour: , unhandledPromptBehavior: , version: 63.0.3239.132, webStorageEnabled: true}
Session ID: e0409d590b62d2d2b67d8a5663b79348)]]></system-err>
   </testsuite>
</testsuites>
